Log file open, 03/23/17 12:42:12
LogInit:Display: Running engine for game: Primer
LogPlatformFile: Not using cached read wrapper
LogInit:Display: RandInit(-1930737796) SRandInit(-1930737796).
LogTaskGraph: Started task graph with 5 named threads and 8 total threads with 1 sets of task threads.
LogStats: Stats thread started at 0.037819
LogInit: Using libcurl 7.48.0-DEV
LogInit:  - built for x86_64-unknown-linux-gnu
LogInit:  - supports SSL with OpenSSL/1.0.2h
LogInit:  - supports HTTP deflate (compression) using libz 1.2.8
LogInit:  - other features:
LogInit:      CURL_VERSION_SSL
LogInit:      CURL_VERSION_LIBZ
LogInit:      CURL_VERSION_IPV6
LogInit:      CURL_VERSION_ASYNCHDNS
LogInit:      CURL_VERSION_LARGEFILE
LogInit:      CURL_VERSION_TLSAUTH_SRP
LogInit:  Libcurl: checking if '/etc/pki/tls/certs/ca-bundle.crt' exists
LogInit:  Libcurl: checking if '/etc/ssl/certs/ca-certificates.crt' exists
LogInit:  CurlRequestOptions (configurable via config and command line):
LogInit:  - bVerifyPeer = true  - Libcurl will verify peer certificate
LogInit:  - bUseHttpProxy = false  - Libcurl will NOT use HTTP proxy
LogInit:  - bDontReuseConnections = false  - Libcurl will reuse connections
LogInit:  - CertBundlePath = /etc/ssl/certs/ca-certificates.crt  - Libcurl will set CURLOPT_CAINFO to it
LogInit: Build: ++UE4+Release-4.15-CL-0
LogInit: Engine Version: 4.15.1-0+++UE4+Release-4.15
LogInit: Compatible Engine Version: 4.15.0-0+++UE4+Release-4.15
LogInit: Net CL: 0
LogDevObjectVersion: Number of dev versions registered: 14
LogDevObjectVersion:   Dev-Blueprints (B0D832E4-1F89-4F0D-ACCF-7EB736FD4AA2): 8
LogDevObjectVersion:   Dev-Build (E1C64328-A22C-4D53-A36C-8E866417BD8C): 0
LogDevObjectVersion:   Dev-Core (375EC13C-06E4-48FB-B500-84F0262A717E): 2
LogDevObjectVersion:   Dev-Editor (E4B068ED-F494-42E9-A231-DA0B2E46BB41): 14
LogDevObjectVersion:   Dev-Framework (CFFC743F-43B0-4480-9391-14DF171D2073): 22
LogDevObjectVersion:   Dev-Mobile (B02B49B5-BB20-44E9-A304-32B752E40360): 0
LogDevObjectVersion:   Dev-Networking (A4E4105C-59A1-49B5-A7C5-40C4547EDFEE): 0
LogDevObjectVersion:   Dev-Online (39C831C9-5AE6-47DC-9A44-9C173E1C8E7C): 0
LogDevObjectVersion:   Dev-Physics (78F01B33-EBEA-4F98-B9B4-84EACCB95AA2): 0
LogDevObjectVersion:   Dev-Platform (6631380F-2D4D-43E0-8009-CF276956A95A): 0
LogDevObjectVersion:   Dev-Rendering (12F88B9F-8875-4AFC-A67C-D90C383ABD29): 12
LogDevObjectVersion:   Dev-Sequencer (7B5AE74C-D270-4C10-A958-57980B212A5A): 3
LogDevObjectVersion:   Dev-VR (D7296918-1DD6-4BDD-9DE2-64A83CC13884): 0
LogDevObjectVersion:   Dev-LoadTimes (C2A15278-BFE7-4AFE-6C17-90FF531DF755): 1
LogInit: Compiled (64-bit): Mar 18 2017 20:39:32
LogInit: Compiled with Clang: 3.8.1 (tags/RELEASE_381/final)
LogInit: Build Configuration: Development
LogInit: Branch Name: ++UE4+Release-4.15
LogInit: Command line: 
LogInit: Base directory: /home/jason/Documents/_repos/UnrealEngine/4.15/UnrealEngine/Engine/Binaries/Linux/
LogInit: Installed Engine Build: 0
LogInit: Presizing for max 8388607 objects, including 0 objects not considered by GC, pre-allocating 0 bytes for permanent pool.
LogInit: Object subsystem initialized
[2017.03.23-17.42.12:289][  0]LogInit: Initializing SDL.
[2017.03.23-17.42.12:810][  0]LogInit: Initialized SDL 2.0.4 revision: 10374 (hg-10374:dccf51aee79b with EpicExtensions) (compiled against 2.0.4)
[2017.03.23-17.42.12:810][  0]LogInit: Display metrics:
[2017.03.23-17.42.12:810][  0]LogInit:   PrimaryDisplayWidth: 1920
[2017.03.23-17.42.12:810][  0]LogInit:   PrimaryDisplayHeight: 1080
[2017.03.23-17.42.12:810][  0]LogInit:   PrimaryDisplayWorkAreaRect:
[2017.03.23-17.42.12:810][  0]LogInit:     Left=1920, Top=25, Right=3840, Bottom=1080
[2017.03.23-17.42.12:810][  0]LogInit:   VirtualDisplayRect:
[2017.03.23-17.42.12:810][  0]LogInit:     Left=0, Top=0, Right=5520, Bottom=1080
[2017.03.23-17.42.12:810][  0]LogInit:   TitleSafePaddingSize: X=0.000 Y=0.000
[2017.03.23-17.42.12:810][  0]LogInit:   ActionSafePaddingSize: X=0.000 Y=0.000
[2017.03.23-17.42.12:810][  0]LogInit:   Number of monitors: 3
[2017.03.23-17.42.12:810][  0]LogInit:     Monitor 0
[2017.03.23-17.42.12:810][  0]LogInit:       Name: VE247 24"
[2017.03.23-17.42.12:810][  0]LogInit:       ID: display0
[2017.03.23-17.42.12:810][  0]LogInit:       NativeWidth: 1920
[2017.03.23-17.42.12:810][  0]LogInit:       NativeHeight: 1080
[2017.03.23-17.42.12:810][  0]LogInit:       bIsPrimary: true
[2017.03.23-17.42.12:810][  0]LogInit:     Monitor 1
[2017.03.23-17.42.12:810][  0]LogInit:       Name: 1
[2017.03.23-17.42.12:810][  0]LogInit:       ID: display1
[2017.03.23-17.42.12:810][  0]LogInit:       NativeWidth: 1920
[2017.03.23-17.42.12:810][  0]LogInit:       NativeHeight: 1080
[2017.03.23-17.42.12:810][  0]LogInit:       bIsPrimary: false
[2017.03.23-17.42.12:810][  0]LogInit:     Monitor 2
[2017.03.23-17.42.12:810][  0]LogInit:       Name: SyncMaster 22"
[2017.03.23-17.42.12:810][  0]LogInit:       ID: display2
[2017.03.23-17.42.12:810][  0]LogInit:       NativeWidth: 1680
[2017.03.23-17.42.12:810][  0]LogInit:       NativeHeight: 1050
[2017.03.23-17.42.12:810][  0]LogInit:       bIsPrimary: false
[2017.03.23-17.42.12:811][  0]LogLinux: Selected Device Profile: [Linux]
[2017.03.23-17.42.12:811][  0]LogInit: Applying CVar settings loaded from the selected device profile: [Linux]
[2017.03.23-17.42.12:820][  0]LogInit: Linux hardware info:
[2017.03.23-17.42.12:820][  0]LogInit:  - we are the first instance of this executable
[2017.03.23-17.42.12:821][  0]LogInit:  - this process' id (pid) is 10750, parent process' id (ppid) is 3315
[2017.03.23-17.42.12:821][  0]LogInit:  - we are not running under debugger
[2017.03.23-17.42.12:821][  0]LogInit:  - machine network name is 'jason-Xubuntu'
[2017.03.23-17.42.12:821][  0]LogInit:  - user name is 'jason' (jason)
[2017.03.23-17.42.12:821][  0]LogInit:  - we're logged in locally
[2017.03.23-17.42.12:821][  0]LogInit:  - we're running with rendering
[2017.03.23-17.42.12:821][  0]LogInit:  - CPU: GenuineIntel 'Intel(R) Core(TM) i7-4700HQ CPU @ 2.40GHz' (signature: 0x306C3)
[2017.03.23-17.42.12:821][  0]LogInit:  - Number of physical cores available for the process: 4
[2017.03.23-17.42.12:821][  0]LogInit:  - Number of logical cores available for the process: 8
[2017.03.23-17.42.12:821][  0]LogInit:  - Cache line size: 64
[2017.03.23-17.42.12:821][  0]LogInit:  - Memory allocator used: binned
[2017.03.23-17.42.12:821][  0]LogLinux: Benchmarking clocks:
[2017.03.23-17.42.12:821][  0]LogLinux:  - CLOCK_REALTIME (id=0) can sustain 52422388 (52422K, 52M) calls per second without zero deltas.
[2017.03.23-17.42.12:821][  0]LogLinux:  - CLOCK_MONOTONIC (id=1) can sustain 53286551 (53287K, 53M) calls per second without zero deltas.
[2017.03.23-17.42.12:821][  0]LogLinux:  - CLOCK_MONOTONIC_RAW (id=4) can sustain 13648663 (13649K, 14M) calls per second without zero deltas.
[2017.03.23-17.42.12:821][  0]LogLinux:  - CLOCK_MONOTONIC_COARSE (id=6) can sustain 174117340 (174117K, 174M) calls per second with 99.999851% zero deltas.
[2017.03.23-17.42.12:821][  0]LogLinux: Selected clock_id 1 (CLOCK_MONOTONIC) since it is the fastest support clock without zero deltas.
[2017.03.23-17.42.12:821][  0]LogInit: Linux-specific commandline switches:
[2017.03.23-17.42.12:821][  0]LogInit:  -nodwarf (currently OFF): suppress parsing of DWARF debug info (callstacks will be generated faster, but won't have line numbers)
[2017.03.23-17.42.12:821][  0]LogInit:  -ansimalloc - use malloc()/free() from libc (useful for tools like valgrind and electric fence)
[2017.03.23-17.42.12:821][  0]LogInit:  -jemalloc - use jemalloc for all memory allocation
[2017.03.23-17.42.12:821][  0]LogInit:  -binnedmalloc - use binned malloc  for all memory allocation
[2017.03.23-17.42.12:821][  0]LogInit:  -httpproxy=ADDRESS:PORT - redirects HTTP requests to a proxy (only supported if compiled with libcurl)
[2017.03.23-17.42.12:821][  0]LogInit:  -reuseconn - allow libcurl to reuse HTTP connections (only matters if compiled with libcurl)
[2017.03.23-17.42.12:821][  0]LogInit:  -virtmemkb=NUMBER - sets process virtual memory (address space) limit (overrides VirtualMemoryLimitInKB value from .ini)
[2017.03.23-17.42.12:821][  0]LogInit:  - Physical RAM available (not considering process quota): 24 GB (23993 MB, 24569852 KB, 25159528448 bytes)
[2017.03.23-17.42.12:830][  0]LogTextLocalizationManager: No specific translations for ('en-US') exist, so ('en') translations will be used.
[2017.03.23-17.42.14:311][  0]LogRHI: Initializing OpenGL RHI
[2017.03.23-17.42.14:311][  0]LogRHI:   GL_VENDOR: NVIDIA Corporation
[2017.03.23-17.42.14:311][  0]LogRHI:   GL_RENDERER: GeForce GTX 880M/PCIe/SSE2
[2017.03.23-17.42.14:311][  0]LogRHI:   GL_VERSION: 4.3.0 NVIDIA 378.13
[2017.03.23-17.42.14:311][  0]LogRHI:   GL_SHADING_LANGUAGE_VERSION: 4.30 NVIDIA via Cg compiler
[2017.03.23-17.42.14:312][  0]LogRHI: OpenGL Extensions:
[2017.03.23-17.42.14:312][  0]LogRHI:   GL_AMD_multi_draw_indirect
[2017.03.23-17.42.14:312][  0]LogRHI:   GL_AMD_seamless_cubemap_per_texture
[2017.03.23-17.42.14:312][  0]LogRHI:   GL_ARB_arrays_of_arrays
[2017.03.23-17.42.14:312][  0]LogRHI:   GL_ARB_base_instance
[2017.03.23-17.42.14:312][  0]LogRHI:   GL_ARB_bindless_texture
[2017.03.23-17.42.14:312][  0]LogRHI:   GL_ARB_blend_func_extended
[2017.03.23-17.42.14:312][  0]LogRHI:   GL_ARB_buffer_storage
[2017.03.23-17.42.14:312][  0]LogRHI:   GL_ARB_clear_buffer_object
[2017.03.23-17.42.14:312][  0]LogRHI:   GL_ARB_clear_texture
[2017.03.23-17.42.14:312][  0]LogRHI:   GL_ARB_clip_control
[2017.03.23-17.42.14:312][  0]LogRHI:   GL_ARB_color_buffer_float
[2017.03.23-17.42.14:312][  0]LogRHI:   GL_ARB_compressed_texture_pixel_storage
[2017.03.23-17.42.14:312][  0]LogRHI:   GL_ARB_conservative_depth
[2017.03.23-17.42.14:312][  0]LogRHI:   GL_ARB_compute_shader
[2017.03.23-17.42.14:312][  0]LogRHI:   GL_ARB_compute_variable_group_size
[2017.03.23-17.42.14:312][  0]LogRHI:   GL_ARB_conditional_render_inverted
[2017.03.23-17.42.14:312][  0]LogRHI:   GL_ARB_copy_buffer
[2017.03.23-17.42.14:312][  0]LogRHI:   GL_ARB_copy_image
[2017.03.23-17.42.14:312][  0]LogRHI:   GL_ARB_cull_distance
[2017.03.23-17.42.14:312][  0]LogRHI:   GL_ARB_debug_output
[2017.03.23-17.42.14:312][  0]LogRHI:   GL_ARB_depth_buffer_float
[2017.03.23-17.42.14:312][  0]LogRHI:   GL_ARB_depth_clamp
[2017.03.23-17.42.14:312][  0]LogRHI:   GL_ARB_depth_texture
[2017.03.23-17.42.14:312][  0]LogRHI:   GL_ARB_derivative_control
[2017.03.23-17.42.14:312][  0]LogRHI:   GL_ARB_direct_state_access
[2017.03.23-17.42.14:312][  0]LogRHI:   GL_ARB_draw_buffers
[2017.03.23-17.42.14:312][  0]LogRHI:   GL_ARB_draw_buffers_blend
[2017.03.23-17.42.14:312][  0]LogRHI:   GL_ARB_draw_indirect
[2017.03.23-17.42.14:312][  0]LogRHI:   GL_ARB_draw_elements_base_vertex
[2017.03.23-17.42.14:312][  0]LogRHI:   GL_ARB_draw_instanced
[2017.03.23-17.42.14:312][  0]LogRHI:   GL_ARB_enhanced_layouts
[2017.03.23-17.42.14:312][  0]LogRHI:   GL_ARB_ES2_compatibility
[2017.03.23-17.42.14:312][  0]LogRHI:   GL_ARB_ES3_compatibility
[2017.03.23-17.42.14:312][  0]LogRHI:   GL_ARB_ES3_1_compatibility
[2017.03.23-17.42.14:312][  0]LogRHI:   GL_ARB_ES3_2_compatibility
[2017.03.23-17.42.14:312][  0]LogRHI:   GL_ARB_explicit_attrib_location
[2017.03.23-17.42.14:312][  0]LogRHI:   GL_ARB_explicit_uniform_location
[2017.03.23-17.42.14:312][  0]LogRHI:   GL_ARB_fragment_coord_conventions
[2017.03.23-17.42.14:312][  0]LogRHI:   GL_ARB_fragment_layer_viewport
[2017.03.23-17.42.14:312][  0]LogRHI:   GL_ARB_fragment_program
[2017.03.23-17.42.14:312][  0]LogRHI:   GL_ARB_fragment_program_shadow
[2017.03.23-17.42.14:312][  0]LogRHI:   GL_ARB_fragment_shader
[2017.03.23-17.42.14:312][  0]LogRHI:   GL_ARB_framebuffer_no_attachments
[2017.03.23-17.42.14:312][  0]LogRHI:   GL_ARB_framebuffer_object
[2017.03.23-17.42.14:312][  0]LogRHI:   GL_ARB_framebuffer_sRGB
[2017.03.23-17.42.14:312][  0]LogRHI:   GL_ARB_geometry_shader4
[2017.03.23-17.42.14:312][  0]LogRHI:   GL_ARB_get_program_binary
[2017.03.23-17.42.14:312][  0]LogRHI:   GL_ARB_get_texture_sub_image
[2017.03.23-17.42.14:312][  0]LogRHI:   GL_ARB_gl_spirv
[2017.03.23-17.42.14:312][  0]LogRHI:   GL_ARB_gpu_shader5
[2017.03.23-17.42.14:312][  0]LogRHI:   GL_ARB_gpu_shader_fp64
[2017.03.23-17.42.14:312][  0]LogRHI:   GL_ARB_gpu_shader_int64
[2017.03.23-17.42.14:312][  0]LogRHI:   GL_ARB_half_float_pixel
[2017.03.23-17.42.14:312][  0]LogRHI:   GL_ARB_half_float_vertex
[2017.03.23-17.42.14:312][  0]LogRHI:   GL_ARB_imaging
[2017.03.23-17.42.14:312][  0]LogRHI:   GL_ARB_indirect_parameters
[2017.03.23-17.42.14:312][  0]LogRHI:   GL_ARB_instanced_arrays
[2017.03.23-17.42.14:312][  0]LogRHI:   GL_ARB_internalformat_query
[2017.03.23-17.42.14:312][  0]LogRHI:   GL_ARB_internalformat_query2
[2017.03.23-17.42.14:312][  0]LogRHI:   GL_ARB_invalidate_subdata
[2017.03.23-17.42.14:312][  0]LogRHI:   GL_ARB_map_buffer_alignment
[2017.03.23-17.42.14:312][  0]LogRHI:   GL_ARB_map_buffer_range
[2017.03.23-17.42.14:312][  0]LogRHI:   GL_ARB_multi_bind
[2017.03.23-17.42.14:312][  0]LogRHI:   GL_ARB_multi_draw_indirect
[2017.03.23-17.42.14:312][  0]LogRHI:   GL_ARB_multisample
[2017.03.23-17.42.14:312][  0]LogRHI:   GL_ARB_multitexture
[2017.03.23-17.42.14:312][  0]LogRHI:   GL_ARB_occlusion_query
[2017.03.23-17.42.14:312][  0]LogRHI:   GL_ARB_occlusion_query2
[2017.03.23-17.42.14:312][  0]LogRHI:   GL_ARB_parallel_shader_compile
[2017.03.23-17.42.14:312][  0]LogRHI:   GL_ARB_pipeline_statistics_query
[2017.03.23-17.42.14:312][  0]LogRHI:   GL_ARB_pixel_buffer_object
[2017.03.23-17.42.14:312][  0]LogRHI:   GL_ARB_point_parameters
[2017.03.23-17.42.14:312][  0]LogRHI:   GL_ARB_point_sprite
[2017.03.23-17.42.14:312][  0]LogRHI:   GL_ARB_program_interface_query
[2017.03.23-17.42.14:312][  0]LogRHI:   GL_ARB_provoking_vertex
[2017.03.23-17.42.14:312][  0]LogRHI:   GL_ARB_query_buffer_object
[2017.03.23-17.42.14:312][  0]LogRHI:   GL_ARB_robust_buffer_access_behavior
[2017.03.23-17.42.14:312][  0]LogRHI:   GL_ARB_robustness
[2017.03.23-17.42.14:312][  0]LogRHI:   GL_ARB_sample_shading
[2017.03.23-17.42.14:312][  0]LogRHI:   GL_ARB_sampler_objects
[2017.03.23-17.42.14:312][  0]LogRHI:   GL_ARB_seamless_cube_map
[2017.03.23-17.42.14:312][  0]LogRHI:   GL_ARB_seamless_cubemap_per_texture
[2017.03.23-17.42.14:312][  0]LogRHI:   GL_ARB_separate_shader_objects
[2017.03.23-17.42.14:312][  0]LogRHI:   GL_ARB_shader_atomic_counter_ops
[2017.03.23-17.42.14:312][  0]LogRHI:   GL_ARB_shader_atomic_counters
[2017.03.23-17.42.14:312][  0]LogRHI:   GL_ARB_shader_ballot
[2017.03.23-17.42.14:312][  0]LogRHI:   GL_ARB_shader_bit_encoding
[2017.03.23-17.42.14:312][  0]LogRHI:   GL_ARB_shader_clock
[2017.03.23-17.42.14:312][  0]LogRHI:   GL_ARB_shader_draw_parameters
[2017.03.23-17.42.14:312][  0]LogRHI:   GL_ARB_shader_group_vote
[2017.03.23-17.42.14:312][  0]LogRHI:   GL_ARB_shader_image_load_store
[2017.03.23-17.42.14:312][  0]LogRHI:   GL_ARB_shader_image_size
[2017.03.23-17.42.14:312][  0]LogRHI:   GL_ARB_shader_objects
[2017.03.23-17.42.14:312][  0]LogRHI:   GL_ARB_shader_precision
[2017.03.23-17.42.14:313][  0]LogRHI:   GL_ARB_shader_storage_buffer_object
[2017.03.23-17.42.14:313][  0]LogRHI:   GL_ARB_shader_subroutine
[2017.03.23-17.42.14:313][  0]LogRHI:   GL_ARB_shader_texture_image_samples
[2017.03.23-17.42.14:313][  0]LogRHI:   GL_ARB_shader_texture_lod
[2017.03.23-17.42.14:313][  0]LogRHI:   GL_ARB_shading_language_100
[2017.03.23-17.42.14:313][  0]LogRHI:   GL_ARB_shading_language_420pack
[2017.03.23-17.42.14:313][  0]LogRHI:   GL_ARB_shading_language_include
[2017.03.23-17.42.14:313][  0]LogRHI:   GL_ARB_shading_language_packing
[2017.03.23-17.42.14:313][  0]LogRHI:   GL_ARB_shadow
[2017.03.23-17.42.14:313][  0]LogRHI:   GL_ARB_sparse_buffer
[2017.03.23-17.42.14:313][  0]LogRHI:   GL_ARB_sparse_texture
[2017.03.23-17.42.14:313][  0]LogRHI:   GL_ARB_stencil_texturing
[2017.03.23-17.42.14:313][  0]LogRHI:   GL_ARB_sync
[2017.03.23-17.42.14:313][  0]LogRHI:   GL_ARB_tessellation_shader
[2017.03.23-17.42.14:313][  0]LogRHI:   GL_ARB_texture_barrier
[2017.03.23-17.42.14:313][  0]LogRHI:   GL_ARB_texture_border_clamp
[2017.03.23-17.42.14:313][  0]LogRHI:   GL_ARB_texture_buffer_object
[2017.03.23-17.42.14:313][  0]LogRHI:   GL_ARB_texture_buffer_object_rgb32
[2017.03.23-17.42.14:313][  0]LogRHI:   GL_ARB_texture_buffer_range
[2017.03.23-17.42.14:313][  0]LogRHI:   GL_ARB_texture_compression
[2017.03.23-17.42.14:313][  0]LogRHI:   GL_ARB_texture_compression_bptc
[2017.03.23-17.42.14:313][  0]LogRHI:   GL_ARB_texture_compression_rgtc
[2017.03.23-17.42.14:313][  0]LogRHI:   GL_ARB_texture_cube_map
[2017.03.23-17.42.14:313][  0]LogRHI:   GL_ARB_texture_cube_map_array
[2017.03.23-17.42.14:313][  0]LogRHI:   GL_ARB_texture_env_add
[2017.03.23-17.42.14:313][  0]LogRHI:   GL_ARB_texture_env_combine
[2017.03.23-17.42.14:313][  0]LogRHI:   GL_ARB_texture_env_crossbar
[2017.03.23-17.42.14:313][  0]LogRHI:   GL_ARB_texture_env_dot3
[2017.03.23-17.42.14:313][  0]LogRHI:   GL_ARB_texture_float
[2017.03.23-17.42.14:313][  0]LogRHI:   GL_ARB_texture_gather
[2017.03.23-17.42.14:313][  0]LogRHI:   GL_ARB_texture_mirror_clamp_to_edge
[2017.03.23-17.42.14:313][  0]LogRHI:   GL_ARB_texture_mirrored_repeat
[2017.03.23-17.42.14:313][  0]LogRHI:   GL_ARB_texture_multisample
[2017.03.23-17.42.14:313][  0]LogRHI:   GL_ARB_texture_non_power_of_two
[2017.03.23-17.42.14:313][  0]LogRHI:   GL_ARB_texture_query_levels
[2017.03.23-17.42.14:313][  0]LogRHI:   GL_ARB_texture_query_lod
[2017.03.23-17.42.14:313][  0]LogRHI:   GL_ARB_texture_rectangle
[2017.03.23-17.42.14:313][  0]LogRHI:   GL_ARB_texture_rg
[2017.03.23-17.42.14:313][  0]LogRHI:   GL_ARB_texture_rgb10_a2ui
[2017.03.23-17.42.14:313][  0]LogRHI:   GL_ARB_texture_stencil8
[2017.03.23-17.42.14:313][  0]LogRHI:   GL_ARB_texture_storage
[2017.03.23-17.42.14:313][  0]LogRHI:   GL_ARB_texture_storage_multisample
[2017.03.23-17.42.14:313][  0]LogRHI:   GL_ARB_texture_swizzle
[2017.03.23-17.42.14:313][  0]LogRHI:   GL_ARB_texture_view
[2017.03.23-17.42.14:313][  0]LogRHI:   GL_ARB_timer_query
[2017.03.23-17.42.14:313][  0]LogRHI:   GL_ARB_transform_feedback2
[2017.03.23-17.42.14:313][  0]LogRHI:   GL_ARB_transform_feedback3
[2017.03.23-17.42.14:313][  0]LogRHI:   GL_ARB_transform_feedback_instanced
[2017.03.23-17.42.14:313][  0]LogRHI:   GL_ARB_transform_feedback_overflow_query
[2017.03.23-17.42.14:313][  0]LogRHI:   GL_ARB_transpose_matrix
[2017.03.23-17.42.14:313][  0]LogRHI:   GL_ARB_uniform_buffer_object
[2017.03.23-17.42.14:313][  0]LogRHI:   GL_ARB_vertex_array_bgra
[2017.03.23-17.42.14:313][  0]LogRHI:   GL_ARB_vertex_array_object
[2017.03.23-17.42.14:313][  0]LogRHI:   GL_ARB_vertex_attrib_64bit
[2017.03.23-17.42.14:313][  0]LogRHI:   GL_ARB_vertex_attrib_binding
[2017.03.23-17.42.14:313][  0]LogRHI:   GL_ARB_vertex_buffer_object
[2017.03.23-17.42.14:313][  0]LogRHI:   GL_ARB_vertex_program
[2017.03.23-17.42.14:313][  0]LogRHI:   GL_ARB_vertex_shader
[2017.03.23-17.42.14:313][  0]LogRHI:   GL_ARB_vertex_type_10f_11f_11f_rev
[2017.03.23-17.42.14:313][  0]LogRHI:   GL_ARB_vertex_type_2_10_10_10_rev
[2017.03.23-17.42.14:313][  0]LogRHI:   GL_ARB_viewport_array
[2017.03.23-17.42.14:313][  0]LogRHI:   GL_ARB_window_pos
[2017.03.23-17.42.14:313][  0]LogRHI:   GL_ATI_draw_buffers
[2017.03.23-17.42.14:313][  0]LogRHI:   GL_ATI_texture_float
[2017.03.23-17.42.14:313][  0]LogRHI:   GL_ATI_texture_mirror_once
[2017.03.23-17.42.14:313][  0]LogRHI:   GL_S3_s3tc
[2017.03.23-17.42.14:313][  0]LogRHI:   GL_EXT_texture_env_add
[2017.03.23-17.42.14:313][  0]LogRHI:   GL_EXT_abgr
[2017.03.23-17.42.14:313][  0]LogRHI:   GL_EXT_bgra
[2017.03.23-17.42.14:313][  0]LogRHI:   GL_EXT_bindable_uniform
[2017.03.23-17.42.14:313][  0]LogRHI:   GL_EXT_blend_color
[2017.03.23-17.42.14:313][  0]LogRHI:   GL_EXT_blend_equation_separate
[2017.03.23-17.42.14:313][  0]LogRHI:   GL_EXT_blend_func_separate
[2017.03.23-17.42.14:313][  0]LogRHI:   GL_EXT_blend_minmax
[2017.03.23-17.42.14:313][  0]LogRHI:   GL_EXT_blend_subtract
[2017.03.23-17.42.14:313][  0]LogRHI:   GL_EXT_compiled_vertex_array
[2017.03.23-17.42.14:313][  0]LogRHI:   GL_EXT_Cg_shader
[2017.03.23-17.42.14:313][  0]LogRHI:   GL_EXT_depth_bounds_test
[2017.03.23-17.42.14:313][  0]LogRHI:   GL_EXT_direct_state_access
[2017.03.23-17.42.14:313][  0]LogRHI:   GL_EXT_draw_buffers2
[2017.03.23-17.42.14:313][  0]LogRHI:   GL_EXT_draw_instanced
[2017.03.23-17.42.14:313][  0]LogRHI:   GL_EXT_draw_range_elements
[2017.03.23-17.42.14:313][  0]LogRHI:   GL_EXT_fog_coord
[2017.03.23-17.42.14:313][  0]LogRHI:   GL_EXT_framebuffer_blit
[2017.03.23-17.42.14:313][  0]LogRHI:   GL_EXT_framebuffer_multisample
[2017.03.23-17.42.14:313][  0]LogRHI:   GL_EXTX_framebuffer_mixed_formats
[2017.03.23-17.42.14:313][  0]LogRHI:   GL_EXT_framebuffer_multisample_blit_scaled
[2017.03.23-17.42.14:313][  0]LogRHI:   GL_EXT_framebuffer_object
[2017.03.23-17.42.14:313][  0]LogRHI:   GL_EXT_framebuffer_sRGB
[2017.03.23-17.42.14:313][  0]LogRHI:   GL_EXT_geometry_shader4
[2017.03.23-17.42.14:313][  0]LogRHI:   GL_EXT_gpu_program_parameters
[2017.03.23-17.42.14:313][  0]LogRHI:   GL_EXT_gpu_shader4
[2017.03.23-17.42.14:313][  0]LogRHI:   GL_EXT_multi_draw_arrays
[2017.03.23-17.42.14:313][  0]LogRHI:   GL_EXT_packed_depth_stencil
[2017.03.23-17.42.14:313][  0]LogRHI:   GL_EXT_packed_float
[2017.03.23-17.42.14:313][  0]LogRHI:   GL_EXT_packed_pixels
[2017.03.23-17.42.14:313][  0]LogRHI:   GL_EXT_pixel_buffer_object
[2017.03.23-17.42.14:313][  0]LogRHI:   GL_EXT_point_parameters
[2017.03.23-17.42.14:313][  0]LogRHI:   GL_EXT_polygon_offset_clamp
[2017.03.23-17.42.14:313][  0]LogRHI:   GL_EXT_provoking_vertex
[2017.03.23-17.42.14:313][  0]LogRHI:   GL_EXT_rescale_normal
[2017.03.23-17.42.14:313][  0]LogRHI:   GL_EXT_secondary_color
[2017.03.23-17.42.14:313][  0]LogRHI:   GL_EXT_separate_shader_objects
[2017.03.23-17.42.14:313][  0]LogRHI:   GL_EXT_separate_specular_color
[2017.03.23-17.42.14:313][  0]LogRHI:   GL_EXT_shader_image_load_store
[2017.03.23-17.42.14:313][  0]LogRHI:   GL_EXT_shader_integer_mix
[2017.03.23-17.42.14:313][  0]LogRHI:   GL_EXT_shadow_funcs
[2017.03.23-17.42.14:313][  0]LogRHI:   GL_EXT_stencil_two_side
[2017.03.23-17.42.14:313][  0]LogRHI:   GL_EXT_stencil_wrap
[2017.03.23-17.42.14:314][  0]LogRHI:   GL_EXT_texture3D
[2017.03.23-17.42.14:314][  0]LogRHI:   GL_EXT_texture_array
[2017.03.23-17.42.14:314][  0]LogRHI:   GL_EXT_texture_buffer_object
[2017.03.23-17.42.14:314][  0]LogRHI:   GL_EXT_texture_compression_dxt1
[2017.03.23-17.42.14:314][  0]LogRHI:   GL_EXT_texture_compression_latc
[2017.03.23-17.42.14:314][  0]LogRHI:   GL_EXT_texture_compression_rgtc
[2017.03.23-17.42.14:314][  0]LogRHI:   GL_EXT_texture_compression_s3tc
[2017.03.23-17.42.14:314][  0]LogRHI:   GL_EXT_texture_cube_map
[2017.03.23-17.42.14:314][  0]LogRHI:   GL_EXT_texture_edge_clamp
[2017.03.23-17.42.14:314][  0]LogRHI:   GL_EXT_texture_env_combine
[2017.03.23-17.42.14:314][  0]LogRHI:   GL_EXT_texture_env_dot3
[2017.03.23-17.42.14:314][  0]LogRHI:   GL_EXT_texture_filter_anisotropic
[2017.03.23-17.42.14:314][  0]LogRHI:   GL_EXT_texture_integer
[2017.03.23-17.42.14:314][  0]LogRHI:   GL_EXT_texture_lod
[2017.03.23-17.42.14:314][  0]LogRHI:   GL_EXT_texture_lod_bias
[2017.03.23-17.42.14:314][  0]LogRHI:   GL_EXT_texture_mirror_clamp
[2017.03.23-17.42.14:314][  0]LogRHI:   GL_EXT_texture_object
[2017.03.23-17.42.14:314][  0]LogRHI:   GL_EXT_texture_shared_exponent
[2017.03.23-17.42.14:314][  0]LogRHI:   GL_EXT_texture_sRGB
[2017.03.23-17.42.14:314][  0]LogRHI:   GL_EXT_texture_sRGB_decode
[2017.03.23-17.42.14:314][  0]LogRHI:   GL_EXT_texture_storage
[2017.03.23-17.42.14:314][  0]LogRHI:   GL_EXT_texture_swizzle
[2017.03.23-17.42.14:314][  0]LogRHI:   GL_EXT_timer_query
[2017.03.23-17.42.14:314][  0]LogRHI:   GL_EXT_transform_feedback2
[2017.03.23-17.42.14:314][  0]LogRHI:   GL_EXT_vertex_array
[2017.03.23-17.42.14:314][  0]LogRHI:   GL_EXT_vertex_array_bgra
[2017.03.23-17.42.14:314][  0]LogRHI:   GL_EXT_vertex_attrib_64bit
[2017.03.23-17.42.14:314][  0]LogRHI:   GL_EXT_window_rectangles
[2017.03.23-17.42.14:314][  0]LogRHI:   GL_EXT_x11_sync_object
[2017.03.23-17.42.14:314][  0]LogRHI:   GL_EXT_import_sync_object
[2017.03.23-17.42.14:314][  0]LogRHI:   GL_NV_robustness_video_memory_purge
[2017.03.23-17.42.14:314][  0]LogRHI:   GL_IBM_rasterpos_clip
[2017.03.23-17.42.14:314][  0]LogRHI:   GL_IBM_texture_mirrored_repeat
[2017.03.23-17.42.14:314][  0]LogRHI:   GL_KHR_context_flush_control
[2017.03.23-17.42.14:314][  0]LogRHI:   GL_KHR_debug
[2017.03.23-17.42.14:314][  0]LogRHI:   GL_KHR_no_error
[2017.03.23-17.42.14:314][  0]LogRHI:   GL_KHR_robust_buffer_access_behavior
[2017.03.23-17.42.14:314][  0]LogRHI:   GL_KHR_robustness
[2017.03.23-17.42.14:314][  0]LogRHI:   GL_KTX_buffer_region
[2017.03.23-17.42.14:314][  0]LogRHI:   GL_NV_alpha_to_coverage_dither_control
[2017.03.23-17.42.14:314][  0]LogRHI:   GL_NV_bindless_multi_draw_indirect
[2017.03.23-17.42.14:314][  0]LogRHI:   GL_NV_bindless_multi_draw_indirect_count
[2017.03.23-17.42.14:314][  0]LogRHI:   GL_NV_bindless_texture
[2017.03.23-17.42.14:314][  0]LogRHI:   GL_NV_blend_equation_advanced
[2017.03.23-17.42.14:314][  0]LogRHI:   GL_NV_blend_square
[2017.03.23-17.42.14:314][  0]LogRHI:   GL_NV_command_list
[2017.03.23-17.42.14:314][  0]LogRHI:   GL_NV_compute_program5
[2017.03.23-17.42.14:314][  0]LogRHI:   GL_NV_conditional_render
[2017.03.23-17.42.14:314][  0]LogRHI:   GL_NV_copy_depth_to_color
[2017.03.23-17.42.14:314][  0]LogRHI:   GL_NV_copy_image
[2017.03.23-17.42.14:314][  0]LogRHI:   GL_NV_depth_buffer_float
[2017.03.23-17.42.14:314][  0]LogRHI:   GL_NV_depth_clamp
[2017.03.23-17.42.14:314][  0]LogRHI:   GL_NV_draw_texture
[2017.03.23-17.42.14:314][  0]LogRHI:   GL_NV_draw_vulkan_image
[2017.03.23-17.42.14:314][  0]LogRHI:   GL_NV_ES1_1_compatibility
[2017.03.23-17.42.14:314][  0]LogRHI:   GL_NV_ES3_1_compatibility
[2017.03.23-17.42.14:314][  0]LogRHI:   GL_NV_explicit_multisample
[2017.03.23-17.42.14:314][  0]LogRHI:   GL_NV_fence
[2017.03.23-17.42.14:314][  0]LogRHI:   GL_NV_float_buffer
[2017.03.23-17.42.14:314][  0]LogRHI:   GL_NV_fog_distance
[2017.03.23-17.42.14:314][  0]LogRHI:   GL_NV_fragment_program
[2017.03.23-17.42.14:314][  0]LogRHI:   GL_NV_fragment_program_option
[2017.03.23-17.42.14:314][  0]LogRHI:   GL_NV_fragment_program2
[2017.03.23-17.42.14:314][  0]LogRHI:   GL_NV_framebuffer_multisample_coverage
[2017.03.23-17.42.14:314][  0]LogRHI:   GL_NV_geometry_shader4
[2017.03.23-17.42.14:314][  0]LogRHI:   GL_NV_gpu_program4
[2017.03.23-17.42.14:314][  0]LogRHI:   GL_NV_internalformat_sample_query
[2017.03.23-17.42.14:314][  0]LogRHI:   GL_NV_gpu_program4_1
[2017.03.23-17.42.14:314][  0]LogRHI:   GL_NV_gpu_program5
[2017.03.23-17.42.14:314][  0]LogRHI:   GL_NV_gpu_program5_mem_extended
[2017.03.23-17.42.14:314][  0]LogRHI:   GL_NV_gpu_program_fp64
[2017.03.23-17.42.14:314][  0]LogRHI:   GL_NV_gpu_shader5
[2017.03.23-17.42.14:314][  0]LogRHI:   GL_NV_half_float
[2017.03.23-17.42.14:314][  0]LogRHI:   GL_NV_light_max_exponent
[2017.03.23-17.42.14:314][  0]LogRHI:   GL_NV_multisample_coverage
[2017.03.23-17.42.14:314][  0]LogRHI:   GL_NV_multisample_filter_hint
[2017.03.23-17.42.14:314][  0]LogRHI:   GL_NV_occlusion_query
[2017.03.23-17.42.14:314][  0]LogRHI:   GL_NV_packed_depth_stencil
[2017.03.23-17.42.14:314][  0]LogRHI:   GL_NV_parameter_buffer_object
[2017.03.23-17.42.14:314][  0]LogRHI:   GL_NV_parameter_buffer_object2
[2017.03.23-17.42.14:314][  0]LogRHI:   GL_NV_path_rendering
[2017.03.23-17.42.14:314][  0]LogRHI:   GL_NV_pixel_data_range
[2017.03.23-17.42.14:314][  0]LogRHI:   GL_NV_point_sprite
[2017.03.23-17.42.14:314][  0]LogRHI:   GL_NV_primitive_restart
[2017.03.23-17.42.14:314][  0]LogRHI:   GL_NV_register_combiners
[2017.03.23-17.42.14:314][  0]LogRHI:   GL_NV_register_combiners2
[2017.03.23-17.42.14:314][  0]LogRHI:   GL_NV_shader_atomic_counters
[2017.03.23-17.42.14:314][  0]LogRHI:   GL_NV_shader_atomic_float
[2017.03.23-17.42.14:314][  0]LogRHI:   GL_NV_shader_buffer_load
[2017.03.23-17.42.14:314][  0]LogRHI:   GL_NV_shader_storage_buffer_object
[2017.03.23-17.42.14:314][  0]LogRHI:   GL_NV_texgen_reflection
[2017.03.23-17.42.14:314][  0]LogRHI:   GL_NV_texture_barrier
[2017.03.23-17.42.14:314][  0]LogRHI:   GL_NV_texture_compression_vtc
[2017.03.23-17.42.14:314][  0]LogRHI:   GL_NV_texture_env_combine4
[2017.03.23-17.42.14:314][  0]LogRHI:   GL_NV_texture_multisample
[2017.03.23-17.42.14:314][  0]LogRHI:   GL_NV_texture_rectangle
[2017.03.23-17.42.14:314][  0]LogRHI:   GL_NV_texture_shader
[2017.03.23-17.42.14:314][  0]LogRHI:   GL_NV_texture_shader2
[2017.03.23-17.42.14:314][  0]LogRHI:   GL_NV_texture_shader3
[2017.03.23-17.42.14:314][  0]LogRHI:   GL_NV_transform_feedback
[2017.03.23-17.42.14:314][  0]LogRHI:   GL_NV_transform_feedback2
[2017.03.23-17.42.14:314][  0]LogRHI:   GL_NV_uniform_buffer_unified_memory
[2017.03.23-17.42.14:314][  0]LogRHI:   GL_NV_vdpau_interop
[2017.03.23-17.42.14:314][  0]LogRHI:   GL_NV_vertex_array_range
[2017.03.23-17.42.14:314][  0]LogRHI:   GL_NV_vertex_array_range2
[2017.03.23-17.42.14:314][  0]LogRHI:   GL_NV_vertex_attrib_integer_64bit
[2017.03.23-17.42.14:314][  0]LogRHI:   GL_NV_vertex_buffer_unified_memory
[2017.03.23-17.42.14:314][  0]LogRHI:   GL_NV_vertex_program
[2017.03.23-17.42.14:314][  0]LogRHI:   GL_NV_vertex_program1_1
[2017.03.23-17.42.14:314][  0]LogRHI:   GL_NV_vertex_program2
[2017.03.23-17.42.14:314][  0]LogRHI:   GL_NV_vertex_program2_option
[2017.03.23-17.42.14:315][  0]LogRHI:   GL_NV_vertex_program3
[2017.03.23-17.42.14:315][  0]LogRHI:   GL_NVX_conditional_render
[2017.03.23-17.42.14:315][  0]LogRHI:   GL_NVX_gpu_memory_info
[2017.03.23-17.42.14:315][  0]LogRHI:   GL_NVX_nvenc_interop
[2017.03.23-17.42.14:315][  0]LogRHI:   GL_NV_shader_thread_group
[2017.03.23-17.42.14:315][  0]LogRHI:   GL_NV_shader_thread_shuffle
[2017.03.23-17.42.14:315][  0]LogRHI:   GL_KHR_blend_equation_advanced
[2017.03.23-17.42.14:315][  0]LogRHI:   GL_SGIS_generate_mipmap
[2017.03.23-17.42.14:315][  0]LogRHI:   GL_SGIS_texture_lod
[2017.03.23-17.42.14:315][  0]LogRHI:   GL_SGIX_depth_texture
[2017.03.23-17.42.14:315][  0]LogRHI:   GL_SGIX_shadow
[2017.03.23-17.42.14:315][  0]LogRHI:   GL_SUN_slice_accum
[2017.03.23-17.42.14:316][  0]LogRHI:   GL_MAX_TEXTURE_SIZE: 16384
[2017.03.23-17.42.14:316][  0]LogRHI:   GL_MAX_CUBE_MAP_TEXTURE_SIZE: 16384
[2017.03.23-17.42.14:316][  0]LogRHI:   GL_MAX_ARRAY_TEXTURE_LAYERS: 2048
[2017.03.23-17.42.14:316][  0]LogRHI:   GL_MAX_3D_TEXTURE_SIZE: 2048
[2017.03.23-17.42.14:316][  0]LogRHI:   GL_MAX_RENDERBUFFER_SIZE: 16384
[2017.03.23-17.42.14:316][  0]LogRHI:   GL_MAX_TEXTURE_IMAGE_UNITS: 32
[2017.03.23-17.42.14:316][  0]LogRHI:   GL_MAX_DRAW_BUFFERS: 8
[2017.03.23-17.42.14:316][  0]LogRHI:   GL_MAX_COLOR_ATTACHMENTS: 8
[2017.03.23-17.42.14:316][  0]LogRHI:   GL_MAX_SAMPLES: 32
[2017.03.23-17.42.14:322][  0]LogRHI:   GL_MAX_COLOR_TEXTURE_SAMPLES: 32
[2017.03.23-17.42.14:322][  0]LogRHI:   GL_MAX_DEPTH_TEXTURE_SAMPLES: 32
[2017.03.23-17.42.14:322][  0]LogRHI:   GL_MAX_INTEGER_SAMPLES: 32
[2017.03.23-17.42.14:322][  0]LogRHI:   GL_MAX_COMBINED_TEXTURE_IMAGE_UNITS: 192
[2017.03.23-17.42.14:322][  0]LogRHI:   GL_MAX_VERTEX_ATTRIBS: 16
[2017.03.23-17.42.14:322][  0]LogRHI:   GL_MAX_TEXTURE_MAX_ANISOTROPY_EXT: 16
[2017.03.23-17.42.14:322][  0]LogRHI: OpenGL MajorVersion = 4, MinorVersion = 3, ShaderPlatform = GLSL_430, FeatureLevel = SM5
[2017.03.23-17.42.14:328][  0]LogRHI: Texture pool is 2867 MB (70% of 4096 MB)
[2017.03.23-17.42.14:328][  0]LogShaderCompilers: Guid format shader working directory is 14 characters bigger than the processId version (../../../../../../Prime/prime/Primer/Intermediate/Shaders/WorkingDirectory/10750/).
[2017.03.23-17.42.14:329][  0]LogShaderCompilers: Cleaned the shader compiler working directory '../../../../../../Prime/prime/Primer/Intermediate/Shaders/tmp/00039B6A0E030C17002A01488D24FED1/'.
[2017.03.23-17.42.14:329][  0]LogShaderCompilers:Display: Using Local Shader Compiler.
[2017.03.23-17.42.17:975][  0]LogTemp:Display: Loaded TP AllDesktopTargetPlatform
[2017.03.23-17.42.18:103][  0]LogTemp:Display: Failed to get target platform HTML5TargetPlatform
[2017.03.23-17.42.18:250][  0]LogTemp:Display: Loaded TP Android_DXTTargetPlatform
[2017.03.23-17.42.18:398][  0]LogTemp:Display: Loaded TP AndroidTargetPlatform
[2017.03.23-17.42.18:545][  0]LogTemp:Display: Loaded TP Android_PVRTCTargetPlatform
[2017.03.23-17.42.19:272][  0]LogTemp:Display: Loaded TP Android_MultiTargetPlatform
[2017.03.23-17.42.19:272][  0]LogTemp:Display: Loaded TP Android_ATCTargetPlatform
[2017.03.23-17.42.19:272][  0]LogTemp:Display: Loaded TP Android_ETC2TargetPlatform
[2017.03.23-17.42.19:272][  0]LogTemp:Display: Loaded TP Android_ASTCTargetPlatform
[2017.03.23-17.42.19:272][  0]LogTemp:Display: Loaded TP Android_ETC1TargetPlatform
[2017.03.23-17.42.19:416][  0]LogTemp:Display: Loaded TP LinuxNoEditorTargetPlatform
[2017.03.23-17.42.19:549][  0]LogTemp:Display: Loaded TP LinuxTargetPlatform
[2017.03.23-17.42.19:692][  0]LogTemp:Display: Loaded TP LinuxClientTargetPlatform
[2017.03.23-17.42.19:838][  0]LogTemp:Display: Loaded TP LinuxServerTargetPlatform
[2017.03.23-17.42.19:838][  0]LogTargetPlatformManager:Display: Building Assets For Linux
[2017.03.23-17.42.20:164][  0]LogDerivedDataCache:Display: Max Cache Size: 512 MB
[2017.03.23-17.42.20:200][  0]LogDerivedDataCache: Loaded boot cache 0.04s 60MB ../../../../../../Prime/prime/Primer/DerivedDataCache/Boot.ddc.
[2017.03.23-17.42.20:200][  0]LogDerivedDataCache:Display: Loaded Boot cache: ../../../../../../Prime/prime/Primer/DerivedDataCache/Boot.ddc
[2017.03.23-17.42.20:200][  0]LogDerivedDataCache: FDerivedDataBackendGraph:  Pak pak cache file ../../../../../../Prime/prime/Primer/DerivedDataCache/DDC.ddp not found, will not use a pak cache.
[2017.03.23-17.42.20:200][  0]LogDerivedDataCache: Unable to find inner node Pak for hierarchical cache Hierarchy.
[2017.03.23-17.42.20:200][  0]LogDerivedDataCache: FDerivedDataBackendGraph:  EnginePak pak cache file ../../../Engine/DerivedDataCache/DDC.ddp not found, will not use a pak cache.
[2017.03.23-17.42.20:200][  0]LogDerivedDataCache: Unable to find inner node EnginePak for hierarchical cache Hierarchy.
[2017.03.23-17.42.20:201][  0]LogDerivedDataCache: Using Local data cache path ../../../Engine/DerivedDataCache: Writable
[2017.03.23-17.42.20:201][  0]LogDerivedDataCache: Shared data cache path not found in *engine.ini, will not use an Shared cache.
[2017.03.23-17.42.20:201][  0]LogDerivedDataCache: Unable to find inner node Shared for hierarchical cache Hierarchy.
[2017.03.23-17.42.20:209][  0]LogSlate: Using Freetype 2.6.0
[2017.03.23-17.42.20:210][  0]LogSlate: SlateFontCache - WITH_FREETYPE: 1, WITH_HARFBUZZ: 0
[2017.03.23-17.42.20:210][  0]LogSlate: SlateFontCache - WITH_FREETYPE: 1, WITH_HARFBUZZ: 0
[2017.03.23-17.42.20:474][  0]LogLinux: Selected Device Profile: [Linux]
[2017.03.23-17.42.20:475][  0]LogContentStreaming: Texture pool size is 0.00 MB
[2017.03.23-17.42.20:921][  0]LogMeshUtilities: Using QuadricMeshReduction for automatic static mesh reduction
[2017.03.23-17.42.20:925][  0]LogMeshUtilities: No automatic skeletal mesh reduction module available
[2017.03.23-17.42.20:925][  0]LogMeshUtilities: No automatic mesh merging module available
[2017.03.23-17.42.20:925][  0]LogMeshUtilities: No distributed automatic mesh merging module available
[2017.03.23-17.42.21:351][  0]LogNetVersion: GetLocalNetworkVersion: CL: 0, ProjectName: primer, ProjectVersion: , EngineNetworkVersion: 2, GameNetworkVersion: 0, NetworkChecksum: 3544936793
[2017.03.23-17.42.21:579][  0]LogAssetRegistry: FAssetRegistry took 0.0004 seconds to start up
[2017.03.23-17.42.21:646][  0]LogPackageLocalizationCache: Processed 3 localized package path(s) for 2 prioritized culture(s) in 0.014684 seconds
[2017.03.23-17.42.21:653][  0]LogUObjectArray: 32343 objects as part of root set at end of initial load.
[2017.03.23-17.42.21:653][  0]LogUObjectAllocator: 7031048 out of 0 bytes used by permanent object pool.
[2017.03.23-17.42.21:653][  0]LogUObjectArray: CloseDisregardForGC: 0/0 objects in disregard for GC pool
[2017.03.23-17.42.21:924][  0]LogHAL: Linux SourceCodeAccessSettings: KDevelopSourceCodeAccessor
[2017.03.23-17.42.25:884][  0]LogUdpMessaging: Initializing bridge on interface 0.0.0.0:0 to multicast group 230.0.0.1:6666.
[2017.03.23-17.42.26:884][  0]LogMaterial: Uniform references updated for custom material expression Custom.
[2017.03.23-17.42.27:948][  0]SourceControl: Info Source control is disabled
[2017.03.23-17.42.27:949][  0]SourceControl: Info Source control is disabled
[2017.03.23-17.42.28:595][  0]SourceControl: Info Source control is disabled
[2017.03.23-17.42.28:602][  0]LogDesktopPlatform: DesktopPlatformLinux is not using LinuxNativeDialogs.
[2017.03.23-17.42.28:763][  0]SourceControl: Info Source control is disabled
[2017.03.23-17.42.31:029][  0]LogEngine: Initializing Engine...
[2017.03.23-17.42.31:624][  0]LogAIModule: Creating AISystem for world Untitled
[2017.03.23-17.42.31:633][  0]LogALAudio: ALAudio device opened : OpenAL Soft
[2017.03.23-17.42.31:634][  0]LogALAudio: AL_VENDOR      : OpenAL Community
[2017.03.23-17.42.31:634][  0]LogALAudio: AL_RENDERER    : OpenAL Soft
[2017.03.23-17.42.31:634][  0]LogALAudio: AL_VERSION     : 1.1 ALSOFT 1.15.1
[2017.03.23-17.42.31:634][  0]LogALAudio: AL_EXTENSIONS  : AL_EXT_ALAW AL_EXT_DOUBLE AL_EXT_EXPONENT_DISTANCE AL_EXT_FLOAT32 AL_EXT_IMA4 AL_EXT_LINEAR_DISTANCE AL_EXT_MCFORMATS AL_EXT_MULAW AL_EXT_MULAW_MCFORMATS AL_EXT_OFFSET AL_EXT_source_distance_model AL_LOKI_quadriphonic AL_SOFT_buffer_samples AL_SOFT_buffer_sub_data AL_SOFTX_deferred_updates AL_SOFT_direct_channels AL_SOFT_loop_points AL_SOFT_source_latency
[2017.03.23-17.42.31:634][  0]LogInit: FAudioDevice initialized.
[2017.03.23-17.42.31:679][  0]LogDerivedDataCache: Saved boot cache 0.04s 60MB ../../../../../../Prime/prime/Primer/DerivedDataCache/Boot.ddc.
[2017.03.23-17.42.31:690][  0]LogInit: Texture streaming: Enabled
[2017.03.23-17.42.32:791][  0]LogEngineSessionManager: EngineSessionManager initialized
[2017.03.23-17.42.33:564][  0]LogInit: Transaction tracking system initialized
[2017.03.23-17.42.34:632][  0]BlueprintLog: New page: Editor Load
[2017.03.23-17.42.37:132][  0]LocalizationService: Info Localization service is disabled
[2017.03.23-17.42.38:284][  0]LogTcpMessaging: Initializing TcpMessaging bridge
[2017.03.23-17.42.39:052][  0]LogConsoleResponse:Display: 
[2017.03.23-17.42.39:159][  0]LogFileCache: Scanning file cache for directory '/home/jason/Documents/_repos/Prime/prime/Primer/Content/' took 0.00s
[2017.03.23-17.42.39:159][  0]LogCook:Display: Max memory allowance for cook 16384mb min free memory 0mb
[2017.03.23-17.42.39:159][  0]LogCook:Display: Mobile HDR setting 1
[2017.03.23-17.42.41:534][  0]SourceControl: Info Source control is disabled
[2017.03.23-17.42.41:535][  0]Cmd: MAP LOAD FILE="../../../../../../Prime/prime/Primer/Content/StarterContent/Maps/Minimal_Default.umap" TEMPLATE=0 SHOWPROGRESS=1 FEATURELEVEL=3
[2017.03.23-17.42.41:535][  0]LightingResults: New page: Lighting Build
[2017.03.23-17.42.41:639][  0]MapCheck: New page: Map Check
[2017.03.23-17.42.41:639][  0]LightingResults: New page: Lighting Build
[2017.03.23-17.42.42:048][  0]LogAIModule: Creating AISystem for world Minimal_Default
[2017.03.23-17.42.42:055][  0]LogEditorServer: Finished looking for orphan Actors (0.000 secs)
[2017.03.23-17.42.42:055][  0]Cmd: MAP CHECKDEP NOCLEARLOG
[2017.03.23-17.42.42:069][  0]MapCheck: Info Map check complete: 0 Error(s), 0 Warning(s), took 14.026ms to complete.
[2017.03.23-17.42.42:069][  0]LogFileHelpers: Loading map 'Minimal_Default' took 0.535
[2017.03.23-17.42.42:393][  0]LogCollectionManager: Loaded 0 collections in 0.001292 seconds
[2017.03.23-17.42.42:409][  0]LogFileCache: Scanning file cache for directory '/home/jason/Documents/_repos/Prime/prime/Primer/Saved/Collections/' took 0.00s
[2017.03.23-17.42.42:410][  0]LogFileCache: Scanning file cache for directory '/home/jason/Documents/_repos/Prime/prime/Primer/Content/Developers/jason/Collections/' took 0.00s
[2017.03.23-17.42.42:410][  0]LogFileCache: Scanning file cache for directory '/home/jason/Documents/_repos/Prime/prime/Primer/Content/Collections/' took 0.00s
[2017.03.23-17.42.42:410][  0]LogContentBrowser: Native class hierarchy populated in 0.0127 seconds. Added 2232 classes and 429 folders.
[2017.03.23-17.42.42:412][  0]LogCollectionManager: Rebuilt the GUID cache for 0 collections in 0.000001 seconds
[2017.03.23-17.42.42:522][  0]LogStats: UGameplayTagsManager::ConstructGameplayTagTree: Construct from data asset -  0.000 s
[2017.03.23-17.42.42:522][  0]LogStats: UGameplayTagsManager::ConstructGameplayTagTree: GameplayTagTreeChangedEvent.Broadcast -  0.000 s
[2017.03.23-17.42.42:664][  0]LogContentBrowser: Native class hierarchy updated for 'WidgetCarousel' in 0.0010 seconds. Added 0 classes and 0 folders.
[2017.03.23-17.42.42:686][  0]LogContentBrowser: Native class hierarchy updated for 'AddContentDialog' in 0.0009 seconds. Added 0 classes and 0 folders.
[2017.03.23-17.42.42:812][  0]LogContentBrowser: Native class hierarchy updated for 'SceneOutliner' in 0.0010 seconds. Added 1 classes and 2 folders.
[2017.03.23-17.42.42:845][  0]LogCrashTracker: Crashtracker disabled due to settings.
[2017.03.23-17.42.42:859][  0]LogUObjectGlobals:Warning: Failed to find object 'Class None.'
[2017.03.23-17.42.43:010][  0]LogContentBrowser: Native class hierarchy updated for 'HierarchicalLODOutliner' in 0.0010 seconds. Added 1 classes and 2 folders.
[2017.03.23-17.42.43:011][  0]LogLoad: (Engine Initialization) Total time: 32.50 seconds
[2017.03.23-17.42.43:011][  0]LogLoad: (Engine Initialization) Total Blueprint compile time: 0.14 seconds
[2017.03.23-17.42.43:011][  0]LogExternalProfiler: No external profilers were discovered.  External profiling features will not be available.
[2017.03.23-17.42.43:347][  0]LogSlate: Took 0.000092 seconds to synchronously load lazily loaded font '../../../Engine/Content/Slate/Fonts/Roboto-Regular.ttf' (155K)
[2017.03.23-17.42.43:356][  0]LogSlate: Took 0.000133 seconds to synchronously load lazily loaded font '../../../Engine/Content/Slate/Fonts/Roboto-Bold.ttf' (160K)
[2017.03.23-17.42.43:360][  0]LogSlate: Took 0.000107 seconds to synchronously load lazily loaded font '../../../Engine/Content/Editor/Slate/Fonts/FontAwesome.ttf' (139K)
[2017.03.23-17.42.43:476][  0]LogRenderer: Reallocating scene render targets to support 1208x556 NumSamples 1 (Frame:2).
[2017.03.23-17.42.43:624][  0]LogLinux: Setting swap interval to 'Immediate'
[2017.03.23-17.42.43:646][  0]LogContentStreaming: Texture pool size now 1000 MB
[2017.03.23-17.42.43:717][  1]LogAssetRegistry: Asset discovery search completed in 22.1386 seconds
[2017.03.23-17.42.43:717][  1]LogCollectionManager: Rebuilt the object cache for 0 collections in 0.000001 seconds (found 0 objects)
[2017.03.23-17.42.43:718][  1]LogCollectionManager: Fixed up redirectors for 0 collections in 0.000120 seconds (updated 0 objects)
[2017.03.23-17.42.44:066][ 17]LogSlate: Took 0.000073 seconds to synchronously load lazily loaded font '../../../Engine/Content/Slate/Fonts/Roboto-Light.ttf' (159K)
[2017.03.23-17.42.44:240][ 37]LogLinux: Setting swap interval to 'Immediate'
[2017.03.23-17.42.47:176][325]LogLinux: Setting swap interval to 'Immediate'
[2017.03.23-17.42.47:711][376]LogSlate: Took 0.000117 seconds to synchronously load lazily loaded font '../../../Engine/Content/Slate/Fonts/Roboto-Light.ttf' (159K)
[2017.03.23-17.44.48:428][312]LogSlate: Took 0.000106 seconds to synchronously load lazily loaded font '../../../Engine/Content/Slate/Fonts/Roboto-Light.ttf' (159K)
[2017.03.23-17.44.48:445][312]LogLinux: Setting swap interval to 'Immediate'
[2017.03.23-17.44.48:539][312]LogAIModule: Creating AISystem for world BasicArena
[2017.03.23-17.44.48:564][312]Cmd: MAP LOAD FILE="../../../../../../Prime/prime/Primer/Content/GameFiles/Maps/BasicArena.umap" TEMPLATE=0 SHOWPROGRESS=1 FEATURELEVEL=3
[2017.03.23-17.44.48:564][312]LightingResults: New page: Lighting Build
[2017.03.23-17.44.48:566][312]LoadErrors: New page: Loading map: BasicArena.umap
[2017.03.23-17.44.48:567][312]MapCheck: New page: Map Check
[2017.03.23-17.44.48:567][312]LightingResults: New page: Lighting Build
[2017.03.23-17.44.48:605][312]LogEditorServer: Finished looking for orphan Actors (0.000 secs)
[2017.03.23-17.44.48:628][312]Cmd: MAP CHECKDEP NOCLEARLOG
[2017.03.23-17.44.48:643][312]MapCheck: Info Map check complete: 0 Error(s), 0 Warning(s), took 15.062ms to complete.
[2017.03.23-17.44.48:643][312]LogFileHelpers: Loading map 'BasicArena' took 0.080
[2017.03.23-17.44.53:511][750]LogLinux: Setting swap interval to 'Immediate'
[2017.03.23-17.44.54:132][750]LogSlate: Took 0.000117 seconds to synchronously load lazily loaded font '../../../Engine/Content/Slate/Fonts/Roboto-Regular.ttf' (155K)
[2017.03.23-17.44.54:437][750]LogContentBrowser: Native class hierarchy updated for 'BlueprintGraph' in 0.0016 seconds. Added 112 classes and 0 folders.
[2017.03.23-17.44.55:624][752]LogLinux: Setting swap interval to 'Immediate'
[2017.03.23-17.45.01:353][771]LogLinux: Setting swap interval to 'Immediate'
[2017.03.23-17.45.08:959][155]LogLinux: Setting swap interval to 'Immediate'
[2017.03.23-17.45.12:961][510]LogLinux: Setting swap interval to 'Immediate'
[2017.03.23-17.45.14:762][667]BlueprintLog: New page: Compile HeroCharacter
[2017.03.23-17.45.24:949][480]LogLinux: Setting swap interval to 'Immediate'
[2017.03.23-17.45.27:733][741]LogLinux: Setting swap interval to 'Immediate'
[2017.03.23-17.45.28:556][805]LogLinux: Setting swap interval to 'Immediate'
[2017.03.23-17.45.40:853][898]LogLinux: Setting swap interval to 'Immediate'
[2017.03.23-17.45.58:616][ 85]LogLinux: Setting swap interval to 'Immediate'
[2017.03.23-17.45.59:123][ 85]LogSlate: Took 0.000114 seconds to synchronously load lazily loaded font '../../../Engine/Content/Editor/Slate/Fonts/Roboto-BoldCondensed.ttf' (158K)
[2017.03.23-17.45.59:266][ 87]LogLinux: Setting swap interval to 'Immediate'
[2017.03.23-17.46.01:463][256]LogLinux: Setting swap interval to 'Immediate'
[2017.03.23-17.46.01:505][256]Cmd: OBJ SAVEPACKAGE PACKAGE="/Game/GameFiles/Blueprints/Hero/HeroCharacter" FILE="../../../../../../Prime/prime/Primer/Content/GameFiles/Blueprints/Hero/HeroCharacter.uasset" SILENT=true
[2017.03.23-17.46.01:538][256]LogSavePackage: Save=31.45ms
[2017.03.23-17.46.01:538][256]LogSavePackage: Moving '../../../../../../Prime/prime/Primer/Saved/HeroCharacter944B8AA801030C17002E01FA9AAF6846.tmp' to '../../../../../../Prime/prime/Primer/Content/GameFiles/Blueprints/Hero/HeroCharacter.uasset'
[2017.03.23-17.46.01:538][256]LogSavePackage:Display: Finished SavePackage ../../../../../../Prime/prime/Primer/Content/GameFiles/Blueprints/Hero/HeroCharacter.uasset
[2017.03.23-17.46.02:346][317]BlueprintLog: New page: Compile HeroCharacter
[2017.03.23-17.46.09:708][886]LogLinux: Setting swap interval to 'Immediate'
[2017.03.23-17.46.12:327][195]LogLinux: Setting swap interval to 'Immediate'
[2017.03.23-17.46.14:626][459]LogLinux: Setting swap interval to 'Immediate'
[2017.03.23-17.46.15:231][461]LogLinux: Setting swap interval to 'Immediate'
[2017.03.23-17.46.17:549][643]BlueprintLog: New page: Compile HeroCharacter
[2017.03.23-17.46.18:900][734]LogLinux: Setting swap interval to 'Immediate'
[2017.03.23-17.46.18:930][734]Cmd: OBJ SAVEPACKAGE PACKAGE="/Game/GameFiles/Blueprints/Hero/HeroCharacter" FILE="../../../../../../Prime/prime/Primer/Content/GameFiles/Blueprints/Hero/HeroCharacter.uasset" SILENT=true
[2017.03.23-17.46.18:964][734]LogSavePackage: Save=32.92ms
[2017.03.23-17.46.18:964][734]LogSavePackage: Moving '../../../../../../Prime/prime/Primer/Saved/HeroCharacter94A4F32512030C17002E03A39BB95788.tmp' to '../../../../../../Prime/prime/Primer/Content/GameFiles/Blueprints/Hero/HeroCharacter.uasset'
[2017.03.23-17.46.18:964][734]LogSavePackage:Display: Finished SavePackage ../../../../../../Prime/prime/Primer/Content/GameFiles/Blueprints/Hero/HeroCharacter.uasset
[2017.03.23-17.46.22:706][816]LogRenderer: Reallocating scene render targets to support 1208x916 NumSamples 1 (Frame:4957).
[2017.03.23-17.48.34:630][286]LogSlate: Took 0.000136 seconds to synchronously load lazily loaded font '../../../Engine/Content/Editor/Slate/Fonts/Roboto-Italic.ttf' (157K)
[2017.03.23-17.48.49:303][135]LogLinux: Setting swap interval to 'Immediate'
[2017.03.23-17.49.01:473][ 11]LogLinux: Setting swap interval to 'Immediate'
[2017.03.23-17.49.07:081][416]LogLinux: Setting swap interval to 'Immediate'
[2017.03.23-17.54.06:972][704]LogLinux: Setting swap interval to 'Immediate'
[2017.03.23-17.54.51:511][358]LogLinux: Setting swap interval to 'Immediate'
[2017.03.23-17.54.57:533][740]LogLinux: Setting swap interval to 'Immediate'
[2017.03.23-17.54.57:563][740]Cmd: OBJ SAVEPACKAGE PACKAGE="/Game/GameFiles/Blueprints/Hero/HeroCharacter" FILE="../../../../../../Prime/prime/Primer/Content/GameFiles/Blueprints/Hero/HeroCharacter.uasset" SILENT=true
[2017.03.23-17.54.57:603][740]LogSavePackage: Save=38.33ms
[2017.03.23-17.54.57:603][740]LogSavePackage: Moving '../../../../../../Prime/prime/Primer/Saved/HeroCharacter95128DA739030C1700360234BAA30017.tmp' to '../../../../../../Prime/prime/Primer/Content/GameFiles/Blueprints/Hero/HeroCharacter.uasset'
[2017.03.23-17.54.57:604][740]LogSavePackage:Display: Finished SavePackage ../../../../../../Prime/prime/Primer/Content/GameFiles/Blueprints/Hero/HeroCharacter.uasset
[2017.03.23-17.54.57:659][740]LogLinux: Setting swap interval to 'Immediate'
[2017.03.23-17.54.57:663][740]Cmd: OBJ SAVEPACKAGE PACKAGE="/Game/GameFiles/Blueprints/Hero/HeroCharacter" FILE="../../../../../../Prime/prime/Primer/Content/GameFiles/Blueprints/Hero/HeroCharacter.uasset" SILENT=true
[2017.03.23-17.54.57:686][740]LogSavePackage: Save=20.64ms
[2017.03.23-17.54.57:686][740]LogSavePackage: Moving '../../../../../../Prime/prime/Primer/Saved/HeroCharacter9514241039030C1700360299BAA4964B.tmp' to '../../../../../../Prime/prime/Primer/Content/GameFiles/Blueprints/Hero/HeroCharacter.uasset'
[2017.03.23-17.54.57:686][740]LogSavePackage:Display: Finished SavePackage ../../../../../../Prime/prime/Primer/Content/GameFiles/Blueprints/Hero/HeroCharacter.uasset
[2017.03.23-17.54.58:666][793]BlueprintLog: New page: Compile HeroCharacter
[2017.03.23-17.54.59:533][815]LogLinux: Setting swap interval to 'Immediate'
[2017.03.23-17.54.59:565][815]Cmd: OBJ SAVEPACKAGE PACKAGE="/Game/GameFiles/Blueprints/Hero/HeroCharacter" FILE="../../../../../../Prime/prime/Primer/Content/GameFiles/Blueprints/Hero/HeroCharacter.uasset" SILENT=true
[2017.03.23-17.54.59:604][815]LogSavePackage: Save=38.24ms
[2017.03.23-17.54.59:604][815]LogSavePackage: Moving '../../../../../../Prime/prime/Primer/Saved/HeroCharacter953CC3FF3B030C1700360236BAC19509.tmp' to '../../../../../../Prime/prime/Primer/Content/GameFiles/Blueprints/Hero/HeroCharacter.uasset'
[2017.03.23-17.54.59:605][815]LogSavePackage:Display: Finished SavePackage ../../../../../../Prime/prime/Primer/Content/GameFiles/Blueprints/Hero/HeroCharacter.uasset
[2017.03.23-17.55.07:022][ 58]LogLinux: Setting swap interval to 'Immediate'
[2017.03.23-17.55.11:396][488]LogEditorViewport: Clicking on Actor (LMB): SkeletalMeshActor (c1_run)
[2017.03.23-17.55.12:332][589]Cmd: DELETE
[2017.03.23-17.55.12:332][589]Cmd: ACTOR DELETE
[2017.03.23-17.55.12:334][589]LogEditorActor: Deleted Actor: SkeletalMeshActor
[2017.03.23-17.55.12:351][589]LogEditorActor: Deleted 1 Actors (0.019 secs)
[2017.03.23-17.55.13:472][697]LogLinux: Setting swap interval to 'Immediate'
[2017.03.23-17.56.12:441][ 10]LogLinux: Setting swap interval to 'Immediate'
[2017.03.23-17.56.21:302][569]LogLinux: Setting swap interval to 'Immediate'
[2017.03.23-17.56.21:362][569]LogSavePackage: Save=30.95ms
[2017.03.23-17.56.21:362][569]LogSavePackage: Moving '../../../../../../Prime/prime/Primer/Saved/BasicArena_Auto1954838D515030C170038014BBFA13355.tmp' to '../../../../../../Prime/prime/Primer/Saved/Autosaves/Game/GameFiles/Maps/BasicArena_Auto1.umap'
[2017.03.23-17.56.21:362][569]LogSavePackage:Display: Finished SavePackage ../../../../../../Prime/prime/Primer/Saved/Autosaves/Game/GameFiles/Maps/BasicArena_Auto1.umap
[2017.03.23-17.56.21:363][569]LogFileHelpers: Editor autosave (incl. sublevels) for '/Game/GameFiles/Maps/BasicArena' took 0.060
[2017.03.23-17.56.21:363][569]LogFileHelpers: Editor autosave (incl. sublevels) for all levels took 0.060
[2017.03.23-17.56.32:213][799]LogEditorViewport: Clicking Background
[2017.03.23-17.56.43:922][354]LogEditorViewport: Clicking on Actor (LMB): HeroCharacter_C (HeroCharacter)
[2017.03.23-17.56.52:355][779]LogTemp: Repeting last play command: Selected Viewport
[2017.03.23-17.56.52:375][779]LogPlayLevel: PlayLevel: No blueprints needed recompiling
[2017.03.23-17.56.52:375][779]PIE: New page: PIE session: BasicArena (Mar 23, 2017, 7:56:52 AM)
[2017.03.23-17.56.52:375][779]LogPlayLevel: Creating play world package: /Game/GameFiles/Maps/UEDPIE_0_BasicArena
[2017.03.23-17.56.52:378][779]LogPlayLevel: PIE: StaticDuplicateObject took: (0.002999s)
[2017.03.23-17.56.52:379][779]LogAIModule: Creating AISystem for world BasicArena
[2017.03.23-17.56.52:379][779]LogPlayLevel: PIE: World Init took: (0.000656s)
[2017.03.23-17.56.52:379][779]LogPlayLevel: PIE: Created PIE world by copying editor world from /Game/GameFiles/Maps/BasicArena.BasicArena to /Game/GameFiles/Maps/UEDPIE_0_BasicArena.BasicArena (0.003885s)
[2017.03.23-17.56.52:429][779]LogALAudio: ALAudio device opened : OpenAL Soft
[2017.03.23-17.56.52:429][779]LogALAudio: AL_VENDOR      : OpenAL Community
[2017.03.23-17.56.52:429][779]LogALAudio: AL_RENDERER    : OpenAL Soft
[2017.03.23-17.56.52:429][779]LogALAudio: AL_VERSION     : 1.1 ALSOFT 1.15.1
[2017.03.23-17.56.52:429][779]LogALAudio: AL_EXTENSIONS  : AL_EXT_ALAW AL_EXT_DOUBLE AL_EXT_EXPONENT_DISTANCE AL_EXT_FLOAT32 AL_EXT_IMA4 AL_EXT_LINEAR_DISTANCE AL_EXT_MCFORMATS AL_EXT_MULAW AL_EXT_MULAW_MCFORMATS AL_EXT_OFFSET AL_EXT_source_distance_model AL_LOKI_quadriphonic AL_SOFT_buffer_samples AL_SOFT_buffer_sub_data AL_SOFTX_deferred_updates AL_SOFT_direct_channels AL_SOFT_loop_points AL_SOFT_source_latency
[2017.03.23-17.56.52:429][779]LogInit: FAudioDevice initialized.
[2017.03.23-17.56.52:462][779]LogLoad: Game class is 'GameModeBase'
[2017.03.23-17.56.52:466][779]LogWorld: Bringing World /Game/GameFiles/Maps/UEDPIE_0_BasicArena.BasicArena up for play (max tick rate 0) at 2017.03.23-12.56.52
[2017.03.23-17.56.52:482][779]LogWorld: Bringing up level for play took: 0.017776
[2017.03.23-17.56.52:593][779]LogContentBrowser: Native class hierarchy updated for 'MovieSceneCapture' in 0.0011 seconds. Added 11 classes and 0 folders.
[2017.03.23-17.56.52:594][779]PIE: Info Play in editor start time for /Game/GameFiles/Maps/UEDPIE_0_BasicArena 0.225
[2017.03.23-17.57.01:790][836]LogALAudio: Closing ALAudio device : OpenAL Soft
[2017.03.23-17.57.34:358][473]LogLinux: Setting swap interval to 'Immediate'
[2017.03.23-17.57.34:387][473]Cmd: OBJ SAVEPACKAGE PACKAGE="/Game/GameFiles/Blueprints/Hero/HeroCharacter" FILE="../../../../../../Prime/prime/Primer/Content/GameFiles/Blueprints/Hero/HeroCharacter.uasset" SILENT=true
[2017.03.23-17.57.34:422][473]LogSavePackage: Save=33.93ms
[2017.03.23-17.57.34:422][473]LogSavePackage: Moving '../../../../../../Prime/prime/Primer/Saved/HeroCharacter9571E06522030C1700390184C3FBFE13.tmp' to '../../../../../../Prime/prime/Primer/Content/GameFiles/Blueprints/Hero/HeroCharacter.uasset'
[2017.03.23-17.57.34:423][473]LogSavePackage:Display: Finished SavePackage ../../../../../../Prime/prime/Primer/Content/GameFiles/Blueprints/Hero/HeroCharacter.uasset
[2017.03.23-17.57.35:921][645]BlueprintLog: New page: Compile HeroCharacter
[2017.03.23-17.57.36:574][686]LogLinux: Setting swap interval to 'Immediate'
[2017.03.23-17.57.36:604][686]Cmd: OBJ SAVEPACKAGE PACKAGE="/Game/GameFiles/Blueprints/Hero/HeroCharacter" FILE="../../../../../../Prime/prime/Primer/Content/GameFiles/Blueprints/Hero/HeroCharacter.uasset" SILENT=true
[2017.03.23-17.57.36:639][686]LogSavePackage: Save=33.36ms
[2017.03.23-17.57.36:639][686]LogSavePackage: Moving '../../../../../../Prime/prime/Primer/Saved/HeroCharacter9599DB9724030C170039025EC41DC8F9.tmp' to '../../../../../../Prime/prime/Primer/Content/GameFiles/Blueprints/Hero/HeroCharacter.uasset'
[2017.03.23-17.57.36:640][686]LogSavePackage:Display: Finished SavePackage ../../../../../../Prime/prime/Primer/Content/GameFiles/Blueprints/Hero/HeroCharacter.uasset
[2017.03.23-17.57.41:099][100]LogLinux: Setting swap interval to 'Immediate'
[2017.03.23-17.57.41:104][100]Cmd: OBJ SAVEPACKAGE PACKAGE="/Game/GameFiles/Maps/BasicArena" FILE="../../../../../../Prime/prime/Primer/Content/GameFiles/Maps/BasicArena.umap" SILENT=true AUTOSAVING=false KEEPDIRTY=false
[2017.03.23-17.57.41:152][100]LogSavePackage: Save=30.51ms
[2017.03.23-17.57.41:152][100]LogSavePackage: Moving '../../../../../../Prime/prime/Primer/Saved/BasicArena959BCAB729030C1700390079C462B0B5.tmp' to '../../../../../../Prime/prime/Primer/Content/GameFiles/Maps/BasicArena.umap'
[2017.03.23-17.57.41:153][100]LogSavePackage:Display: Finished SavePackage ../../../../../../Prime/prime/Primer/Content/GameFiles/Maps/BasicArena.umap
[2017.03.23-17.57.41:181][100]Cmd: OBJ SAVEPACKAGE PACKAGE="/Game/GameFiles/Maps/BasicArena_BuiltData" FILE="../../../../../../Prime/prime/Primer/Content/GameFiles/Maps/BasicArena_BuiltData.uasset" SILENT=true
[2017.03.23-17.57.41:347][100]LogSavePackage: Save=164.28ms
[2017.03.23-17.57.41:347][100]LogSavePackage: Moving '../../../../../../Prime/prime/Primer/Saved/BasicArena_BuiltData959D43D129030C17003900B7C463A23A.tmp' to '../../../../../../Prime/prime/Primer/Content/GameFiles/Maps/BasicArena_BuiltData.uasset'
[2017.03.23-17.57.41:348][100]LogSavePackage:Display: Finished SavePackage ../../../../../../Prime/prime/Primer/Content/GameFiles/Maps/BasicArena_BuiltData.uasset
[2017.03.23-17.57.52:368][269]LogLinux: Setting swap interval to 'Immediate'
[2017.03.23-17.57.52:397][269]Cmd: OBJ SAVEPACKAGE PACKAGE="/Game/GameFiles/Blueprints/Hero/HeroCharacter" FILE="../../../../../../Prime/prime/Primer/Content/GameFiles/Blueprints/Hero/HeroCharacter.uasset" SILENT=true
[2017.03.23-17.57.52:432][269]LogSavePackage: Save=33.24ms
[2017.03.23-17.57.52:432][269]LogSavePackage: Moving '../../../../../../Prime/prime/Primer/Saved/HeroCharacter959F493834030C170039018FC50ECD2D.tmp' to '../../../../../../Prime/prime/Primer/Content/GameFiles/Blueprints/Hero/HeroCharacter.uasset'
[2017.03.23-17.57.52:433][269]LogSavePackage:Display: Finished SavePackage ../../../../../../Prime/prime/Primer/Content/GameFiles/Blueprints/Hero/HeroCharacter.uasset
[2017.03.23-17.57.53:833][421]BlueprintLog: New page: Compile HeroCharacter
[2017.03.23-17.57.54:577][467]LogLinux: Setting swap interval to 'Immediate'
[2017.03.23-17.57.54:606][467]Cmd: OBJ SAVEPACKAGE PACKAGE="/Game/GameFiles/Blueprints/Hero/HeroCharacter" FILE="../../../../../../Prime/prime/Primer/Content/GameFiles/Blueprints/Hero/HeroCharacter.uasset" SILENT=true
[2017.03.23-17.57.54:642][467]LogSavePackage: Save=34.48ms
[2017.03.23-17.57.54:642][467]LogSavePackage: Moving '../../../../../../Prime/prime/Primer/Saved/HeroCharacter95C79ADB36030C1700390260C5307813.tmp' to '../../../../../../Prime/prime/Primer/Content/GameFiles/Blueprints/Hero/HeroCharacter.uasset'
[2017.03.23-17.57.54:643][467]LogSavePackage:Display: Finished SavePackage ../../../../../../Prime/prime/Primer/Content/GameFiles/Blueprints/Hero/HeroCharacter.uasset
[2017.03.23-17.57.56:668][639]LogLinux: Setting swap interval to 'Immediate'
[2017.03.23-17.57.56:672][639]Cmd: OBJ SAVEPACKAGE PACKAGE="/Game/GameFiles/Maps/BasicArena" FILE="../../../../../../Prime/prime/Primer/Content/GameFiles/Maps/BasicArena.umap" SILENT=true AUTOSAVING=false KEEPDIRTY=false
[2017.03.23-17.57.56:721][639]LogSavePackage: Save=31.01ms
[2017.03.23-17.57.56:721][639]LogSavePackage: Moving '../../../../../../Prime/prime/Primer/Saved/BasicArena95C98FFC38030C17003902B2C5504369.tmp' to '../../../../../../Prime/prime/Primer/Content/GameFiles/Maps/BasicArena.umap'
[2017.03.23-17.57.56:722][639]LogSavePackage:Display: Finished SavePackage ../../../../../../Prime/prime/Primer/Content/GameFiles/Maps/BasicArena.umap
[2017.03.23-17.57.56:749][639]Cmd: OBJ SAVEPACKAGE PACKAGE="/Game/GameFiles/Maps/BasicArena_BuiltData" FILE="../../../../../../Prime/prime/Primer/Content/GameFiles/Maps/BasicArena_BuiltData.uasset" SILENT=true
[2017.03.23-17.57.56:855][639]LogSavePackage: Save=105.03ms
[2017.03.23-17.57.56:855][639]LogSavePackage: Moving '../../../../../../Prime/prime/Primer/Saved/BasicArena_BuiltData95CB8DF838030C17003902EEC55136D9.tmp' to '../../../../../../Prime/prime/Primer/Content/GameFiles/Maps/BasicArena_BuiltData.uasset'
[2017.03.23-17.57.56:856][639]LogSavePackage:Display: Finished SavePackage ../../../../../../Prime/prime/Primer/Content/GameFiles/Maps/BasicArena_BuiltData.uasset
[2017.03.23-18.00.37:277][122]LogLinux: Setting swap interval to 'Immediate'
[2017.03.23-18.00.55:067][807]LogNavigationPoint: PostEditMove Clear paths rebuilt
[2017.03.23-18.00.58:670][154]LogNavigationPoint: PostEditMove Clear paths rebuilt
[2017.03.23-18.01.03:292][585]LogEditorViewport: Clicking on Actor (LMB): PlayerStart (PlayerStart)
[2017.03.23-18.01.03:856][636]LogEditorViewport: Clicking on Actor (LMB): PlayerStart (PlayerStart)
[2017.03.23-18.01.14:643][651]LogNavigationPoint: PostEditMove Clear paths rebuilt
[2017.03.23-18.01.15:413][727]Cmd: TRANSACTION UNDO
[2017.03.23-18.01.15:413][727]LogEditorTransaction: Undo Rotate Actors
[2017.03.23-18.01.15:638][746]LogLinux: Setting swap interval to 'Immediate'
[2017.03.23-18.01.15:757][752]Cmd: TRANSACTION UNDO
[2017.03.23-18.01.15:757][752]LogEditorTransaction: Undo Clicking on Actors
[2017.03.23-18.01.16:213][785]Cmd: TRANSACTION UNDO
[2017.03.23-18.01.16:213][785]LogEditorTransaction: Undo Clicking on Actors
[2017.03.23-18.01.17:309][864]LogEditorViewport: Clicking on Actor (LMB): PlayerStart (PlayerStart)
[2017.03.23-18.01.18:214][929]Cmd: TRANSACTION UNDO
[2017.03.23-18.01.18:214][929]LogEditorTransaction: Undo Clicking on Actors
[2017.03.23-18.01.19:289][  9]Cmd: TRANSACTION UNDO
[2017.03.23-18.01.19:289][  9]LogEditorTransaction: Undo Select Brush Surface
[2017.03.23-18.01.19:835][ 47]Cmd: TRANSACTION UNDO
[2017.03.23-18.01.19:835][ 47]LogEditorTransaction: Undo Select Brush Surface
[2017.03.23-18.01.20:264][ 75]Cmd: TRANSACTION UNDO
[2017.03.23-18.01.20:264][ 75]LogEditorTransaction: Undo Select Brush Surface
[2017.03.23-18.01.23:734][320]Cmd: TRANSACTION REDO
[2017.03.23-18.01.23:734][320]LogEditorTransaction: Redo Select Brush Surface
[2017.03.23-18.01.23:841][321]Cmd: TRANSACTION REDO
[2017.03.23-18.01.23:841][321]LogEditorTransaction: Redo Select Brush Surface
[2017.03.23-18.01.23:888][321]LogLinux: Setting swap interval to 'Immediate'
[2017.03.23-18.01.24:065][333]Cmd: TRANSACTION REDO
[2017.03.23-18.01.24:065][333]LogEditorTransaction: Redo Select Brush Surface
[2017.03.23-18.01.25:004][400]LogLinux: Setting swap interval to 'Immediate'
[2017.03.23-18.01.25:009][400]Cmd: OBJ SAVEPACKAGE PACKAGE="/Game/GameFiles/Maps/BasicArena" FILE="../../../../../../Prime/prime/Primer/Content/GameFiles/Maps/BasicArena.umap" SILENT=true AUTOSAVING=false KEEPDIRTY=false
[2017.03.23-18.01.25:068][400]LogSavePackage: Save=37.64ms
[2017.03.23-18.01.25:068][400]LogSavePackage: Moving '../../../../../../Prime/prime/Primer/Saved/BasicArena961F6E3119030D170001001ED1BB4D6F.tmp' to '../../../../../../Prime/prime/Primer/Content/GameFiles/Maps/BasicArena.umap'
[2017.03.23-18.01.25:069][400]LogSavePackage:Display: Finished SavePackage ../../../../../../Prime/prime/Primer/Content/GameFiles/Maps/BasicArena.umap
[2017.03.23-18.01.25:101][400]Cmd: OBJ SAVEPACKAGE PACKAGE="/Game/GameFiles/Maps/BasicArena_BuiltData" FILE="../../../../../../Prime/prime/Primer/Content/GameFiles/Maps/BasicArena_BuiltData.uasset" SILENT=true
[2017.03.23-18.01.25:195][400]LogSavePackage: Save=93.54ms
[2017.03.23-18.01.25:195][400]LogSavePackage: Moving '../../../../../../Prime/prime/Primer/Saved/BasicArena_BuiltData96218EC119030D1700010066D1BC6541.tmp' to '../../../../../../Prime/prime/Primer/Content/GameFiles/Maps/BasicArena_BuiltData.uasset'
[2017.03.23-18.01.25:196][400]LogSavePackage:Display: Finished SavePackage ../../../../../../Prime/prime/Primer/Content/GameFiles/Maps/BasicArena_BuiltData.uasset
[2017.03.23-18.01.29:344][443]LogEditorViewport: Clicking on Actor (LMB): PlayerStart (PlayerStart)
[2017.03.23-18.01.30:119][527]Cmd: TRANSACTION UNDO
[2017.03.23-18.01.30:119][527]LogEditorTransaction: Undo Clicking on Actors
[2017.03.23-18.01.30:339][542]LogLinux: Setting swap interval to 'Immediate'
[2017.03.23-18.01.32:921][767]LogEditorViewport: Clicking on Actor (LMB): PlayerStart (PlayerStart)
[2017.03.23-18.01.36:077][935]LogNavigationPoint: PostEditMove Clear paths rebuilt
[2017.03.23-18.01.36:668][  4]Cmd: DELETE
[2017.03.23-18.01.36:668][  4]Cmd: ACTOR DELETE
[2017.03.23-18.01.36:669][  4]LogEditorActor: Deleted Actor: PlayerStart
[2017.03.23-18.01.36:689][  4]LogEditorActor: Deleted 1 Actors (0.021 secs)
[2017.03.23-18.01.38:390][193]LogLinux: Setting swap interval to 'Immediate'
[2017.03.23-18.01.42:635][679]LogNavigationPoint: PostEditMove Clear paths rebuilt
[2017.03.23-18.02.02:422][975]LogLinux: Setting swap interval to 'Immediate'
[2017.03.23-18.02.03:790][ 67]LogLinux: Setting swap interval to 'Immediate'
[2017.03.23-18.02.05:933][242]LogLinux: Setting swap interval to 'Immediate'
[2017.03.23-18.02.11:107][642]LogLinux: Setting swap interval to 'Immediate'
[2017.03.23-18.02.11:504][670]LogLinux: Setting swap interval to 'Immediate'
[2017.03.23-18.02.13:251][780]LogLinux: Setting swap interval to 'Immediate'
[2017.03.23-18.02.13:315][780]LogLinux: Setting swap interval to 'Immediate'
[2017.03.23-18.02.18:049][895]LogLinux: Setting swap interval to 'Immediate'
[2017.03.23-18.02.31:680][903]LogLinux: Setting swap interval to 'Immediate'
[2017.03.23-18.02.34:327][137]LogLinux: Setting swap interval to 'Immediate'
[2017.03.23-18.03.14:200][215]LogSlate:Warning: Prevented a slow task dialog from being summoned while a context menu was open
[2017.03.23-18.03.14:237][215]LogLinux: Setting swap interval to 'Immediate'
[2017.03.23-18.03.40:512][544]LogLinux: Setting swap interval to 'Immediate'
[2017.03.23-18.03.45:180][ 49]BlueprintLog: New page: Compile TwinStickMode
[2017.03.23-18.03.45:901][ 98]LogLinux: Setting swap interval to 'Immediate'
[2017.03.23-18.03.45:906][ 98]Cmd: OBJ SAVEPACKAGE PACKAGE="/Game/GameFiles/Blueprints/GameMode/TwinStickMode" FILE="../../../../../../Prime/prime/Primer/Content/GameFiles/Blueprints/GameMode/TwinStickMode.uasset" SILENT=true
[2017.03.23-18.03.45:920][ 98]LogSavePackage: Save=13.15ms
[2017.03.23-18.03.45:920][ 98]LogSavePackage: Moving '../../../../../../Prime/prime/Primer/Saved/TwinStickMode967ED9D92D030D170003038BDA20E195.tmp' to '../../../../../../Prime/prime/Primer/Content/GameFiles/Blueprints/GameMode/TwinStickMode.uasset'
[2017.03.23-18.03.45:922][ 98]LogSavePackage:Display: Finished SavePackage ../../../../../../Prime/prime/Primer/Content/GameFiles/Blueprints/GameMode/TwinStickMode.uasset
[2017.03.23-18.03.53:581][796]LogLinux: Setting swap interval to 'Immediate'
[2017.03.23-18.03.53:585][796]Cmd: OBJ SAVEPACKAGE PACKAGE="/Game/GameFiles/Maps/BasicArena" FILE="../../../../../../Prime/prime/Primer/Content/GameFiles/Maps/BasicArena.umap" SILENT=true AUTOSAVING=false KEEPDIRTY=false
[2017.03.23-18.03.53:642][796]LogSavePackage: Save=36.39ms
[2017.03.23-18.03.53:642][796]LogSavePackage: Moving '../../../../../../Prime/prime/Primer/Saved/BasicArena968ECDBB35030D170003025EDA966760.tmp' to '../../../../../../Prime/prime/Primer/Content/GameFiles/Maps/BasicArena.umap'
[2017.03.23-18.03.53:643][796]LogSavePackage:Display: Finished SavePackage ../../../../../../Prime/prime/Primer/Content/GameFiles/Maps/BasicArena.umap
[2017.03.23-18.03.53:674][796]Cmd: OBJ SAVEPACKAGE PACKAGE="/Game/GameFiles/Maps/BasicArena_BuiltData" FILE="../../../../../../Prime/prime/Primer/Content/GameFiles/Maps/BasicArena_BuiltData.uasset" SILENT=true
[2017.03.23-18.03.53:808][796]LogSavePackage: Save=132.33ms
[2017.03.23-18.03.53:808][796]LogSavePackage: Moving '../../../../../../Prime/prime/Primer/Saved/BasicArena_BuiltData9690606F35030D17000302A4DA977601.tmp' to '../../../../../../Prime/prime/Primer/Content/GameFiles/Maps/BasicArena_BuiltData.uasset'
[2017.03.23-18.03.53:809][796]LogSavePackage:Display: Finished SavePackage ../../../../../../Prime/prime/Primer/Content/GameFiles/Maps/BasicArena_BuiltData.uasset
[2017.03.23-18.03.56:981][ 88]LogLinux: Setting swap interval to 'Immediate'
[2017.03.23-18.04.01:645][259]LogLinux: Setting swap interval to 'Immediate'
[2017.03.23-18.04.01:708][263]LogTemp:Display: Executing iPhonePackager certificates Engine -bundlename com.YourCompany.Primer

[2017.03.23-18.04.01:708][263]LogTemp:Display: CWD: /home/jason/Documents/_repos/UnrealEngine/4.15/UnrealEngine/Engine/Binaries/DotNET/IOS

[2017.03.23-18.04.01:708][263]LogTemp:Display: Initial Dir: /home/jason/Documents/_repos/UnrealEngine/4.15/UnrealEngine/Engine/Binaries/Linux

[2017.03.23-18.04.01:708][263]LogTemp:Display: Env CWD: /home/jason/Documents/_repos/UnrealEngine/4.15/UnrealEngine/Engine/Binaries/DotNET/IOS

[2017.03.23-18.04.01:708][263]LogTemp:Display: BranchPath = jason-Xubuntu///home/jason/Documents/_repos/UnrealEngine/4.15/UnrealEngine/Engine/Binaries/DotNET/IOS/../.. --- GameBranchPath = jason-Xubuntu///home/jason/Documents/_repos/UnrealEngine/4.15/UnrealEngine/Engine/Binaries/DotNET/IOS/../..

[2017.03.23-18.04.01:722][264]LogTemp:Display: IPP ERROR: Application exception: System.ComponentModel.Win32Exception: ApplicationName='/usr/bin/security', CommandLine='find-certificate -a -c "iPhone" -p', CurrentDirectory='', Native error= Cannot find the specified file

[2017.03.23-18.04.01:722][264]LogTemp:Display:   at System.Diagnostics.Process.Start_noshell (System.Diagnostics.ProcessStartInfo startInfo, System.Diagnostics.Process process) <0x41bd2b10 + 0x00fe3> in <filename unknown>:0 

[2017.03.23-18.04.01:722][264]LogTemp:Display:   at System.Diagnostics.Process.Start_common (System.Diagnostics.ProcessStartInfo startInfo, System.Diagnostics.Process process) <0x41bd2960 + 0x000db> in <filename unknown>:0 

[2017.03.23-18.04.01:722][264]LogTemp:Display:   at System.Diagnostics.Process.Start () <0x41bd28e0 + 0x0004b> in <filename unknown>:0 

[2017.03.23-18.04.01:722][264]LogTemp:Display:   at (wrapper remoting-invoke-with-check) System.Diagnostics.Process:Start ()

[2017.03.23-18.04.01:722][264]LogTemp:Display:   at iPhonePackager.CodeSignatureBuilder.FindCertificates () <0x41bd14f0 + 0x00263> in <filename unknown>:0 

[2017.03.23-18.04.01:722][264]LogTemp:Display:   at iPhonePackager.Program.Main (System.String[] args) <0x41bc90a0 + 0x00c1b> in <filename unknown>:0 

[2017.03.23-18.04.06:790][633]LogSlate:Warning: Prevented a slow task dialog from being summoned while a context menu was open
[2017.03.23-18.04.06:845][635]LogLinux: Setting swap interval to 'Immediate'
[2017.03.23-18.04.17:448][ 31]LogLinux: Setting swap interval to 'Immediate'
[2017.03.23-18.04.27:650][866]LogLinux: Setting swap interval to 'Immediate'
[2017.03.23-18.04.29:332][990]LogLinux: Setting swap interval to 'Immediate'
[2017.03.23-18.04.30:757][ 91]LogLinux: Setting swap interval to 'Immediate'
[2017.03.23-18.04.43:362][408]LogLinux: Setting swap interval to 'Immediate'
[2017.03.23-18.04.44:591][485]LogLinux: Setting swap interval to 'Immediate'
[2017.03.23-18.05.12:836][179]LogTemp: Repeting last play command: Selected Viewport
[2017.03.23-18.05.12:861][179]LogPlayLevel: PlayLevel: No blueprints needed recompiling
[2017.03.23-18.05.12:861][179]PIE: New page: PIE session: BasicArena (Mar 23, 2017, 8:05:12 AM)
[2017.03.23-18.05.12:861][179]LogPlayLevel: Creating play world package: /Game/GameFiles/Maps/UEDPIE_0_BasicArena
[2017.03.23-18.05.12:866][179]LogPlayLevel: PIE: StaticDuplicateObject took: (0.004907s)
[2017.03.23-18.05.12:866][179]LogAIModule: Creating AISystem for world BasicArena
[2017.03.23-18.05.12:867][179]LogPlayLevel: PIE: World Init took: (0.000666s)
[2017.03.23-18.05.12:867][179]LogPlayLevel: PIE: Created PIE world by copying editor world from /Game/GameFiles/Maps/BasicArena.BasicArena to /Game/GameFiles/Maps/UEDPIE_0_BasicArena.BasicArena (0.005853s)
[2017.03.23-18.05.12:889][179]LogALAudio: ALAudio device opened : OpenAL Soft
[2017.03.23-18.05.12:890][179]LogALAudio: AL_VENDOR      : OpenAL Community
[2017.03.23-18.05.12:890][179]LogALAudio: AL_RENDERER    : OpenAL Soft
[2017.03.23-18.05.12:890][179]LogALAudio: AL_VERSION     : 1.1 ALSOFT 1.15.1
[2017.03.23-18.05.12:890][179]LogALAudio: AL_EXTENSIONS  : AL_EXT_ALAW AL_EXT_DOUBLE AL_EXT_EXPONENT_DISTANCE AL_EXT_FLOAT32 AL_EXT_IMA4 AL_EXT_LINEAR_DISTANCE AL_EXT_MCFORMATS AL_EXT_MULAW AL_EXT_MULAW_MCFORMATS AL_EXT_OFFSET AL_EXT_source_distance_model AL_LOKI_quadriphonic AL_SOFT_buffer_samples AL_SOFT_buffer_sub_data AL_SOFTX_deferred_updates AL_SOFT_direct_channels AL_SOFT_loop_points AL_SOFT_source_latency
[2017.03.23-18.05.12:890][179]LogInit: FAudioDevice initialized.
[2017.03.23-18.05.12:927][179]LogLoad: Game class is 'TwinStickMode_C'
[2017.03.23-18.05.12:929][179]LogWorld: Bringing World /Game/GameFiles/Maps/UEDPIE_0_BasicArena.BasicArena up for play (max tick rate 0) at 2017.03.23-13.05.12
[2017.03.23-18.05.12:930][179]LogWorld: Bringing up level for play took: 0.001487
[2017.03.23-18.05.12:932][179]PIE: Info Play in editor start time for /Game/GameFiles/Maps/UEDPIE_0_BasicArena 0.071
[2017.03.23-18.05.34:172][432]Cmd: OBJ SAVEPACKAGE PACKAGE="/Game/GameFiles/Maps/BasicArena" FILE="../../../../../../Prime/prime/Primer/Content/GameFiles/Maps/BasicArena.umap" SILENT=true AUTOSAVING=false KEEPDIRTY=false
[2017.03.23-18.05.34:235][432]LogSavePackage: Save=38.33ms
[2017.03.23-18.05.34:235][432]LogSavePackage: Moving '../../../../../../Prime/prime/Primer/Saved/BasicArena9699B36322030D17000500C5E095415E.tmp' to '../../../../../../Prime/prime/Primer/Content/GameFiles/Maps/BasicArena.umap'
[2017.03.23-18.05.34:236][432]LogSavePackage:Display: Finished SavePackage ../../../../../../Prime/prime/Primer/Content/GameFiles/Maps/BasicArena.umap
[2017.03.23-18.05.34:267][432]Cmd: OBJ SAVEPACKAGE PACKAGE="/Game/GameFiles/Maps/BasicArena_BuiltData" FILE="../../../../../../Prime/prime/Primer/Content/GameFiles/Maps/BasicArena_BuiltData.uasset" SILENT=true
[2017.03.23-18.05.34:392][432]LogSavePackage: Save=124.12ms
[2017.03.23-18.05.34:392][432]LogSavePackage: Moving '../../../../../../Prime/prime/Primer/Saved/BasicArena_BuiltData969B299D22030D170005010CE0965D2A.tmp' to '../../../../../../Prime/prime/Primer/Content/GameFiles/Maps/BasicArena_BuiltData.uasset'
[2017.03.23-18.05.34:393][432]LogSavePackage:Display: Finished SavePackage ../../../../../../Prime/prime/Primer/Content/GameFiles/Maps/BasicArena_BuiltData.uasset
[2017.03.23-18.05.39:944][947]LogAudioDerivedData:Display: Building compressed audio format OGG wave PossessPlayer...
[2017.03.23-18.05.40:971][ 23]LogAudioDerivedData:Display: Building compressed audio format OGG wave EndSimulate...
[2017.03.23-18.05.41:061][ 23]LogALAudio: Closing ALAudio device : OpenAL Soft
[2017.03.23-18.05.45:677][509]LogEditorViewport: Clicking on Actor (LMB): HeroCharacter_C (HeroCharacter)
[2017.03.23-18.05.47:705][690]Cmd: DELETE
[2017.03.23-18.05.47:705][690]Cmd: ACTOR DELETE
[2017.03.23-18.05.47:706][690]LogEditorActor: Deleted Actor: HeroCharacter_C
[2017.03.23-18.05.47:764][690]LogEditorActor: Deleted 1 Actors (0.059 secs)
[2017.03.23-18.05.58:928][961]BlueprintLog: New page: Compile HeroCharacter
[2017.03.23-18.05.59:639][  8]LogLinux: Setting swap interval to 'Immediate'
[2017.03.23-18.05.59:675][  8]Cmd: OBJ SAVEPACKAGE PACKAGE="/Game/GameFiles/Blueprints/Hero/HeroCharacter" FILE="../../../../../../Prime/prime/Primer/Content/GameFiles/Blueprints/Hero/HeroCharacter.uasset" SILENT=true
[2017.03.23-18.05.59:710][  8]LogSavePackage: Save=33.50ms
[2017.03.23-18.05.59:710][  8]LogSavePackage: Moving '../../../../../../Prime/prime/Primer/Saved/HeroCharacter96DC6DF53B030D17000502A5E21A1765.tmp' to '../../../../../../Prime/prime/Primer/Content/GameFiles/Blueprints/Hero/HeroCharacter.uasset'
[2017.03.23-18.05.59:711][  8]LogSavePackage:Display: Finished SavePackage ../../../../../../Prime/prime/Primer/Content/GameFiles/Blueprints/Hero/HeroCharacter.uasset
[2017.03.23-18.06.03:920][480]LogLinux: Setting swap interval to 'Immediate'
[2017.03.23-18.06.03:938][480]Cmd: OBJ SAVEPACKAGE PACKAGE="/Game/GameFiles/Maps/BasicArena" FILE="../../../../../../Prime/prime/Primer/Content/GameFiles/Maps/BasicArena.umap" SILENT=true AUTOSAVING=false KEEPDIRTY=false
[2017.03.23-18.06.03:981][480]LogSavePackage: Save=23.51ms
[2017.03.23-18.06.03:981][480]LogSavePackage: Moving '../../../../../../Prime/prime/Primer/Saved/BasicArena96DE258A03030D17000603BDE25B66A0.tmp' to '../../../../../../Prime/prime/Primer/Content/GameFiles/Maps/BasicArena.umap'
[2017.03.23-18.06.03:982][480]LogSavePackage:Display: Finished SavePackage ../../../../../../Prime/prime/Primer/Content/GameFiles/Maps/BasicArena.umap
[2017.03.23-18.06.04:005][480]LogFileHelpers: Saving map 'BasicArena' took 0.083
