Log file open, 03/29/17 12:18:17
LogInit:Display: Running engine for game: Primer
LogPlatformFile: Not using cached read wrapper
LogInit:Display: RandInit(-1554191796) SRandInit(-1554191796).
LogTaskGraph: Started task graph with 5 named threads and 8 total threads with 1 sets of task threads.
LogStats: Stats thread started at 0.036248
LogInit: Using libcurl 7.48.0-DEV
LogInit:  - built for x86_64-unknown-linux-gnu
LogInit:  - supports SSL with OpenSSL/1.0.2h
LogInit:  - supports HTTP deflate (compression) using libz 1.2.8
LogInit:  - other features:
LogInit:      CURL_VERSION_SSL
LogInit:      CURL_VERSION_LIBZ
LogInit:      CURL_VERSION_IPV6
LogInit:      CURL_VERSION_ASYNCHDNS
LogInit:      CURL_VERSION_LARGEFILE
LogInit:      CURL_VERSION_TLSAUTH_SRP
LogInit:  Libcurl: checking if '/etc/pki/tls/certs/ca-bundle.crt' exists
LogInit:  Libcurl: checking if '/etc/ssl/certs/ca-certificates.crt' exists
LogInit:  CurlRequestOptions (configurable via config and command line):
LogInit:  - bVerifyPeer = true  - Libcurl will verify peer certificate
LogInit:  - bUseHttpProxy = false  - Libcurl will NOT use HTTP proxy
LogInit:  - bDontReuseConnections = false  - Libcurl will reuse connections
LogInit:  - CertBundlePath = /etc/ssl/certs/ca-certificates.crt  - Libcurl will set CURLOPT_CAINFO to it
LogInit: Build: ++UE4+Release-4.15-CL-0
LogInit: Engine Version: 4.15.1-0+++UE4+Release-4.15
LogInit: Compatible Engine Version: 4.15.0-0+++UE4+Release-4.15
LogInit: Net CL: 0
LogDevObjectVersion: Number of dev versions registered: 14
LogDevObjectVersion:   Dev-Blueprints (B0D832E4-1F89-4F0D-ACCF-7EB736FD4AA2): 8
LogDevObjectVersion:   Dev-Build (E1C64328-A22C-4D53-A36C-8E866417BD8C): 0
LogDevObjectVersion:   Dev-Core (375EC13C-06E4-48FB-B500-84F0262A717E): 2
LogDevObjectVersion:   Dev-Editor (E4B068ED-F494-42E9-A231-DA0B2E46BB41): 14
LogDevObjectVersion:   Dev-Framework (CFFC743F-43B0-4480-9391-14DF171D2073): 22
LogDevObjectVersion:   Dev-Mobile (B02B49B5-BB20-44E9-A304-32B752E40360): 0
LogDevObjectVersion:   Dev-Networking (A4E4105C-59A1-49B5-A7C5-40C4547EDFEE): 0
LogDevObjectVersion:   Dev-Online (39C831C9-5AE6-47DC-9A44-9C173E1C8E7C): 0
LogDevObjectVersion:   Dev-Physics (78F01B33-EBEA-4F98-B9B4-84EACCB95AA2): 0
LogDevObjectVersion:   Dev-Platform (6631380F-2D4D-43E0-8009-CF276956A95A): 0
LogDevObjectVersion:   Dev-Rendering (12F88B9F-8875-4AFC-A67C-D90C383ABD29): 12
LogDevObjectVersion:   Dev-Sequencer (7B5AE74C-D270-4C10-A958-57980B212A5A): 3
LogDevObjectVersion:   Dev-VR (D7296918-1DD6-4BDD-9DE2-64A83CC13884): 0
LogDevObjectVersion:   Dev-LoadTimes (C2A15278-BFE7-4AFE-6C17-90FF531DF755): 1
LogInit: Compiled (64-bit): Mar 18 2017 20:39:32
LogInit: Compiled with Clang: 3.8.1 (tags/RELEASE_381/final)
LogInit: Build Configuration: Development
LogInit: Branch Name: ++UE4+Release-4.15
LogInit: Command line: 
LogInit: Base directory: /home/jason/Documents/_repos/UnrealEngine/4.15/UnrealEngine/Engine/Binaries/Linux/
LogInit: Installed Engine Build: 0
LogInit: Presizing for max 8388607 objects, including 0 objects not considered by GC, pre-allocating 0 bytes for permanent pool.
LogInit: Object subsystem initialized
[2017.03.29-17.18.17:316][  0]LogInit: Initializing SDL.
[2017.03.29-17.18.17:468][  0]LogInit: Initialized SDL 2.0.4 revision: 10374 (hg-10374:dccf51aee79b with EpicExtensions) (compiled against 2.0.4)
[2017.03.29-17.18.17:468][  0]LogInit: Display metrics:
[2017.03.29-17.18.17:468][  0]LogInit:   PrimaryDisplayWidth: 1920
[2017.03.29-17.18.17:468][  0]LogInit:   PrimaryDisplayHeight: 1080
[2017.03.29-17.18.17:468][  0]LogInit:   PrimaryDisplayWorkAreaRect:
[2017.03.29-17.18.17:468][  0]LogInit:     Left=1920, Top=25, Right=3840, Bottom=1080
[2017.03.29-17.18.17:468][  0]LogInit:   VirtualDisplayRect:
[2017.03.29-17.18.17:468][  0]LogInit:     Left=0, Top=0, Right=3840, Bottom=1080
[2017.03.29-17.18.17:468][  0]LogInit:   TitleSafePaddingSize: X=0.000 Y=0.000
[2017.03.29-17.18.17:468][  0]LogInit:   ActionSafePaddingSize: X=0.000 Y=0.000
[2017.03.29-17.18.17:468][  0]LogInit:   Number of monitors: 2
[2017.03.29-17.18.17:468][  0]LogInit:     Monitor 0
[2017.03.29-17.18.17:468][  0]LogInit:       Name: VE247 24"
[2017.03.29-17.18.17:468][  0]LogInit:       ID: display0
[2017.03.29-17.18.17:468][  0]LogInit:       NativeWidth: 1920
[2017.03.29-17.18.17:468][  0]LogInit:       NativeHeight: 1080
[2017.03.29-17.18.17:468][  0]LogInit:       bIsPrimary: true
[2017.03.29-17.18.17:468][  0]LogInit:     Monitor 1
[2017.03.29-17.18.17:468][  0]LogInit:       Name: 1
[2017.03.29-17.18.17:468][  0]LogInit:       ID: display1
[2017.03.29-17.18.17:468][  0]LogInit:       NativeWidth: 1920
[2017.03.29-17.18.17:468][  0]LogInit:       NativeHeight: 1080
[2017.03.29-17.18.17:468][  0]LogInit:       bIsPrimary: false
[2017.03.29-17.18.17:468][  0]LogLinux: Selected Device Profile: [Linux]
[2017.03.29-17.18.17:468][  0]LogInit: Applying CVar settings loaded from the selected device profile: [Linux]
[2017.03.29-17.18.17:478][  0]LogInit: Linux hardware info:
[2017.03.29-17.18.17:478][  0]LogInit:  - we are the first instance of this executable
[2017.03.29-17.18.17:479][  0]LogInit:  - this process' id (pid) is 1948, parent process' id (ppid) is 30886
[2017.03.29-17.18.17:479][  0]LogInit:  - we are not running under debugger
[2017.03.29-17.18.17:479][  0]LogInit:  - machine network name is 'jason-Xubuntu'
[2017.03.29-17.18.17:479][  0]LogInit:  - user name is 'jason' (jason)
[2017.03.29-17.18.17:479][  0]LogInit:  - we're logged in locally
[2017.03.29-17.18.17:479][  0]LogInit:  - we're running with rendering
[2017.03.29-17.18.17:479][  0]LogInit:  - CPU: GenuineIntel 'Intel(R) Core(TM) i7-4700HQ CPU @ 2.40GHz' (signature: 0x306C3)
[2017.03.29-17.18.17:479][  0]LogInit:  - Number of physical cores available for the process: 4
[2017.03.29-17.18.17:479][  0]LogInit:  - Number of logical cores available for the process: 8
[2017.03.29-17.18.17:479][  0]LogInit:  - Cache line size: 64
[2017.03.29-17.18.17:479][  0]LogInit:  - Memory allocator used: binned
[2017.03.29-17.18.17:479][  0]LogLinux: Benchmarking clocks:
[2017.03.29-17.18.17:479][  0]LogLinux:  - CLOCK_REALTIME (id=0) can sustain 53321744 (53322K, 53M) calls per second without zero deltas.
[2017.03.29-17.18.17:479][  0]LogLinux:  - CLOCK_MONOTONIC (id=1) can sustain 54645082 (54645K, 55M) calls per second without zero deltas.
[2017.03.29-17.18.17:479][  0]LogLinux:  - CLOCK_MONOTONIC_RAW (id=4) can sustain 14257771 (14258K, 14M) calls per second without zero deltas.
[2017.03.29-17.18.17:479][  0]LogLinux:  - CLOCK_MONOTONIC_COARSE (id=6) can sustain 174751354 (174751K, 175M) calls per second with 99.999851% zero deltas.
[2017.03.29-17.18.17:479][  0]LogLinux: Selected clock_id 1 (CLOCK_MONOTONIC) since it is the fastest support clock without zero deltas.
[2017.03.29-17.18.17:479][  0]LogInit: Linux-specific commandline switches:
[2017.03.29-17.18.17:479][  0]LogInit:  -nodwarf (currently OFF): suppress parsing of DWARF debug info (callstacks will be generated faster, but won't have line numbers)
[2017.03.29-17.18.17:479][  0]LogInit:  -ansimalloc - use malloc()/free() from libc (useful for tools like valgrind and electric fence)
[2017.03.29-17.18.17:479][  0]LogInit:  -jemalloc - use jemalloc for all memory allocation
[2017.03.29-17.18.17:479][  0]LogInit:  -binnedmalloc - use binned malloc  for all memory allocation
[2017.03.29-17.18.17:479][  0]LogInit:  -httpproxy=ADDRESS:PORT - redirects HTTP requests to a proxy (only supported if compiled with libcurl)
[2017.03.29-17.18.17:479][  0]LogInit:  -reuseconn - allow libcurl to reuse HTTP connections (only matters if compiled with libcurl)
[2017.03.29-17.18.17:479][  0]LogInit:  -virtmemkb=NUMBER - sets process virtual memory (address space) limit (overrides VirtualMemoryLimitInKB value from .ini)
[2017.03.29-17.18.17:479][  0]LogInit:  - Physical RAM available (not considering process quota): 24 GB (23993 MB, 24569852 KB, 25159528448 bytes)
[2017.03.29-17.18.17:488][  0]LogTextLocalizationManager: No specific translations for ('en-US') exist, so ('en') translations will be used.
[2017.03.29-17.18.18:871][  0]LogRHI: Initializing OpenGL RHI
[2017.03.29-17.18.18:871][  0]LogRHI:   GL_VENDOR: NVIDIA Corporation
[2017.03.29-17.18.18:871][  0]LogRHI:   GL_RENDERER: GeForce GTX 880M/PCIe/SSE2
[2017.03.29-17.18.18:871][  0]LogRHI:   GL_VERSION: 4.3.0 NVIDIA 378.13
[2017.03.29-17.18.18:871][  0]LogRHI:   GL_SHADING_LANGUAGE_VERSION: 4.30 NVIDIA via Cg compiler
[2017.03.29-17.18.18:871][  0]LogRHI: OpenGL Extensions:
[2017.03.29-17.18.18:871][  0]LogRHI:   GL_AMD_multi_draw_indirect
[2017.03.29-17.18.18:871][  0]LogRHI:   GL_AMD_seamless_cubemap_per_texture
[2017.03.29-17.18.18:871][  0]LogRHI:   GL_ARB_arrays_of_arrays
[2017.03.29-17.18.18:871][  0]LogRHI:   GL_ARB_base_instance
[2017.03.29-17.18.18:871][  0]LogRHI:   GL_ARB_bindless_texture
[2017.03.29-17.18.18:871][  0]LogRHI:   GL_ARB_blend_func_extended
[2017.03.29-17.18.18:871][  0]LogRHI:   GL_ARB_buffer_storage
[2017.03.29-17.18.18:871][  0]LogRHI:   GL_ARB_clear_buffer_object
[2017.03.29-17.18.18:871][  0]LogRHI:   GL_ARB_clear_texture
[2017.03.29-17.18.18:871][  0]LogRHI:   GL_ARB_clip_control
[2017.03.29-17.18.18:871][  0]LogRHI:   GL_ARB_color_buffer_float
[2017.03.29-17.18.18:871][  0]LogRHI:   GL_ARB_compressed_texture_pixel_storage
[2017.03.29-17.18.18:871][  0]LogRHI:   GL_ARB_conservative_depth
[2017.03.29-17.18.18:871][  0]LogRHI:   GL_ARB_compute_shader
[2017.03.29-17.18.18:871][  0]LogRHI:   GL_ARB_compute_variable_group_size
[2017.03.29-17.18.18:871][  0]LogRHI:   GL_ARB_conditional_render_inverted
[2017.03.29-17.18.18:871][  0]LogRHI:   GL_ARB_copy_buffer
[2017.03.29-17.18.18:871][  0]LogRHI:   GL_ARB_copy_image
[2017.03.29-17.18.18:871][  0]LogRHI:   GL_ARB_cull_distance
[2017.03.29-17.18.18:871][  0]LogRHI:   GL_ARB_debug_output
[2017.03.29-17.18.18:871][  0]LogRHI:   GL_ARB_depth_buffer_float
[2017.03.29-17.18.18:871][  0]LogRHI:   GL_ARB_depth_clamp
[2017.03.29-17.18.18:871][  0]LogRHI:   GL_ARB_depth_texture
[2017.03.29-17.18.18:871][  0]LogRHI:   GL_ARB_derivative_control
[2017.03.29-17.18.18:871][  0]LogRHI:   GL_ARB_direct_state_access
[2017.03.29-17.18.18:871][  0]LogRHI:   GL_ARB_draw_buffers
[2017.03.29-17.18.18:871][  0]LogRHI:   GL_ARB_draw_buffers_blend
[2017.03.29-17.18.18:871][  0]LogRHI:   GL_ARB_draw_indirect
[2017.03.29-17.18.18:871][  0]LogRHI:   GL_ARB_draw_elements_base_vertex
[2017.03.29-17.18.18:871][  0]LogRHI:   GL_ARB_draw_instanced
[2017.03.29-17.18.18:871][  0]LogRHI:   GL_ARB_enhanced_layouts
[2017.03.29-17.18.18:871][  0]LogRHI:   GL_ARB_ES2_compatibility
[2017.03.29-17.18.18:871][  0]LogRHI:   GL_ARB_ES3_compatibility
[2017.03.29-17.18.18:871][  0]LogRHI:   GL_ARB_ES3_1_compatibility
[2017.03.29-17.18.18:871][  0]LogRHI:   GL_ARB_ES3_2_compatibility
[2017.03.29-17.18.18:872][  0]LogRHI:   GL_ARB_explicit_attrib_location
[2017.03.29-17.18.18:872][  0]LogRHI:   GL_ARB_explicit_uniform_location
[2017.03.29-17.18.18:872][  0]LogRHI:   GL_ARB_fragment_coord_conventions
[2017.03.29-17.18.18:872][  0]LogRHI:   GL_ARB_fragment_layer_viewport
[2017.03.29-17.18.18:872][  0]LogRHI:   GL_ARB_fragment_program
[2017.03.29-17.18.18:872][  0]LogRHI:   GL_ARB_fragment_program_shadow
[2017.03.29-17.18.18:872][  0]LogRHI:   GL_ARB_fragment_shader
[2017.03.29-17.18.18:872][  0]LogRHI:   GL_ARB_framebuffer_no_attachments
[2017.03.29-17.18.18:872][  0]LogRHI:   GL_ARB_framebuffer_object
[2017.03.29-17.18.18:872][  0]LogRHI:   GL_ARB_framebuffer_sRGB
[2017.03.29-17.18.18:872][  0]LogRHI:   GL_ARB_geometry_shader4
[2017.03.29-17.18.18:872][  0]LogRHI:   GL_ARB_get_program_binary
[2017.03.29-17.18.18:872][  0]LogRHI:   GL_ARB_get_texture_sub_image
[2017.03.29-17.18.18:872][  0]LogRHI:   GL_ARB_gl_spirv
[2017.03.29-17.18.18:872][  0]LogRHI:   GL_ARB_gpu_shader5
[2017.03.29-17.18.18:872][  0]LogRHI:   GL_ARB_gpu_shader_fp64
[2017.03.29-17.18.18:872][  0]LogRHI:   GL_ARB_gpu_shader_int64
[2017.03.29-17.18.18:872][  0]LogRHI:   GL_ARB_half_float_pixel
[2017.03.29-17.18.18:872][  0]LogRHI:   GL_ARB_half_float_vertex
[2017.03.29-17.18.18:872][  0]LogRHI:   GL_ARB_imaging
[2017.03.29-17.18.18:872][  0]LogRHI:   GL_ARB_indirect_parameters
[2017.03.29-17.18.18:872][  0]LogRHI:   GL_ARB_instanced_arrays
[2017.03.29-17.18.18:872][  0]LogRHI:   GL_ARB_internalformat_query
[2017.03.29-17.18.18:872][  0]LogRHI:   GL_ARB_internalformat_query2
[2017.03.29-17.18.18:872][  0]LogRHI:   GL_ARB_invalidate_subdata
[2017.03.29-17.18.18:872][  0]LogRHI:   GL_ARB_map_buffer_alignment
[2017.03.29-17.18.18:872][  0]LogRHI:   GL_ARB_map_buffer_range
[2017.03.29-17.18.18:872][  0]LogRHI:   GL_ARB_multi_bind
[2017.03.29-17.18.18:872][  0]LogRHI:   GL_ARB_multi_draw_indirect
[2017.03.29-17.18.18:872][  0]LogRHI:   GL_ARB_multisample
[2017.03.29-17.18.18:872][  0]LogRHI:   GL_ARB_multitexture
[2017.03.29-17.18.18:872][  0]LogRHI:   GL_ARB_occlusion_query
[2017.03.29-17.18.18:872][  0]LogRHI:   GL_ARB_occlusion_query2
[2017.03.29-17.18.18:872][  0]LogRHI:   GL_ARB_parallel_shader_compile
[2017.03.29-17.18.18:872][  0]LogRHI:   GL_ARB_pipeline_statistics_query
[2017.03.29-17.18.18:872][  0]LogRHI:   GL_ARB_pixel_buffer_object
[2017.03.29-17.18.18:872][  0]LogRHI:   GL_ARB_point_parameters
[2017.03.29-17.18.18:872][  0]LogRHI:   GL_ARB_point_sprite
[2017.03.29-17.18.18:872][  0]LogRHI:   GL_ARB_program_interface_query
[2017.03.29-17.18.18:872][  0]LogRHI:   GL_ARB_provoking_vertex
[2017.03.29-17.18.18:872][  0]LogRHI:   GL_ARB_query_buffer_object
[2017.03.29-17.18.18:872][  0]LogRHI:   GL_ARB_robust_buffer_access_behavior
[2017.03.29-17.18.18:872][  0]LogRHI:   GL_ARB_robustness
[2017.03.29-17.18.18:872][  0]LogRHI:   GL_ARB_sample_shading
[2017.03.29-17.18.18:872][  0]LogRHI:   GL_ARB_sampler_objects
[2017.03.29-17.18.18:872][  0]LogRHI:   GL_ARB_seamless_cube_map
[2017.03.29-17.18.18:872][  0]LogRHI:   GL_ARB_seamless_cubemap_per_texture
[2017.03.29-17.18.18:872][  0]LogRHI:   GL_ARB_separate_shader_objects
[2017.03.29-17.18.18:872][  0]LogRHI:   GL_ARB_shader_atomic_counter_ops
[2017.03.29-17.18.18:872][  0]LogRHI:   GL_ARB_shader_atomic_counters
[2017.03.29-17.18.18:872][  0]LogRHI:   GL_ARB_shader_ballot
[2017.03.29-17.18.18:872][  0]LogRHI:   GL_ARB_shader_bit_encoding
[2017.03.29-17.18.18:872][  0]LogRHI:   GL_ARB_shader_clock
[2017.03.29-17.18.18:872][  0]LogRHI:   GL_ARB_shader_draw_parameters
[2017.03.29-17.18.18:872][  0]LogRHI:   GL_ARB_shader_group_vote
[2017.03.29-17.18.18:872][  0]LogRHI:   GL_ARB_shader_image_load_store
[2017.03.29-17.18.18:872][  0]LogRHI:   GL_ARB_shader_image_size
[2017.03.29-17.18.18:872][  0]LogRHI:   GL_ARB_shader_objects
[2017.03.29-17.18.18:872][  0]LogRHI:   GL_ARB_shader_precision
[2017.03.29-17.18.18:872][  0]LogRHI:   GL_ARB_shader_storage_buffer_object
[2017.03.29-17.18.18:872][  0]LogRHI:   GL_ARB_shader_subroutine
[2017.03.29-17.18.18:872][  0]LogRHI:   GL_ARB_shader_texture_image_samples
[2017.03.29-17.18.18:872][  0]LogRHI:   GL_ARB_shader_texture_lod
[2017.03.29-17.18.18:872][  0]LogRHI:   GL_ARB_shading_language_100
[2017.03.29-17.18.18:872][  0]LogRHI:   GL_ARB_shading_language_420pack
[2017.03.29-17.18.18:872][  0]LogRHI:   GL_ARB_shading_language_include
[2017.03.29-17.18.18:872][  0]LogRHI:   GL_ARB_shading_language_packing
[2017.03.29-17.18.18:872][  0]LogRHI:   GL_ARB_shadow
[2017.03.29-17.18.18:872][  0]LogRHI:   GL_ARB_sparse_buffer
[2017.03.29-17.18.18:872][  0]LogRHI:   GL_ARB_sparse_texture
[2017.03.29-17.18.18:872][  0]LogRHI:   GL_ARB_stencil_texturing
[2017.03.29-17.18.18:872][  0]LogRHI:   GL_ARB_sync
[2017.03.29-17.18.18:872][  0]LogRHI:   GL_ARB_tessellation_shader
[2017.03.29-17.18.18:872][  0]LogRHI:   GL_ARB_texture_barrier
[2017.03.29-17.18.18:872][  0]LogRHI:   GL_ARB_texture_border_clamp
[2017.03.29-17.18.18:872][  0]LogRHI:   GL_ARB_texture_buffer_object
[2017.03.29-17.18.18:872][  0]LogRHI:   GL_ARB_texture_buffer_object_rgb32
[2017.03.29-17.18.18:872][  0]LogRHI:   GL_ARB_texture_buffer_range
[2017.03.29-17.18.18:872][  0]LogRHI:   GL_ARB_texture_compression
[2017.03.29-17.18.18:872][  0]LogRHI:   GL_ARB_texture_compression_bptc
[2017.03.29-17.18.18:872][  0]LogRHI:   GL_ARB_texture_compression_rgtc
[2017.03.29-17.18.18:872][  0]LogRHI:   GL_ARB_texture_cube_map
[2017.03.29-17.18.18:872][  0]LogRHI:   GL_ARB_texture_cube_map_array
[2017.03.29-17.18.18:872][  0]LogRHI:   GL_ARB_texture_env_add
[2017.03.29-17.18.18:872][  0]LogRHI:   GL_ARB_texture_env_combine
[2017.03.29-17.18.18:872][  0]LogRHI:   GL_ARB_texture_env_crossbar
[2017.03.29-17.18.18:872][  0]LogRHI:   GL_ARB_texture_env_dot3
[2017.03.29-17.18.18:872][  0]LogRHI:   GL_ARB_texture_float
[2017.03.29-17.18.18:872][  0]LogRHI:   GL_ARB_texture_gather
[2017.03.29-17.18.18:872][  0]LogRHI:   GL_ARB_texture_mirror_clamp_to_edge
[2017.03.29-17.18.18:872][  0]LogRHI:   GL_ARB_texture_mirrored_repeat
[2017.03.29-17.18.18:872][  0]LogRHI:   GL_ARB_texture_multisample
[2017.03.29-17.18.18:872][  0]LogRHI:   GL_ARB_texture_non_power_of_two
[2017.03.29-17.18.18:872][  0]LogRHI:   GL_ARB_texture_query_levels
[2017.03.29-17.18.18:872][  0]LogRHI:   GL_ARB_texture_query_lod
[2017.03.29-17.18.18:872][  0]LogRHI:   GL_ARB_texture_rectangle
[2017.03.29-17.18.18:872][  0]LogRHI:   GL_ARB_texture_rg
[2017.03.29-17.18.18:872][  0]LogRHI:   GL_ARB_texture_rgb10_a2ui
[2017.03.29-17.18.18:872][  0]LogRHI:   GL_ARB_texture_stencil8
[2017.03.29-17.18.18:872][  0]LogRHI:   GL_ARB_texture_storage
[2017.03.29-17.18.18:872][  0]LogRHI:   GL_ARB_texture_storage_multisample
[2017.03.29-17.18.18:872][  0]LogRHI:   GL_ARB_texture_swizzle
[2017.03.29-17.18.18:872][  0]LogRHI:   GL_ARB_texture_view
[2017.03.29-17.18.18:872][  0]LogRHI:   GL_ARB_timer_query
[2017.03.29-17.18.18:872][  0]LogRHI:   GL_ARB_transform_feedback2
[2017.03.29-17.18.18:872][  0]LogRHI:   GL_ARB_transform_feedback3
[2017.03.29-17.18.18:872][  0]LogRHI:   GL_ARB_transform_feedback_instanced
[2017.03.29-17.18.18:872][  0]LogRHI:   GL_ARB_transform_feedback_overflow_query
[2017.03.29-17.18.18:872][  0]LogRHI:   GL_ARB_transpose_matrix
[2017.03.29-17.18.18:872][  0]LogRHI:   GL_ARB_uniform_buffer_object
[2017.03.29-17.18.18:872][  0]LogRHI:   GL_ARB_vertex_array_bgra
[2017.03.29-17.18.18:873][  0]LogRHI:   GL_ARB_vertex_array_object
[2017.03.29-17.18.18:873][  0]LogRHI:   GL_ARB_vertex_attrib_64bit
[2017.03.29-17.18.18:873][  0]LogRHI:   GL_ARB_vertex_attrib_binding
[2017.03.29-17.18.18:873][  0]LogRHI:   GL_ARB_vertex_buffer_object
[2017.03.29-17.18.18:873][  0]LogRHI:   GL_ARB_vertex_program
[2017.03.29-17.18.18:873][  0]LogRHI:   GL_ARB_vertex_shader
[2017.03.29-17.18.18:873][  0]LogRHI:   GL_ARB_vertex_type_10f_11f_11f_rev
[2017.03.29-17.18.18:873][  0]LogRHI:   GL_ARB_vertex_type_2_10_10_10_rev
[2017.03.29-17.18.18:873][  0]LogRHI:   GL_ARB_viewport_array
[2017.03.29-17.18.18:873][  0]LogRHI:   GL_ARB_window_pos
[2017.03.29-17.18.18:873][  0]LogRHI:   GL_ATI_draw_buffers
[2017.03.29-17.18.18:873][  0]LogRHI:   GL_ATI_texture_float
[2017.03.29-17.18.18:873][  0]LogRHI:   GL_ATI_texture_mirror_once
[2017.03.29-17.18.18:873][  0]LogRHI:   GL_S3_s3tc
[2017.03.29-17.18.18:873][  0]LogRHI:   GL_EXT_texture_env_add
[2017.03.29-17.18.18:873][  0]LogRHI:   GL_EXT_abgr
[2017.03.29-17.18.18:873][  0]LogRHI:   GL_EXT_bgra
[2017.03.29-17.18.18:873][  0]LogRHI:   GL_EXT_bindable_uniform
[2017.03.29-17.18.18:873][  0]LogRHI:   GL_EXT_blend_color
[2017.03.29-17.18.18:873][  0]LogRHI:   GL_EXT_blend_equation_separate
[2017.03.29-17.18.18:873][  0]LogRHI:   GL_EXT_blend_func_separate
[2017.03.29-17.18.18:873][  0]LogRHI:   GL_EXT_blend_minmax
[2017.03.29-17.18.18:873][  0]LogRHI:   GL_EXT_blend_subtract
[2017.03.29-17.18.18:873][  0]LogRHI:   GL_EXT_compiled_vertex_array
[2017.03.29-17.18.18:873][  0]LogRHI:   GL_EXT_Cg_shader
[2017.03.29-17.18.18:873][  0]LogRHI:   GL_EXT_depth_bounds_test
[2017.03.29-17.18.18:873][  0]LogRHI:   GL_EXT_direct_state_access
[2017.03.29-17.18.18:873][  0]LogRHI:   GL_EXT_draw_buffers2
[2017.03.29-17.18.18:873][  0]LogRHI:   GL_EXT_draw_instanced
[2017.03.29-17.18.18:873][  0]LogRHI:   GL_EXT_draw_range_elements
[2017.03.29-17.18.18:873][  0]LogRHI:   GL_EXT_fog_coord
[2017.03.29-17.18.18:873][  0]LogRHI:   GL_EXT_framebuffer_blit
[2017.03.29-17.18.18:873][  0]LogRHI:   GL_EXT_framebuffer_multisample
[2017.03.29-17.18.18:873][  0]LogRHI:   GL_EXTX_framebuffer_mixed_formats
[2017.03.29-17.18.18:873][  0]LogRHI:   GL_EXT_framebuffer_multisample_blit_scaled
[2017.03.29-17.18.18:873][  0]LogRHI:   GL_EXT_framebuffer_object
[2017.03.29-17.18.18:873][  0]LogRHI:   GL_EXT_framebuffer_sRGB
[2017.03.29-17.18.18:873][  0]LogRHI:   GL_EXT_geometry_shader4
[2017.03.29-17.18.18:873][  0]LogRHI:   GL_EXT_gpu_program_parameters
[2017.03.29-17.18.18:873][  0]LogRHI:   GL_EXT_gpu_shader4
[2017.03.29-17.18.18:873][  0]LogRHI:   GL_EXT_multi_draw_arrays
[2017.03.29-17.18.18:873][  0]LogRHI:   GL_EXT_packed_depth_stencil
[2017.03.29-17.18.18:873][  0]LogRHI:   GL_EXT_packed_float
[2017.03.29-17.18.18:873][  0]LogRHI:   GL_EXT_packed_pixels
[2017.03.29-17.18.18:873][  0]LogRHI:   GL_EXT_pixel_buffer_object
[2017.03.29-17.18.18:873][  0]LogRHI:   GL_EXT_point_parameters
[2017.03.29-17.18.18:873][  0]LogRHI:   GL_EXT_polygon_offset_clamp
[2017.03.29-17.18.18:873][  0]LogRHI:   GL_EXT_provoking_vertex
[2017.03.29-17.18.18:873][  0]LogRHI:   GL_EXT_rescale_normal
[2017.03.29-17.18.18:873][  0]LogRHI:   GL_EXT_secondary_color
[2017.03.29-17.18.18:873][  0]LogRHI:   GL_EXT_separate_shader_objects
[2017.03.29-17.18.18:873][  0]LogRHI:   GL_EXT_separate_specular_color
[2017.03.29-17.18.18:873][  0]LogRHI:   GL_EXT_shader_image_load_store
[2017.03.29-17.18.18:873][  0]LogRHI:   GL_EXT_shader_integer_mix
[2017.03.29-17.18.18:873][  0]LogRHI:   GL_EXT_shadow_funcs
[2017.03.29-17.18.18:873][  0]LogRHI:   GL_EXT_stencil_two_side
[2017.03.29-17.18.18:873][  0]LogRHI:   GL_EXT_stencil_wrap
[2017.03.29-17.18.18:873][  0]LogRHI:   GL_EXT_texture3D
[2017.03.29-17.18.18:873][  0]LogRHI:   GL_EXT_texture_array
[2017.03.29-17.18.18:873][  0]LogRHI:   GL_EXT_texture_buffer_object
[2017.03.29-17.18.18:873][  0]LogRHI:   GL_EXT_texture_compression_dxt1
[2017.03.29-17.18.18:873][  0]LogRHI:   GL_EXT_texture_compression_latc
[2017.03.29-17.18.18:873][  0]LogRHI:   GL_EXT_texture_compression_rgtc
[2017.03.29-17.18.18:873][  0]LogRHI:   GL_EXT_texture_compression_s3tc
[2017.03.29-17.18.18:873][  0]LogRHI:   GL_EXT_texture_cube_map
[2017.03.29-17.18.18:873][  0]LogRHI:   GL_EXT_texture_edge_clamp
[2017.03.29-17.18.18:873][  0]LogRHI:   GL_EXT_texture_env_combine
[2017.03.29-17.18.18:873][  0]LogRHI:   GL_EXT_texture_env_dot3
[2017.03.29-17.18.18:873][  0]LogRHI:   GL_EXT_texture_filter_anisotropic
[2017.03.29-17.18.18:873][  0]LogRHI:   GL_EXT_texture_integer
[2017.03.29-17.18.18:873][  0]LogRHI:   GL_EXT_texture_lod
[2017.03.29-17.18.18:873][  0]LogRHI:   GL_EXT_texture_lod_bias
[2017.03.29-17.18.18:873][  0]LogRHI:   GL_EXT_texture_mirror_clamp
[2017.03.29-17.18.18:873][  0]LogRHI:   GL_EXT_texture_object
[2017.03.29-17.18.18:873][  0]LogRHI:   GL_EXT_texture_shared_exponent
[2017.03.29-17.18.18:873][  0]LogRHI:   GL_EXT_texture_sRGB
[2017.03.29-17.18.18:873][  0]LogRHI:   GL_EXT_texture_sRGB_decode
[2017.03.29-17.18.18:873][  0]LogRHI:   GL_EXT_texture_storage
[2017.03.29-17.18.18:873][  0]LogRHI:   GL_EXT_texture_swizzle
[2017.03.29-17.18.18:873][  0]LogRHI:   GL_EXT_timer_query
[2017.03.29-17.18.18:873][  0]LogRHI:   GL_EXT_transform_feedback2
[2017.03.29-17.18.18:873][  0]LogRHI:   GL_EXT_vertex_array
[2017.03.29-17.18.18:873][  0]LogRHI:   GL_EXT_vertex_array_bgra
[2017.03.29-17.18.18:873][  0]LogRHI:   GL_EXT_vertex_attrib_64bit
[2017.03.29-17.18.18:873][  0]LogRHI:   GL_EXT_window_rectangles
[2017.03.29-17.18.18:873][  0]LogRHI:   GL_EXT_x11_sync_object
[2017.03.29-17.18.18:873][  0]LogRHI:   GL_EXT_import_sync_object
[2017.03.29-17.18.18:873][  0]LogRHI:   GL_NV_robustness_video_memory_purge
[2017.03.29-17.18.18:873][  0]LogRHI:   GL_IBM_rasterpos_clip
[2017.03.29-17.18.18:873][  0]LogRHI:   GL_IBM_texture_mirrored_repeat
[2017.03.29-17.18.18:873][  0]LogRHI:   GL_KHR_context_flush_control
[2017.03.29-17.18.18:873][  0]LogRHI:   GL_KHR_debug
[2017.03.29-17.18.18:873][  0]LogRHI:   GL_KHR_no_error
[2017.03.29-17.18.18:873][  0]LogRHI:   GL_KHR_robust_buffer_access_behavior
[2017.03.29-17.18.18:873][  0]LogRHI:   GL_KHR_robustness
[2017.03.29-17.18.18:873][  0]LogRHI:   GL_KTX_buffer_region
[2017.03.29-17.18.18:873][  0]LogRHI:   GL_NV_alpha_to_coverage_dither_control
[2017.03.29-17.18.18:873][  0]LogRHI:   GL_NV_bindless_multi_draw_indirect
[2017.03.29-17.18.18:873][  0]LogRHI:   GL_NV_bindless_multi_draw_indirect_count
[2017.03.29-17.18.18:873][  0]LogRHI:   GL_NV_bindless_texture
[2017.03.29-17.18.18:873][  0]LogRHI:   GL_NV_blend_equation_advanced
[2017.03.29-17.18.18:873][  0]LogRHI:   GL_NV_blend_square
[2017.03.29-17.18.18:873][  0]LogRHI:   GL_NV_command_list
[2017.03.29-17.18.18:873][  0]LogRHI:   GL_NV_compute_program5
[2017.03.29-17.18.18:873][  0]LogRHI:   GL_NV_conditional_render
[2017.03.29-17.18.18:873][  0]LogRHI:   GL_NV_copy_depth_to_color
[2017.03.29-17.18.18:873][  0]LogRHI:   GL_NV_copy_image
[2017.03.29-17.18.18:873][  0]LogRHI:   GL_NV_depth_buffer_float
[2017.03.29-17.18.18:873][  0]LogRHI:   GL_NV_depth_clamp
[2017.03.29-17.18.18:873][  0]LogRHI:   GL_NV_draw_texture
[2017.03.29-17.18.18:873][  0]LogRHI:   GL_NV_draw_vulkan_image
[2017.03.29-17.18.18:873][  0]LogRHI:   GL_NV_ES1_1_compatibility
[2017.03.29-17.18.18:873][  0]LogRHI:   GL_NV_ES3_1_compatibility
[2017.03.29-17.18.18:874][  0]LogRHI:   GL_NV_explicit_multisample
[2017.03.29-17.18.18:874][  0]LogRHI:   GL_NV_fence
[2017.03.29-17.18.18:874][  0]LogRHI:   GL_NV_float_buffer
[2017.03.29-17.18.18:874][  0]LogRHI:   GL_NV_fog_distance
[2017.03.29-17.18.18:874][  0]LogRHI:   GL_NV_fragment_program
[2017.03.29-17.18.18:874][  0]LogRHI:   GL_NV_fragment_program_option
[2017.03.29-17.18.18:874][  0]LogRHI:   GL_NV_fragment_program2
[2017.03.29-17.18.18:874][  0]LogRHI:   GL_NV_framebuffer_multisample_coverage
[2017.03.29-17.18.18:874][  0]LogRHI:   GL_NV_geometry_shader4
[2017.03.29-17.18.18:874][  0]LogRHI:   GL_NV_gpu_program4
[2017.03.29-17.18.18:874][  0]LogRHI:   GL_NV_internalformat_sample_query
[2017.03.29-17.18.18:874][  0]LogRHI:   GL_NV_gpu_program4_1
[2017.03.29-17.18.18:874][  0]LogRHI:   GL_NV_gpu_program5
[2017.03.29-17.18.18:874][  0]LogRHI:   GL_NV_gpu_program5_mem_extended
[2017.03.29-17.18.18:874][  0]LogRHI:   GL_NV_gpu_program_fp64
[2017.03.29-17.18.18:874][  0]LogRHI:   GL_NV_gpu_shader5
[2017.03.29-17.18.18:874][  0]LogRHI:   GL_NV_half_float
[2017.03.29-17.18.18:874][  0]LogRHI:   GL_NV_light_max_exponent
[2017.03.29-17.18.18:874][  0]LogRHI:   GL_NV_multisample_coverage
[2017.03.29-17.18.18:874][  0]LogRHI:   GL_NV_multisample_filter_hint
[2017.03.29-17.18.18:874][  0]LogRHI:   GL_NV_occlusion_query
[2017.03.29-17.18.18:874][  0]LogRHI:   GL_NV_packed_depth_stencil
[2017.03.29-17.18.18:874][  0]LogRHI:   GL_NV_parameter_buffer_object
[2017.03.29-17.18.18:874][  0]LogRHI:   GL_NV_parameter_buffer_object2
[2017.03.29-17.18.18:874][  0]LogRHI:   GL_NV_path_rendering
[2017.03.29-17.18.18:874][  0]LogRHI:   GL_NV_pixel_data_range
[2017.03.29-17.18.18:874][  0]LogRHI:   GL_NV_point_sprite
[2017.03.29-17.18.18:874][  0]LogRHI:   GL_NV_primitive_restart
[2017.03.29-17.18.18:874][  0]LogRHI:   GL_NV_register_combiners
[2017.03.29-17.18.18:874][  0]LogRHI:   GL_NV_register_combiners2
[2017.03.29-17.18.18:874][  0]LogRHI:   GL_NV_shader_atomic_counters
[2017.03.29-17.18.18:874][  0]LogRHI:   GL_NV_shader_atomic_float
[2017.03.29-17.18.18:874][  0]LogRHI:   GL_NV_shader_buffer_load
[2017.03.29-17.18.18:874][  0]LogRHI:   GL_NV_shader_storage_buffer_object
[2017.03.29-17.18.18:874][  0]LogRHI:   GL_NV_texgen_reflection
[2017.03.29-17.18.18:874][  0]LogRHI:   GL_NV_texture_barrier
[2017.03.29-17.18.18:874][  0]LogRHI:   GL_NV_texture_compression_vtc
[2017.03.29-17.18.18:874][  0]LogRHI:   GL_NV_texture_env_combine4
[2017.03.29-17.18.18:874][  0]LogRHI:   GL_NV_texture_multisample
[2017.03.29-17.18.18:874][  0]LogRHI:   GL_NV_texture_rectangle
[2017.03.29-17.18.18:874][  0]LogRHI:   GL_NV_texture_shader
[2017.03.29-17.18.18:874][  0]LogRHI:   GL_NV_texture_shader2
[2017.03.29-17.18.18:874][  0]LogRHI:   GL_NV_texture_shader3
[2017.03.29-17.18.18:874][  0]LogRHI:   GL_NV_transform_feedback
[2017.03.29-17.18.18:874][  0]LogRHI:   GL_NV_transform_feedback2
[2017.03.29-17.18.18:874][  0]LogRHI:   GL_NV_uniform_buffer_unified_memory
[2017.03.29-17.18.18:874][  0]LogRHI:   GL_NV_vdpau_interop
[2017.03.29-17.18.18:874][  0]LogRHI:   GL_NV_vertex_array_range
[2017.03.29-17.18.18:874][  0]LogRHI:   GL_NV_vertex_array_range2
[2017.03.29-17.18.18:874][  0]LogRHI:   GL_NV_vertex_attrib_integer_64bit
[2017.03.29-17.18.18:874][  0]LogRHI:   GL_NV_vertex_buffer_unified_memory
[2017.03.29-17.18.18:874][  0]LogRHI:   GL_NV_vertex_program
[2017.03.29-17.18.18:874][  0]LogRHI:   GL_NV_vertex_program1_1
[2017.03.29-17.18.18:874][  0]LogRHI:   GL_NV_vertex_program2
[2017.03.29-17.18.18:874][  0]LogRHI:   GL_NV_vertex_program2_option
[2017.03.29-17.18.18:874][  0]LogRHI:   GL_NV_vertex_program3
[2017.03.29-17.18.18:874][  0]LogRHI:   GL_NVX_conditional_render
[2017.03.29-17.18.18:874][  0]LogRHI:   GL_NVX_gpu_memory_info
[2017.03.29-17.18.18:874][  0]LogRHI:   GL_NVX_nvenc_interop
[2017.03.29-17.18.18:874][  0]LogRHI:   GL_NV_shader_thread_group
[2017.03.29-17.18.18:874][  0]LogRHI:   GL_NV_shader_thread_shuffle
[2017.03.29-17.18.18:874][  0]LogRHI:   GL_KHR_blend_equation_advanced
[2017.03.29-17.18.18:874][  0]LogRHI:   GL_SGIS_generate_mipmap
[2017.03.29-17.18.18:874][  0]LogRHI:   GL_SGIS_texture_lod
[2017.03.29-17.18.18:874][  0]LogRHI:   GL_SGIX_depth_texture
[2017.03.29-17.18.18:874][  0]LogRHI:   GL_SGIX_shadow
[2017.03.29-17.18.18:874][  0]LogRHI:   GL_SUN_slice_accum
[2017.03.29-17.18.18:875][  0]LogRHI:   GL_MAX_TEXTURE_SIZE: 16384
[2017.03.29-17.18.18:875][  0]LogRHI:   GL_MAX_CUBE_MAP_TEXTURE_SIZE: 16384
[2017.03.29-17.18.18:875][  0]LogRHI:   GL_MAX_ARRAY_TEXTURE_LAYERS: 2048
[2017.03.29-17.18.18:875][  0]LogRHI:   GL_MAX_3D_TEXTURE_SIZE: 2048
[2017.03.29-17.18.18:875][  0]LogRHI:   GL_MAX_RENDERBUFFER_SIZE: 16384
[2017.03.29-17.18.18:875][  0]LogRHI:   GL_MAX_TEXTURE_IMAGE_UNITS: 32
[2017.03.29-17.18.18:875][  0]LogRHI:   GL_MAX_DRAW_BUFFERS: 8
[2017.03.29-17.18.18:875][  0]LogRHI:   GL_MAX_COLOR_ATTACHMENTS: 8
[2017.03.29-17.18.18:875][  0]LogRHI:   GL_MAX_SAMPLES: 32
[2017.03.29-17.18.18:882][  0]LogRHI:   GL_MAX_COLOR_TEXTURE_SAMPLES: 32
[2017.03.29-17.18.18:882][  0]LogRHI:   GL_MAX_DEPTH_TEXTURE_SAMPLES: 32
[2017.03.29-17.18.18:882][  0]LogRHI:   GL_MAX_INTEGER_SAMPLES: 32
[2017.03.29-17.18.18:882][  0]LogRHI:   GL_MAX_COMBINED_TEXTURE_IMAGE_UNITS: 192
[2017.03.29-17.18.18:882][  0]LogRHI:   GL_MAX_VERTEX_ATTRIBS: 16
[2017.03.29-17.18.18:882][  0]LogRHI:   GL_MAX_TEXTURE_MAX_ANISOTROPY_EXT: 16
[2017.03.29-17.18.18:882][  0]LogRHI: OpenGL MajorVersion = 4, MinorVersion = 3, ShaderPlatform = GLSL_430, FeatureLevel = SM5
[2017.03.29-17.18.18:889][  0]LogRHI: Texture pool is 2867 MB (70% of 4096 MB)
[2017.03.29-17.18.18:889][  0]LogShaderCompilers: Guid format shader working directory is 15 characters bigger than the processId version (../../../../../../Prime/prime/Primer/Intermediate/Shaders/WorkingDirectory/1948/).
[2017.03.29-17.18.18:889][  0]LogShaderCompilers: Cleaned the shader compiler working directory '../../../../../../Prime/prime/Primer/Intermediate/Shaders/tmp/000374DB12030C1D00120379A3904B6E/'.
[2017.03.29-17.18.18:889][  0]LogShaderCompilers:Display: Using Local Shader Compiler.
[2017.03.29-17.18.22:305][  0]LogTemp:Display: Loaded TP AllDesktopTargetPlatform
[2017.03.29-17.18.22:430][  0]LogTemp:Display: Failed to get target platform HTML5TargetPlatform
[2017.03.29-17.18.22:571][  0]LogTemp:Display: Loaded TP Android_DXTTargetPlatform
[2017.03.29-17.18.22:712][  0]LogTemp:Display: Loaded TP AndroidTargetPlatform
[2017.03.29-17.18.22:855][  0]LogTemp:Display: Loaded TP Android_PVRTCTargetPlatform
[2017.03.29-17.18.23:562][  0]LogTemp:Display: Loaded TP Android_MultiTargetPlatform
[2017.03.29-17.18.23:562][  0]LogTemp:Display: Loaded TP Android_ATCTargetPlatform
[2017.03.29-17.18.23:562][  0]LogTemp:Display: Loaded TP Android_ETC2TargetPlatform
[2017.03.29-17.18.23:562][  0]LogTemp:Display: Loaded TP Android_ASTCTargetPlatform
[2017.03.29-17.18.23:562][  0]LogTemp:Display: Loaded TP Android_ETC1TargetPlatform
[2017.03.29-17.18.23:704][  0]LogTemp:Display: Loaded TP LinuxNoEditorTargetPlatform
[2017.03.29-17.18.23:835][  0]LogTemp:Display: Loaded TP LinuxTargetPlatform
[2017.03.29-17.18.23:978][  0]LogTemp:Display: Loaded TP LinuxClientTargetPlatform
[2017.03.29-17.18.24:120][  0]LogTemp:Display: Loaded TP LinuxServerTargetPlatform
[2017.03.29-17.18.24:120][  0]LogTargetPlatformManager:Display: Building Assets For Linux
[2017.03.29-17.18.24:432][  0]LogDerivedDataCache:Display: Max Cache Size: 512 MB
[2017.03.29-17.18.24:469][  0]LogDerivedDataCache: Loaded boot cache 0.04s 60MB ../../../../../../Prime/prime/Primer/DerivedDataCache/Boot.ddc.
[2017.03.29-17.18.24:469][  0]LogDerivedDataCache:Display: Loaded Boot cache: ../../../../../../Prime/prime/Primer/DerivedDataCache/Boot.ddc
[2017.03.29-17.18.24:469][  0]LogDerivedDataCache: FDerivedDataBackendGraph:  Pak pak cache file ../../../../../../Prime/prime/Primer/DerivedDataCache/DDC.ddp not found, will not use a pak cache.
[2017.03.29-17.18.24:469][  0]LogDerivedDataCache: Unable to find inner node Pak for hierarchical cache Hierarchy.
[2017.03.29-17.18.24:470][  0]LogDerivedDataCache: FDerivedDataBackendGraph:  EnginePak pak cache file ../../../Engine/DerivedDataCache/DDC.ddp not found, will not use a pak cache.
[2017.03.29-17.18.24:470][  0]LogDerivedDataCache: Unable to find inner node EnginePak for hierarchical cache Hierarchy.
[2017.03.29-17.18.24:470][  0]LogDerivedDataCache: Using Local data cache path ../../../Engine/DerivedDataCache: Writable
[2017.03.29-17.18.24:470][  0]LogDerivedDataCache: Shared data cache path not found in *engine.ini, will not use an Shared cache.
[2017.03.29-17.18.24:470][  0]LogDerivedDataCache: Unable to find inner node Shared for hierarchical cache Hierarchy.
[2017.03.29-17.18.24:478][  0]LogSlate: Using Freetype 2.6.0
[2017.03.29-17.18.24:479][  0]LogSlate: SlateFontCache - WITH_FREETYPE: 1, WITH_HARFBUZZ: 0
[2017.03.29-17.18.24:479][  0]LogSlate: SlateFontCache - WITH_FREETYPE: 1, WITH_HARFBUZZ: 0
[2017.03.29-17.18.24:724][  0]LogLinux: Selected Device Profile: [Linux]
[2017.03.29-17.18.24:724][  0]LogContentStreaming: Texture pool size is 0.00 MB
[2017.03.29-17.18.25:153][  0]LogMeshUtilities: Using QuadricMeshReduction for automatic static mesh reduction
[2017.03.29-17.18.25:157][  0]LogMeshUtilities: No automatic skeletal mesh reduction module available
[2017.03.29-17.18.25:157][  0]LogMeshUtilities: No automatic mesh merging module available
[2017.03.29-17.18.25:157][  0]LogMeshUtilities: No distributed automatic mesh merging module available
[2017.03.29-17.18.25:558][  0]LogNetVersion: GetLocalNetworkVersion: CL: 0, ProjectName: primer, ProjectVersion: , EngineNetworkVersion: 2, GameNetworkVersion: 0, NetworkChecksum: 3544936793
[2017.03.29-17.18.25:771][  0]LogAssetRegistry: FAssetRegistry took 0.0004 seconds to start up
[2017.03.29-17.18.25:834][  0]LogPackageLocalizationCache: Processed 3 localized package path(s) for 2 prioritized culture(s) in 0.013223 seconds
[2017.03.29-17.18.25:840][  0]LogUObjectArray: 32343 objects as part of root set at end of initial load.
[2017.03.29-17.18.25:841][  0]LogUObjectAllocator: 7031048 out of 0 bytes used by permanent object pool.
[2017.03.29-17.18.25:841][  0]LogUObjectArray: CloseDisregardForGC: 0/0 objects in disregard for GC pool
[2017.03.29-17.18.26:098][  0]LogHAL: Linux SourceCodeAccessSettings: KDevelopSourceCodeAccessor
[2017.03.29-17.18.29:761][  0]LogUdpMessaging: Initializing bridge on interface 0.0.0.0:0 to multicast group 230.0.0.1:6666.
[2017.03.29-17.18.30:719][  0]LogMaterial: Uniform references updated for custom material expression Custom.
[2017.03.29-17.18.31:745][  0]SourceControl: Info Source control is disabled
[2017.03.29-17.18.31:745][  0]SourceControl: Info Source control is disabled
[2017.03.29-17.18.32:385][  0]SourceControl: Info Source control is disabled
[2017.03.29-17.18.32:393][  0]LogDesktopPlatform: DesktopPlatformLinux is not using LinuxNativeDialogs.
[2017.03.29-17.18.32:547][  0]SourceControl: Info Source control is disabled
[2017.03.29-17.18.34:707][  0]LogEngine: Initializing Engine...
[2017.03.29-17.18.35:271][  0]LogAIModule: Creating AISystem for world Untitled
[2017.03.29-17.18.35:280][  0]LogALAudio: ALAudio device opened : OpenAL Soft
[2017.03.29-17.18.35:281][  0]LogALAudio: AL_VENDOR      : OpenAL Community
[2017.03.29-17.18.35:281][  0]LogALAudio: AL_RENDERER    : OpenAL Soft
[2017.03.29-17.18.35:281][  0]LogALAudio: AL_VERSION     : 1.1 ALSOFT 1.15.1
[2017.03.29-17.18.35:281][  0]LogALAudio: AL_EXTENSIONS  : AL_EXT_ALAW AL_EXT_DOUBLE AL_EXT_EXPONENT_DISTANCE AL_EXT_FLOAT32 AL_EXT_IMA4 AL_EXT_LINEAR_DISTANCE AL_EXT_MCFORMATS AL_EXT_MULAW AL_EXT_MULAW_MCFORMATS AL_EXT_OFFSET AL_EXT_source_distance_model AL_LOKI_quadriphonic AL_SOFT_buffer_samples AL_SOFT_buffer_sub_data AL_SOFTX_deferred_updates AL_SOFT_direct_channels AL_SOFT_loop_points AL_SOFT_source_latency
[2017.03.29-17.18.35:282][  0]LogInit: FAudioDevice initialized.
[2017.03.29-17.18.35:323][  0]LogDerivedDataCache: Saved boot cache 0.04s 60MB ../../../../../../Prime/prime/Primer/DerivedDataCache/Boot.ddc.
[2017.03.29-17.18.35:331][  0]LogInit: Texture streaming: Enabled
[2017.03.29-17.18.36:101][  0]LogEngineSessionManager: EngineSessionManager initialized
[2017.03.29-17.18.36:833][  0]LogInit: Transaction tracking system initialized
[2017.03.29-17.18.37:848][  0]BlueprintLog: New page: Editor Load
[2017.03.29-17.18.40:293][  0]LocalizationService: Info Localization service is disabled
[2017.03.29-17.18.41:434][  0]LogTcpMessaging: Initializing TcpMessaging bridge
[2017.03.29-17.18.42:200][  0]LogConsoleResponse:Display: 
[2017.03.29-17.18.42:311][  0]LogFileCache: Scanning file cache for directory '/home/jason/Documents/_repos/Prime/prime/Primer/Content/' took 0.00s
[2017.03.29-17.18.42:311][  0]LogCook:Display: Max memory allowance for cook 16384mb min free memory 0mb
[2017.03.29-17.18.42:311][  0]LogCook:Display: Mobile HDR setting 1
[2017.03.29-17.18.44:721][  0]SourceControl: Info Source control is disabled
[2017.03.29-17.18.44:721][  0]Cmd: MAP LOAD FILE="../../../../../../Prime/prime/Primer/Content/GameFiles/Maps/BasicArena.umap" TEMPLATE=0 SHOWPROGRESS=1 FEATURELEVEL=3
[2017.03.29-17.18.44:721][  0]LightingResults: New page: Lighting Build
[2017.03.29-17.18.44:824][  0]MapCheck: New page: Map Check
[2017.03.29-17.18.44:824][  0]LightingResults: New page: Lighting Build
[2017.03.29-17.18.45:213][  0]LogAIModule: Creating AISystem for world BasicArena
[2017.03.29-17.18.45:218][  0]LogEditorServer: Finished looking for orphan Actors (0.000 secs)
[2017.03.29-17.18.45:218][  0]Cmd: MAP CHECKDEP NOCLEARLOG
[2017.03.29-17.18.45:232][  0]MapCheck: Info Map check complete: 0 Error(s), 0 Warning(s), took 14.01ms to complete.
[2017.03.29-17.18.45:232][  0]LogFileHelpers: Loading map 'BasicArena' took 0.512
[2017.03.29-17.18.45:507][  0]LogCollectionManager: Loaded 0 collections in 0.001341 seconds
[2017.03.29-17.18.45:523][  0]LogFileCache: Scanning file cache for directory '/home/jason/Documents/_repos/Prime/prime/Primer/Saved/Collections/' took 0.00s
[2017.03.29-17.18.45:523][  0]LogFileCache: Scanning file cache for directory '/home/jason/Documents/_repos/Prime/prime/Primer/Content/Developers/jason/Collections/' took 0.00s
[2017.03.29-17.18.45:523][  0]LogFileCache: Scanning file cache for directory '/home/jason/Documents/_repos/Prime/prime/Primer/Content/Collections/' took 0.00s
[2017.03.29-17.18.45:523][  0]LogContentBrowser: Native class hierarchy populated in 0.0123 seconds. Added 2232 classes and 429 folders.
[2017.03.29-17.18.45:526][  0]LogCollectionManager: Rebuilt the GUID cache for 0 collections in 0.000002 seconds
[2017.03.29-17.18.45:635][  0]LogStats: UGameplayTagsManager::ConstructGameplayTagTree: Construct from data asset -  0.000 s
[2017.03.29-17.18.45:635][  0]LogStats: UGameplayTagsManager::ConstructGameplayTagTree: GameplayTagTreeChangedEvent.Broadcast -  0.000 s
[2017.03.29-17.18.45:777][  0]LogContentBrowser: Native class hierarchy updated for 'WidgetCarousel' in 0.0009 seconds. Added 0 classes and 0 folders.
[2017.03.29-17.18.45:798][  0]LogContentBrowser: Native class hierarchy updated for 'AddContentDialog' in 0.0009 seconds. Added 0 classes and 0 folders.
[2017.03.29-17.18.45:923][  0]LogContentBrowser: Native class hierarchy updated for 'SceneOutliner' in 0.0010 seconds. Added 1 classes and 2 folders.
[2017.03.29-17.18.46:013][  0]LogCrashTracker: Crashtracker disabled due to settings.
[2017.03.29-17.18.46:027][  0]LogUObjectGlobals:Warning: Failed to find object 'Class None.'
[2017.03.29-17.18.46:178][  0]LogContentBrowser: Native class hierarchy updated for 'HierarchicalLODOutliner' in 0.0009 seconds. Added 1 classes and 2 folders.
[2017.03.29-17.18.46:178][  0]LogLoad: (Engine Initialization) Total time: 30.69 seconds
[2017.03.29-17.18.46:179][  0]LogLoad: (Engine Initialization) Total Blueprint compile time: 0.19 seconds
[2017.03.29-17.18.46:179][  0]LogExternalProfiler: No external profilers were discovered.  External profiling features will not be available.
[2017.03.29-17.18.46:516][  0]LogSlate: Took 0.000081 seconds to synchronously load lazily loaded font '../../../Engine/Content/Slate/Fonts/Roboto-Regular.ttf' (155K)
[2017.03.29-17.18.46:523][  0]LogSlate: Took 0.000101 seconds to synchronously load lazily loaded font '../../../Engine/Content/Slate/Fonts/Roboto-Bold.ttf' (160K)
[2017.03.29-17.18.46:528][  0]LogSlate: Took 0.000087 seconds to synchronously load lazily loaded font '../../../Engine/Content/Editor/Slate/Fonts/FontAwesome.ttf' (139K)
[2017.03.29-17.18.46:630][  0]LogRenderer: Reallocating scene render targets to support 1208x556 NumSamples 1 (Frame:2).
[2017.03.29-17.18.46:741][  0]LogLinux: Setting swap interval to 'Immediate'
[2017.03.29-17.18.46:778][  0]LogContentStreaming: Texture pool size now 1000 MB
[2017.03.29-17.18.46:854][  0]LogSlate: Took 0.000058 seconds to synchronously load lazily loaded font '../../../Engine/Content/Slate/Fonts/Roboto-Light.ttf' (159K)
[2017.03.29-17.18.46:882][  1]LogAssetRegistry: Asset discovery search completed in 21.1115 seconds
[2017.03.29-17.18.46:882][  1]LogCollectionManager: Rebuilt the object cache for 0 collections in 0.000000 seconds (found 0 objects)
[2017.03.29-17.18.46:882][  1]LogCollectionManager: Fixed up redirectors for 0 collections in 0.000051 seconds (updated 0 objects)
[2017.03.29-17.18.47:214][ 27]LogSlate: Took 0.000066 seconds to synchronously load lazily loaded font '../../../Engine/Content/Slate/Fonts/Roboto-Light.ttf' (159K)
[2017.03.29-17.18.47:410][ 49]LogLinux: Setting swap interval to 'Immediate'
[2017.03.29-17.19.49:837][531]LogLinux: Setting swap interval to 'Immediate'
[2017.03.29-17.19.50:954][652]LogLinux: Setting swap interval to 'Immediate'
[2017.03.29-17.20.02:504][ 22]LogTemp: Repeting last play command: Selected Viewport
[2017.03.29-17.20.02:519][ 22]LogPlayLevel: PlayLevel: No blueprints needed recompiling
[2017.03.29-17.20.02:520][ 22]PIE: New page: PIE session: BasicArena (Mar 29, 2017, 7:20:02 AM)
[2017.03.29-17.20.02:520][ 22]LogPlayLevel: Creating play world package: /Game/GameFiles/Maps/UEDPIE_1_BasicArena
[2017.03.29-17.20.02:523][ 22]LogPlayLevel: PIE: StaticDuplicateObject took: (0.002700s)
[2017.03.29-17.20.02:523][ 22]LogAIModule: Creating AISystem for world BasicArena
[2017.03.29-17.20.02:523][ 22]LogPlayLevel: PIE: World Init took: (0.000687s)
[2017.03.29-17.20.02:523][ 22]LogPlayLevel: PIE: Created PIE world by copying editor world from /Game/GameFiles/Maps/BasicArena.BasicArena to /Game/GameFiles/Maps/UEDPIE_1_BasicArena.BasicArena (0.003656s)
[2017.03.29-17.20.02:537][ 22]LogALAudio: ALAudio device opened : OpenAL Soft
[2017.03.29-17.20.02:538][ 22]LogALAudio: AL_VENDOR      : OpenAL Community
[2017.03.29-17.20.02:538][ 22]LogALAudio: AL_RENDERER    : OpenAL Soft
[2017.03.29-17.20.02:538][ 22]LogALAudio: AL_VERSION     : 1.1 ALSOFT 1.15.1
[2017.03.29-17.20.02:538][ 22]LogALAudio: AL_EXTENSIONS  : AL_EXT_ALAW AL_EXT_DOUBLE AL_EXT_EXPONENT_DISTANCE AL_EXT_FLOAT32 AL_EXT_IMA4 AL_EXT_LINEAR_DISTANCE AL_EXT_MCFORMATS AL_EXT_MULAW AL_EXT_MULAW_MCFORMATS AL_EXT_OFFSET AL_EXT_source_distance_model AL_LOKI_quadriphonic AL_SOFT_buffer_samples AL_SOFT_buffer_sub_data AL_SOFTX_deferred_updates AL_SOFT_direct_channels AL_SOFT_loop_points AL_SOFT_source_latency
[2017.03.29-17.20.02:538][ 22]LogInit: FAudioDevice initialized.
[2017.03.29-17.20.02:579][ 22]LogLoad: Game class is 'TwinStickMode_C'
[2017.03.29-17.20.02:581][ 22]LogWorld: Bringing World /Game/GameFiles/Maps/UEDPIE_1_BasicArena.BasicArena up for play (max tick rate 0) at 2017.03.29-12.20.02
[2017.03.29-17.20.02:582][ 22]LogWorld: Bringing up level for play took: 0.000911
[2017.03.29-17.20.02:693][ 22]LogContentBrowser: Native class hierarchy updated for 'MovieSceneCapture' in 0.0011 seconds. Added 11 classes and 0 folders.
[2017.03.29-17.20.02:695][ 22]LogInit: BSD: Socket queue 262144 / 262144
[2017.03.29-17.20.02:695][ 22]LogInit: BSD: I am jason-Xubuntu (127.0.1.1:0)
[2017.03.29-17.20.02:695][ 22]PacketHandlerLog: Loaded PacketHandler component: Engine.EngineHandlerComponentFactory (StatelessConnectHandlerComponent)
[2017.03.29-17.20.02:695][ 22]LogNet: GameNetDriver IpNetDriver_0 IpNetDriver listening on port 7777
[2017.03.29-17.20.02:696][ 22]PIE: Info Play in editor start time for /Game/GameFiles/Maps/UEDPIE_1_BasicArena 0.171
[2017.03.29-17.20.02:696][ 22]PIE: New page: PIE session: BasicArena (Mar 29, 2017, 7:20:02 AM)
[2017.03.29-17.20.02:742][ 22]LogNet: Browse: 127.0.0.1//Game/GameFiles/Maps/BasicArena
[2017.03.29-17.20.02:742][ 22]LogInit: BSD: Socket queue 65536 / 65536
[2017.03.29-17.20.02:742][ 22]PacketHandlerLog: Loaded PacketHandler component: Engine.EngineHandlerComponentFactory (StatelessConnectHandlerComponent)
[2017.03.29-17.20.02:742][ 22]LogNet: Game client on port 7777, rate 10000
[2017.03.29-17.20.02:742][ 22]LogNetVersion: GetLocalNetworkVersion: CL: 0, ProjectName: primer, ProjectVersion: 1.0.0.0, EngineNetworkVersion: 2, GameNetworkVersion: 0, NetworkChecksum: 3935806896
[2017.03.29-17.20.02:742][ 22]LogNet: UPendingNetGame::InitNetDriver: Sending hello. [UNetConnection] RemoteAddr: 127.0.0.1:7777, Name: IpConnection_0, Driver: PendingNetDriver IpNetDriver_1, IsServer: NO, PC: NULL, Owner: NULL
[2017.03.29-17.20.02:745][ 22]PIE: Info Play in editor start time for /Game/GameFiles/Maps/BasicArena 0.221
[2017.03.29-17.20.02:747][ 22]LogNet: NotifyAcceptingConnection accepted from: 127.0.0.1:48827
[2017.03.29-17.20.02:748][ 22]LogHandshake: SendConnectChallenge. Timestamp: 0.008334, Cookie: 125136198191031103167166101064074249117011251249189178214182
[2017.03.29-17.20.02:763][ 22]LogHandshake: SendChallengeResponse. Timestamp: 0.008334, Cookie: 125136198191031103167166101064074249117011251249189178214182
[2017.03.29-17.20.02:853][ 23]LogNet: NotifyAcceptingConnection accepted from: 127.0.0.1:48827
[2017.03.29-17.20.02:853][ 23]LogNet: Server accepting post-challenge connection from: 127.0.0.1:48827
[2017.03.29-17.20.02:853][ 23]PacketHandlerLog: Loaded PacketHandler component: Engine.EngineHandlerComponentFactory (StatelessConnectHandlerComponent)
[2017.03.29-17.20.02:853][ 23]LogNet: NotifyAcceptedConnection: Name: BasicArena, TimeStamp: 03/29/17 12:20:02, [UNetConnection] RemoteAddr: 127.0.0.1:48827, Name: IpConnection_1, Driver: GameNetDriver IpNetDriver_0, IsServer: YES, PC: NULL, Owner: NULL
[2017.03.29-17.20.02:854][ 23]LogNet: AddClientConnection: Added client connection: [UNetConnection] RemoteAddr: 127.0.0.1:48827, Name: IpConnection_1, Driver: GameNetDriver IpNetDriver_0, IsServer: YES, PC: NULL, Owner: NULL
[2017.03.29-17.20.02:854][ 23]LogNet: NotifyAcceptingChannel Control 0 server World /Game/GameFiles/Maps/UEDPIE_1_BasicArena.BasicArena: Accepted
[2017.03.29-17.20.02:854][ 23]LogNet: Remote platform little endian=1
[2017.03.29-17.20.02:854][ 23]LogNet: This platform little endian=1
[2017.03.29-17.20.02:861][ 23]LogLinux: Setting swap interval to 'Immediate'
[2017.03.29-17.20.02:888][ 24]LogNet: Login request: /Game/GameFiles/Maps/BasicArena userId: Invalid
[2017.03.29-17.20.02:889][ 24]LogNet: Welcomed by server (Level: /Game/GameFiles/Maps/UEDPIE_1_BasicArena, Game: /Game/GameFiles/Blueprints/GameMode/TwinStickMode.TwinStickMode_C)
[2017.03.29-17.20.02:889][ 24]LogLoad: LoadMap: 127.0.0.1//Game/GameFiles/Maps/UEDPIE_1_BasicArena?game=/Game/GameFiles/Blueprints/GameMode/TwinStickMode.TwinStickMode_C
[2017.03.29-17.20.02:905][ 24]Cmd: MEM
[2017.03.29-17.20.02:934][ 24]LogMemory: Platform Memory Stats for Linux
[2017.03.29-17.20.02:934][ 24]LogMemory: Process Physical Memory: 1163.15 MB used, 1213.33 MB peak
[2017.03.29-17.20.02:934][ 24]LogMemory: Process Virtual Memory: 3884.91 MB used, 3924.31 MB peak
[2017.03.29-17.20.02:934][ 24]LogMemory: Physical Memory: 3270.01 MB used,  20723.99 MB free, 23994.00 MB total
[2017.03.29-17.20.02:934][ 24]LogMemory: Virtual Memory: 0.00 MB used,  20723.99 MB free, 14305.00 MB total
[2017.03.29-17.20.02:934][ 24]LogMemory: 
[2017.03.29-17.20.02:935][ 24]LogMemory: Allocator Stats for binned:
[2017.03.29-17.20.02:935][ 24]LogMemory: Current Memory 620.25 MB used, plus 8.32 MB waste
[2017.03.29-17.20.02:935][ 24]LogMemory: Peak Memory 656.11 MB used, plus 6.91 MB waste
[2017.03.29-17.20.02:935][ 24]LogMemory: Current OS Memory 628.57 MB, peak 663.02 MB
[2017.03.29-17.20.02:935][ 24]LogMemory: Current Waste 5.20 MB, peak 5.22 MB
[2017.03.29-17.20.02:935][ 24]LogMemory: Current Used 620.25 MB, peak 656.11 MB
[2017.03.29-17.20.02:935][ 24]LogMemory: Current Slack 3.12 MB
[2017.03.29-17.20.02:935][ 24]LogMemory: Allocs       1161212 Current /  21324699 Total
[2017.03.29-17.20.02:935][ 24]LogMemory: 
[2017.03.29-17.20.02:935][ 24]LogMemory: Block Size Num Pools Max Pools Cur Allocs Total Allocs Min Req Max Req Mem Used Mem Slack Mem Waste Efficiency
[2017.03.29-17.20.02:935][ 24]LogMemory: ---------- --------- --------- ---------- ------------ ------- ------- -------- --------- --------- ----------
[2017.03.29-17.20.02:935][ 24]LogMemory:          8         0         0          0            0       8       0       0K        0K        0K    100.00%
[2017.03.29-17.20.02:935][ 24]LogMemory:         16        33        33     133488      1454376      16      16    2085K       27K        0K    100.00%
[2017.03.29-17.20.02:935][ 24]LogMemory:         32        95        95     191056      1062496      17      32    5970K      110K      981K     83.87%
[2017.03.29-17.20.02:935][ 24]LogMemory:         48        40        40      52884       682661      33      48    2478K       82K      191K     92.54%
[2017.03.29-17.20.02:935][ 24]LogMemory:         64       106       106     107201       831064      49      64    6700K       84K      306K     95.49%
[2017.03.29-17.20.02:935][ 24]LogMemory:         80        84        84      67937       382807      65      80    5307K       68K      284K     94.72%
[2017.03.29-17.20.02:935][ 24]LogMemory:         96        67        67      45480      1557932      81      96    4263K       21K      165K     96.15%
[2017.03.29-17.20.02:935][ 24]LogMemory:        112        87        87      50326      1986758      97     112    5504K       63K      340K     93.89%
[2017.03.29-17.20.02:935][ 24]LogMemory:        128        80        80      40492      2079171     113     128    5061K       59K      301K     94.12%
[2017.03.29-17.20.02:935][ 24]LogMemory:        160       290       303     118116      2682122     129     160   18455K       78K     1507K     91.88%
[2017.03.29-17.20.02:935][ 24]LogMemory:        192       133       133      45070      1418981     161     192    8450K       54K      621K     92.70%
[2017.03.29-17.20.02:935][ 24]LogMemory:        224       113       114      32977      1997870     193     224    7213K        5K      578K     92.01%
[2017.03.29-17.20.02:935][ 24]LogMemory:        256        85        85      21472      1128484     225     256    5368K       72K      351K     93.55%
[2017.03.29-17.20.02:935][ 24]LogMemory:        288        77        77      17285       663557     257     288    4861K       55K      240K     95.13%
[2017.03.29-17.20.02:935][ 24]LogMemory:        320       100       100      20326       384615     289     320    6351K       24K      333K     94.80%
[2017.03.29-17.20.02:935][ 24]LogMemory:        384       209       209      34357       642070     321     384   12883K      441K     1221K     90.87%
[2017.03.29-17.20.02:935][ 24]LogMemory:        448       336       336      48813       447458     385     448   21355K      107K     1232K     94.27%
[2017.03.29-17.20.02:935][ 24]LogMemory:        512       510       795      65088       489057     449     512   32544K       96K     1864K     94.29%
[2017.03.29-17.20.02:936][ 24]LogMemory:        576       103       103      11618       525505     513     576    6535K       12K      471K     92.85%
[2017.03.29-17.20.02:936][ 24]LogMemory:        640       117       117      11816        93828     577     640    7385K       74K      418K     94.42%
[2017.03.29-17.20.02:936][ 24]LogMemory:        704        57        57       5254        40839     641     704    3612K       33K      154K     95.78%
[2017.03.29-17.20.02:936][ 24]LogMemory:        768        27        29       2234        43007     706     768    1675K       47K       74K     95.72%
[2017.03.29-17.20.02:936][ 24]LogMemory:        896       132       132       9484        40608     769     896    8298K      134K      711K     91.58%
[2017.03.29-17.20.02:936][ 24]LogMemory:       1024        65        65       4085        56400     897    1024    4085K       75K       74K     98.22%
[2017.03.29-17.20.02:936][ 24]LogMemory:       1168        56        56       3115        22269    1025    1168    3553K       24K      106K     97.04%
[2017.03.29-17.20.02:936][ 24]LogMemory:       1360        53        54       2522        17512    1172    1360    3349K       30K      237K     93.01%
[2017.03.29-17.20.02:936][ 24]LogMemory:       1632       119       119       4692        23548    1362    1632    7477K      110K      702K     90.78%
[2017.03.29-17.20.02:936][ 24]LogMemory:       2048        92        92       2902        69517    1636    2048    5804K       84K      333K     94.34%
[2017.03.29-17.20.02:936][ 24]LogMemory:       2336        52        52       1409        15161    2049    2336    3214K      108K      160K     95.19%
[2017.03.29-17.20.02:936][ 24]LogMemory:       2720        46        46       1068        21075    2340    2720    2836K       97K      191K     93.51%
[2017.03.29-17.20.02:936][ 24]LogMemory:       3264       117       118       2310       105994    2724    3264    7363K       96K      834K     88.86%
[2017.03.29-17.20.02:936][ 24]LogMemory:       4096        64        65       1008        29092    3265    4096    4032K       64K      254K     93.80%
[2017.03.29-17.20.02:936][ 24]LogMemory:       4672        47        47        610        34216    4097    4670    2783K      220K      175K     94.18%
[2017.03.29-17.20.02:936][ 24]LogMemory:       5456        42        42        500         2844    4673    5452    2664K       22K      175K     93.49%
[2017.03.29-17.20.02:936][ 24]LogMemory:       6544        31        63        297        14001    5457    6544    1898K       84K      185K     90.68%
[2017.03.29-17.20.02:936][ 24]LogMemory:       8192        62        64        485        15151    6550    8192    3880K       88K      254K     93.60%
[2017.03.29-17.20.02:936][ 24]LogMemory:       9360        23        24        160         4736    8196    9360    1462K       10K       53K     96.40%
[2017.03.29-17.20.02:936][ 24]LogMemory:      10912       280       280       1674        29328    9362   10912   17838K       65K     1215K     93.22%
[2017.03.29-17.20.02:936][ 24]LogMemory:      13104        87        89        432        45776   10920   13096    5528K       39K      444K     92.03%
[2017.03.29-17.20.02:936][ 24]LogMemory:      16384        39        83        150         8814   13112   16384    2400K       96K      209K     91.63%
[2017.03.29-17.20.02:936][ 24]LogMemory:      21840        51        55        150        42939   16388   21832    3199K       65K      588K     81.99%
[2017.03.29-17.20.02:936][ 24]LogMemory:      32768       105       109        207        45547   21844   32758    6624K       96K     1348K     79.94%
[2017.03.29-17.20.02:936][ 24]LogMemory: 
[2017.03.29-17.20.02:936][ 24]LogMemory: 275968K allocated in pools (with 3219K slack and 19880K waste). Efficiency 92.80%
[2017.03.29-17.20.02:936][ 24]LogMemory: Allocations 1160551 Current / 21239187 Total (in 4312 pools)
[2017.03.29-17.20.02:936][ 24]LogMemory: 
[2017.03.29-17.20.02:939][ 24]LogAIModule: Creating AISystem for world BasicArena
[2017.03.29-17.20.02:941][ 24]LogWorld: Bringing World /Game/GameFiles/Maps/UEDPIE_2_BasicArena.BasicArena up for play (max tick rate 0) at 2017.03.29-12.20.02
[2017.03.29-17.20.02:941][ 24]LogWorld: Bringing up level for play took: 0.000730
[2017.03.29-17.20.02:941][ 24]LogLoad: Took 0.052436 seconds to LoadMap(/Game/GameFiles/Maps/UEDPIE_1_BasicArena)
[2017.03.29-17.20.02:966][ 25]LogRenderer: Reallocating scene render targets to support 1280x720 NumSamples 1 (Frame:1594).
[2017.03.29-17.20.02:967][ 25]LogNet: Client netspeed is 10000
[2017.03.29-17.20.02:967][ 25]LogNet: Join request: /Game/GameFiles/Maps/BasicArena?SplitscreenCount=1
[2017.03.29-17.20.02:970][ 25]LogNet: Join succeeded: 257
[2017.03.29-17.22.20:601][ 12]LogNet: UChannel::CleanUp: ChIndex == 0. Closing connection. [UChannel] ChIndex: 0, Closing: 0 [UNetConnection] RemoteAddr: 127.0.0.1:48827, Name: IpConnection_1, Driver: GameNetDriver IpNetDriver_0, IsServer: YES, PC: None, Owner: None
[2017.03.29-17.22.20:601][ 12]LogNet: UNetConnection::Close: [UNetConnection] RemoteAddr: 127.0.0.1:48827, Name: IpConnection_1, Driver: GameNetDriver IpNetDriver_0, IsServer: YES, PC: None, Owner: None, Channels: 2, Time: 2017.03.29-17.22.20
[2017.03.29-17.22.20:601][ 12]LogNet: UChannel::Close: Sending CloseBunch. ChIndex == 0. Name: [UChannel] ChIndex: 0, Closing: 0 [UNetConnection] RemoteAddr: 127.0.0.1:48827, Name: IpConnection_1, Driver: GameNetDriver IpNetDriver_0, IsServer: YES, PC: None, Owner: None
[2017.03.29-17.22.20:601][ 12]LogNet: UChannel::CleanUp: ChIndex == 0. Closing connection. [UChannel] ChIndex: 0, Closing: 0 [UNetConnection] RemoteAddr: 127.0.0.1:7777, Name: IpConnection_0, Driver: GameNetDriver IpNetDriver_1, IsServer: NO, PC: None, Owner: None
[2017.03.29-17.22.20:601][ 12]LogNet: UNetConnection::Close: [UNetConnection] RemoteAddr: 127.0.0.1:7777, Name: IpConnection_0, Driver: GameNetDriver IpNetDriver_1, IsServer: NO, PC: None, Owner: None, Channels: 2, Time: 2017.03.29-17.22.20
[2017.03.29-17.22.20:601][ 12]LogNet: UChannel::Close: Sending CloseBunch. ChIndex == 0. Name: [UChannel] ChIndex: 0, Closing: 0 [UNetConnection] RemoteAddr: 127.0.0.1:7777, Name: IpConnection_0, Driver: GameNetDriver IpNetDriver_1, IsServer: NO, PC: None, Owner: None
[2017.03.29-17.22.20:603][ 12]LogALAudio: Closing ALAudio device : OpenAL Soft
[2017.03.29-17.22.20:603][ 12]LogExit: GameNetDriver None shut down
[2017.03.29-17.22.20:603][ 12]LogExit: GameNetDriver None shut down
[2017.03.29-17.22.22:883][262]LogLinux: Setting swap interval to 'Immediate'
[2017.03.29-17.22.48:751][192]LogSlate: Took 0.000117 seconds to synchronously load lazily loaded font '../../../Engine/Content/Slate/Fonts/Roboto-Light.ttf' (159K)
[2017.03.29-17.22.49:113][192]LogLinux: Setting swap interval to 'Immediate'
[2017.03.29-17.22.49:113][192]LogContentBrowser: Native class hierarchy updated for 'SkeletonEditor' in 0.0011 seconds. Added 1 classes and 2 folders.
[2017.03.29-17.22.49:198][192]LogActorComponent: RegisterComponentWithWorld: (/Engine/Transient.World_6:PersistentLevel.Actor_0.DebugSkelMeshComponent_0) Already registered. Aborting.
[2017.03.29-17.22.49:299][192]LogSlate: Took 0.000074 seconds to synchronously load lazily loaded font '../../../Engine/Content/Slate/Fonts/Roboto-Regular.ttf' (155K)
[2017.03.29-17.22.49:569][194]LogLinux: Setting swap interval to 'Immediate'
[2017.03.29-17.23.27:299][237]LogLinux: Setting swap interval to 'Immediate'
[2017.03.29-17.23.34:707][804]LogSlate: Took 0.000106 seconds to synchronously load lazily loaded font '../../../Engine/Content/Editor/Slate/Fonts/Roboto-Italic.ttf' (157K)
[2017.03.29-17.23.34:835][804]LogLinux: Setting swap interval to 'Immediate'
[2017.03.29-17.23.46:567][541]LogLinux: Setting swap interval to 'Immediate'
[2017.03.29-17.24.04:793][854]LogLinux: Setting swap interval to 'Immediate'
[2017.03.29-17.24.15:602][582]LogLinux: Setting swap interval to 'Immediate'
[2017.03.29-17.24.20:818][996]LogLinuxWindowEvent:Warning: Suppressing too large relative mouse movement due to an apparent bug (462, 710 is larger than threshold 250)
[2017.03.29-17.24.22:546][128]LogLinuxWindowEvent:Warning: Suppressing too large relative mouse movement due to an apparent bug (460, 710 is larger than threshold 250)
[2017.03.29-17.24.28:747][601]Cmd: TRANSACTION UNDO
[2017.03.29-17.24.28:747][601]LogEditorTransaction: Undo Edit Rate Scale
[2017.03.29-17.24.28:750][601]LogActorComponent: RegisterComponentWithWorld: (/Engine/Transient.World_6:PersistentLevel.Actor_0.DebugSkelMeshComponent_0) Already registered. Aborting.
[2017.03.29-17.24.28:980][614]LogLinux: Setting swap interval to 'Immediate'
[2017.03.29-17.24.29:515][646]Cmd: TRANSACTION UNDO
[2017.03.29-17.24.29:515][646]LogEditorTransaction: Undo Edit Rate Scale
[2017.03.29-17.24.29:517][646]LogActorComponent: RegisterComponentWithWorld: (/Engine/Transient.World_6:PersistentLevel.Actor_0.DebugSkelMeshComponent_0) Already registered. Aborting.
[2017.03.29-17.24.43:116][401]LogLinux: Setting swap interval to 'Immediate'
[2017.03.29-17.24.45:094][530]LogLinux: Setting swap interval to 'Immediate'
[2017.03.29-17.24.48:182][735]LogLinux: Setting swap interval to 'Immediate'
[2017.03.29-17.25.04:761][  1]LogLinux: Setting swap interval to 'Immediate'
[2017.03.29-17.25.04:818][  1]LogSavePackage: Save=19.90ms
[2017.03.29-17.25.04:818][  1]LogSavePackage: Moving '../../../../../../Prime/prime/Primer/Saved/CharBlendSpace14E15EE004030C1D0019031EBBC1FAB3.tmp' to '../../../../../../Prime/prime/Primer/Content/GameFiles/3DAssets/Character_v3/3DAssetControl/CharBlendSpace.uasset'
[2017.03.29-17.25.04:819][  1]LogSavePackage:Display: Finished SavePackage ../../../../../../Prime/prime/Primer/Content/GameFiles/3DAssets/Character_v3/3DAssetControl/CharBlendSpace.uasset
[2017.03.29-17.25.04:891][  2]LogLinux: Setting swap interval to 'Immediate'
[2017.03.29-17.25.04:897][  2]LogSavePackage: Save=1.86ms
[2017.03.29-17.25.04:897][  2]LogSavePackage: Moving '../../../../../../Prime/prime/Primer/Saved/CharBlendSpace14E328E904030C1D0019037FBBC37169.tmp' to '../../../../../../Prime/prime/Primer/Content/GameFiles/3DAssets/Character_v3/3DAssetControl/CharBlendSpace.uasset'
[2017.03.29-17.25.04:897][  2]LogSavePackage:Display: Finished SavePackage ../../../../../../Prime/prime/Primer/Content/GameFiles/3DAssets/Character_v3/3DAssetControl/CharBlendSpace.uasset
[2017.03.29-17.25.07:154][136]LogLinux: Setting swap interval to 'Immediate'
[2017.03.29-17.25.16:631][802]LogLinux: Setting swap interval to 'Immediate'
[2017.03.29-17.25.17:850][904]LogLinux: Setting swap interval to 'Immediate'
[2017.03.29-17.25.17:871][904]LogActorComponent: RegisterComponentWithWorld: (/Engine/Transient.World_10:PersistentLevel.Actor_1.DebugSkelMeshComponent_4) Already registered. Aborting.
[2017.03.29-17.25.34:086][731]LogLinux: Setting swap interval to 'Immediate'
[2017.03.29-17.25.36:718][988]LogLinux: Setting swap interval to 'Immediate'
[2017.03.29-17.25.44:283][724]LogLinux: Setting swap interval to 'Immediate'
[2017.03.29-17.26.50:579][464]LogLinux: Setting swap interval to 'Immediate'
[2017.03.29-17.28.26:454][703]LogLinux: Setting swap interval to 'Immediate'
[2017.03.29-17.28.26:515][703]LogSavePackage: Save=19.70ms
[2017.03.29-17.28.26:515][703]LogSavePackage: Moving '../../../../../../Prime/prime/Primer/Saved/char_anims_1_Anim_skeleton_Run150CFA9C1A030C1D001C01EFC7C7A5B1.tmp' to '../../../../../../Prime/prime/Primer/Content/GameFiles/3DAssets/Character_v3/char_anims_1_Anim_skeleton_Run.uasset'
[2017.03.29-17.28.26:516][703]LogSavePackage:Display: Finished SavePackage ../../../../../../Prime/prime/Primer/Content/GameFiles/3DAssets/Character_v3/char_anims_1_Anim_skeleton_Run.uasset
[2017.03.29-17.28.30:698][ 17]LogLinux: Setting swap interval to 'Immediate'
[2017.03.29-17.28.32:286][199]LogLinux: Setting swap interval to 'Immediate'
[2017.03.29-17.28.37:578][595]LogLinux: Setting swap interval to 'Immediate'
[2017.03.29-17.28.41:924][883]LogLinux: Setting swap interval to 'Immediate'
[2017.03.29-17.28.41:927][883]Cmd: OBJ SAVEPACKAGE PACKAGE="/Game/GameFiles/Maps/BasicArena" FILE="../../../../../../Prime/prime/Primer/Content/GameFiles/Maps/BasicArena.umap" SILENT=true AUTOSAVING=false KEEPDIRTY=false
[2017.03.29-17.28.41:965][883]LogSavePackage: Save=24.27ms
[2017.03.29-17.28.41:965][883]LogSavePackage: Moving '../../../../../../Prime/prime/Primer/Saved/BasicArena150F010229030C1D001C03ACC8B3576F.tmp' to '../../../../../../Prime/prime/Primer/Content/GameFiles/Maps/BasicArena.umap'
[2017.03.29-17.28.41:965][883]LogSavePackage:Display: Finished SavePackage ../../../../../../Prime/prime/Primer/Content/GameFiles/Maps/BasicArena.umap
[2017.03.29-17.28.41:996][883]Cmd: OBJ SAVEPACKAGE PACKAGE="/Game/GameFiles/Maps/BasicArena_BuiltData" FILE="../../../../../../Prime/prime/Primer/Content/GameFiles/Maps/BasicArena_BuiltData.uasset" SILENT=true
[2017.03.29-17.28.42:199][883]LogSavePackage: Save=199.09ms
[2017.03.29-17.28.42:199][883]LogSavePackage: Moving '../../../../../../Prime/prime/Primer/Saved/BasicArena_BuiltData15119DCF2A030C1D001C0000C8B43072.tmp' to '../../../../../../Prime/prime/Primer/Content/GameFiles/Maps/BasicArena_BuiltData.uasset'
[2017.03.29-17.28.42:199][883]LogSavePackage:Display: Finished SavePackage ../../../../../../Prime/prime/Primer/Content/GameFiles/Maps/BasicArena_BuiltData.uasset
[2017.03.29-17.28.43:434][951]LogLinux: Setting swap interval to 'Immediate'
[2017.03.29-17.28.43:490][951]LogSavePackage: Save=21.14ms
[2017.03.29-17.28.43:490][951]LogSavePackage: Moving '../../../../../../Prime/prime/Primer/Saved/char_anims_1_Anim_skeleton_RunBackwards151381752B030C1D001C01D5C8CAA44C.tmp' to '../../../../../../Prime/prime/Primer/Content/GameFiles/3DAssets/Character_v3/char_anims_1_Anim_skeleton_RunBackwards.uasset'
[2017.03.29-17.28.43:491][951]LogSavePackage:Display: Finished SavePackage ../../../../../../Prime/prime/Primer/Content/GameFiles/3DAssets/Character_v3/char_anims_1_Anim_skeleton_RunBackwards.uasset
[2017.03.29-17.28.43:544][952]LogLinux: Setting swap interval to 'Immediate'
[2017.03.29-17.28.43:553][952]LogSavePackage: Save=1.78ms
[2017.03.29-17.28.43:553][952]LogSavePackage: Moving '../../../../../../Prime/prime/Primer/Saved/char_anims_1_Anim_skeleton_RunBackwards1515E2C62B030C1D001C0227C8CBE32C.tmp' to '../../../../../../Prime/prime/Primer/Content/GameFiles/3DAssets/Character_v3/char_anims_1_Anim_skeleton_RunBackwards.uasset'
[2017.03.29-17.28.43:554][952]LogSavePackage:Display: Finished SavePackage ../../../../../../Prime/prime/Primer/Content/GameFiles/3DAssets/Character_v3/char_anims_1_Anim_skeleton_RunBackwards.uasset
[2017.03.29-17.28.43:614][953]LogLinux: Setting swap interval to 'Immediate'
[2017.03.29-17.28.43:623][953]LogSavePackage: Save=1.79ms
[2017.03.29-17.28.43:623][953]LogSavePackage: Moving '../../../../../../Prime/prime/Primer/Saved/char_anims_1_Anim_skeleton_RunBackwards15174E6C2B030C1D001C026DC8CCF192.tmp' to '../../../../../../Prime/prime/Primer/Content/GameFiles/3DAssets/Character_v3/char_anims_1_Anim_skeleton_RunBackwards.uasset'
[2017.03.29-17.28.43:624][953]LogSavePackage:Display: Finished SavePackage ../../../../../../Prime/prime/Primer/Content/GameFiles/3DAssets/Character_v3/char_anims_1_Anim_skeleton_RunBackwards.uasset
[2017.03.29-17.28.44:799][ 19]LogLinux: Setting swap interval to 'Immediate'
[2017.03.29-17.28.44:820][ 19]LogActorComponent: RegisterComponentWithWorld: (/Engine/Transient.World_13:PersistentLevel.Actor_2.DebugSkelMeshComponent_7) Already registered. Aborting.
[2017.03.29-17.28.49:536][476]LogLinux: Setting swap interval to 'Immediate'
[2017.03.29-17.28.49:588][476]LogSavePackage: Save=19.00ms
[2017.03.29-17.28.49:588][476]LogSavePackage: Moving '../../../../../../Prime/prime/Primer/Saved/char_anims_1_Anim_skeleton_RunBackwards153E4D9231030C1D001C0239C927B098.tmp' to '../../../../../../Prime/prime/Primer/Content/GameFiles/3DAssets/Character_v3/char_anims_1_Anim_skeleton_RunBackwards.uasset'
[2017.03.29-17.28.49:589][476]LogSavePackage:Display: Finished SavePackage ../../../../../../Prime/prime/Primer/Content/GameFiles/3DAssets/Character_v3/char_anims_1_Anim_skeleton_RunBackwards.uasset
[2017.03.29-17.29.00:763][507]LogLinux: Setting swap interval to 'Immediate'
[2017.03.29-17.29.02:621][662]LogLinux: Setting swap interval to 'Immediate'
[2017.03.29-17.29.04:937][892]LogLinux: Setting swap interval to 'Immediate'
[2017.03.29-17.29.04:946][892]LogSavePackage: Save=1.74ms
[2017.03.29-17.29.04:946][892]LogSavePackage: Moving '../../../../../../Prime/prime/Primer/Saved/CharBlendSpace1540447804030C1D001D03B0CA125438.tmp' to '../../../../../../Prime/prime/Primer/Content/GameFiles/3DAssets/Character_v3/3DAssetControl/CharBlendSpace.uasset'
[2017.03.29-17.29.04:947][892]LogSavePackage:Display: Finished SavePackage ../../../../../../Prime/prime/Primer/Content/GameFiles/3DAssets/Character_v3/3DAssetControl/CharBlendSpace.uasset
[2017.03.29-17.29.04:979][892]LogLinux: Setting swap interval to 'Immediate'
[2017.03.29-17.29.04:986][892]LogSavePackage: Save=1.78ms
[2017.03.29-17.29.04:986][892]LogSavePackage: Moving '../../../../../../Prime/prime/Primer/Saved/CharBlendSpace1542C50804030C1D001D03D8CA12E86D.tmp' to '../../../../../../Prime/prime/Primer/Content/GameFiles/3DAssets/Character_v3/3DAssetControl/CharBlendSpace.uasset'
[2017.03.29-17.29.04:987][892]LogSavePackage:Display: Finished SavePackage ../../../../../../Prime/prime/Primer/Content/GameFiles/3DAssets/Character_v3/3DAssetControl/CharBlendSpace.uasset
[2017.03.29-17.29.05:019][892]LogLinux: Setting swap interval to 'Immediate'
[2017.03.29-17.29.05:027][892]LogSavePackage: Save=2.20ms
[2017.03.29-17.29.05:027][892]LogSavePackage: Moving '../../../../../../Prime/prime/Primer/Saved/CharBlendSpace1544979705030C1D001D0019CA138A16.tmp' to '../../../../../../Prime/prime/Primer/Content/GameFiles/3DAssets/Character_v3/3DAssetControl/CharBlendSpace.uasset'
[2017.03.29-17.29.05:028][892]LogSavePackage:Display: Finished SavePackage ../../../../../../Prime/prime/Primer/Content/GameFiles/3DAssets/Character_v3/3DAssetControl/CharBlendSpace.uasset
[2017.03.29-17.29.05:072][893]LogLinux: Setting swap interval to 'Immediate'
[2017.03.29-17.29.05:079][893]LogSavePackage: Save=1.86ms
[2017.03.29-17.29.05:079][893]LogSavePackage: Moving '../../../../../../Prime/prime/Primer/Saved/CharBlendSpace154643D305030C1D001D004DCA145D71.tmp' to '../../../../../../Prime/prime/Primer/Content/GameFiles/3DAssets/Character_v3/3DAssetControl/CharBlendSpace.uasset'
[2017.03.29-17.29.05:080][893]LogSavePackage:Display: Finished SavePackage ../../../../../../Prime/prime/Primer/Content/GameFiles/3DAssets/Character_v3/3DAssetControl/CharBlendSpace.uasset
[2017.03.29-17.29.29:303][224]LogLinux: Setting swap interval to 'Immediate'
[2017.03.29-17.29.29:312][224]LogSavePackage: Save=1.86ms
[2017.03.29-17.29.29:312][224]LogSavePackage: Moving '../../../../../../Prime/prime/Primer/Saved/CharBlendSpace15483A601D030C1D001D0136CB8619FF.tmp' to '../../../../../../Prime/prime/Primer/Content/GameFiles/3DAssets/Character_v3/3DAssetControl/CharBlendSpace.uasset'
[2017.03.29-17.29.29:313][224]LogSavePackage:Display: Finished SavePackage ../../../../../../Prime/prime/Primer/Content/GameFiles/3DAssets/Character_v3/3DAssetControl/CharBlendSpace.uasset
[2017.03.29-17.29.31:460][434]LogTemp: Repeting last play command: Selected Viewport
[2017.03.29-17.29.31:476][434]LogPlayLevel: PlayLevel: No blueprints needed recompiling
[2017.03.29-17.29.31:477][434]PIE: New page: PIE session: BasicArena (Mar 29, 2017, 7:29:31 AM)
[2017.03.29-17.29.31:477][434]LogPlayLevel: Creating play world package: /Game/GameFiles/Maps/UEDPIE_0_BasicArena
[2017.03.29-17.29.31:479][434]LogPlayLevel: PIE: StaticDuplicateObject took: (0.002681s)
[2017.03.29-17.29.31:480][434]LogAIModule: Creating AISystem for world BasicArena
[2017.03.29-17.29.31:480][434]LogPlayLevel: PIE: World Init took: (0.000614s)
[2017.03.29-17.29.31:480][434]LogPlayLevel: PIE: Created PIE world by copying editor world from /Game/GameFiles/Maps/BasicArena.BasicArena to /Game/GameFiles/Maps/UEDPIE_0_BasicArena.BasicArena (0.003559s)
[2017.03.29-17.29.31:495][434]LogALAudio: ALAudio device opened : OpenAL Soft
[2017.03.29-17.29.31:496][434]LogALAudio: AL_VENDOR      : OpenAL Community
[2017.03.29-17.29.31:496][434]LogALAudio: AL_RENDERER    : OpenAL Soft
[2017.03.29-17.29.31:496][434]LogALAudio: AL_VERSION     : 1.1 ALSOFT 1.15.1
[2017.03.29-17.29.31:496][434]LogALAudio: AL_EXTENSIONS  : AL_EXT_ALAW AL_EXT_DOUBLE AL_EXT_EXPONENT_DISTANCE AL_EXT_FLOAT32 AL_EXT_IMA4 AL_EXT_LINEAR_DISTANCE AL_EXT_MCFORMATS AL_EXT_MULAW AL_EXT_MULAW_MCFORMATS AL_EXT_OFFSET AL_EXT_source_distance_model AL_LOKI_quadriphonic AL_SOFT_buffer_samples AL_SOFT_buffer_sub_data AL_SOFTX_deferred_updates AL_SOFT_direct_channels AL_SOFT_loop_points AL_SOFT_source_latency
[2017.03.29-17.29.31:496][434]LogInit: FAudioDevice initialized.
[2017.03.29-17.29.31:526][434]LogLoad: Game class is 'TwinStickMode_C'
[2017.03.29-17.29.31:528][434]LogWorld: Bringing World /Game/GameFiles/Maps/UEDPIE_0_BasicArena.BasicArena up for play (max tick rate 0) at 2017.03.29-12.29.31
[2017.03.29-17.29.31:529][434]LogWorld: Bringing up level for play took: 0.001089
[2017.03.29-17.29.31:531][434]PIE: Info Play in editor start time for /Game/GameFiles/Maps/UEDPIE_0_BasicArena 0.053
[2017.03.29-17.30.03:131][938]LogALAudio: Closing ALAudio device : OpenAL Soft
