Log file open, 03/23/17 17:20:23
LogPlatformFile: Not using cached read wrapper
LogInit:Display: RandInit(1216626615) SRandInit(1216626615).
LogTaskGraph: Started task graph with 4 named threads and 7 total threads with 1 sets of task threads.
LogInit: Build: ++UE4+Release-4.15-CL-0
LogInit: Engine Version: 4.15.1-0+++UE4+Release-4.15
LogInit: Compatible Engine Version: 4.15.0-0+++UE4+Release-4.15
LogInit: Net CL: 0
LogInit: Compiled (64-bit): Mar 18 2017 14:48:07
LogInit: Compiled with Clang: 3.8.1 (tags/RELEASE_381/final)
LogInit: Build Configuration: Shipping
LogInit: Branch Name: ++UE4+Release-4.15
LogInit: Command line:  -Abslog=/home/jason/Documents/_repos/Prime/prime/Primer/Saved/Logs/Primer-CRC.log /home/jason/Documents/_repos/Prime/prime/Primer/Saved/Crashes/crashinfo-Primer-pid-14205-923924D9170311170014015518C2BA96/
LogInit: Base directory: /home/jason/Documents/_repos/UnrealEngine/4.15/UnrealEngine/Engine/Binaries/Linux/
LogInit: Installed Engine Build: 1
LogInit: Presizing for max 100000 objects, including 0 objects not considered by GC, pre-allocating 0 bytes for permanent pool.
LogInit: Object subsystem initialized
[2017.03.23-22.20.23:932][  0]LogInit: Linux hardware info:
[2017.03.23-22.20.23:932][  0]LogInit:  - we are the first instance of this executable
[2017.03.23-22.20.23:932][  0]LogInit:  - this process' id (pid) is 14520, parent process' id (ppid) is 14205
[2017.03.23-22.20.23:932][  0]LogInit:  - we are not running under debugger
[2017.03.23-22.20.23:932][  0]LogInit:  - machine network name is 'jason-Xubuntu'
[2017.03.23-22.20.23:932][  0]LogInit:  - user name is 'jason' (jason)
[2017.03.23-22.20.23:932][  0]LogInit:  - we're logged in locally
[2017.03.23-22.20.23:932][  0]LogInit:  - we're running with rendering
[2017.03.23-22.20.23:932][  0]LogInit:  - CPU: GenuineIntel 'Intel(R) Core(TM) i7-4700HQ CPU @ 2.40GHz' (signature: 0x306C3)
[2017.03.23-22.20.23:932][  0]LogInit:  - Number of physical cores available for the process: 4
[2017.03.23-22.20.23:932][  0]LogInit:  - Number of logical cores available for the process: 8
[2017.03.23-22.20.23:932][  0]LogInit:  - Cache line size: 64
[2017.03.23-22.20.23:932][  0]LogInit:  - Memory allocator used: binned
[2017.03.23-22.20.23:932][  0]LogLinux: Skipped benchmarking clocks because the engine is running in a standalone program mode - CLOCK_REALTIME will be used.
[2017.03.23-22.20.23:932][  0]LogInit: Linux-specific commandline switches:
[2017.03.23-22.20.23:932][  0]LogInit:  -nodwarf (currently OFF): suppress parsing of DWARF debug info (callstacks will be generated faster, but won't have line numbers)
[2017.03.23-22.20.23:932][  0]LogInit:  -ansimalloc - use malloc()/free() from libc (useful for tools like valgrind and electric fence)
[2017.03.23-22.20.23:933][  0]LogInit:  -jemalloc - use jemalloc for all memory allocation
[2017.03.23-22.20.23:933][  0]LogInit:  -binnedmalloc - use binned malloc  for all memory allocation
[2017.03.23-22.20.23:933][  0]LogInit:  -httpproxy=ADDRESS:PORT - redirects HTTP requests to a proxy (only supported if compiled with libcurl)
[2017.03.23-22.20.23:933][  0]LogInit:  -reuseconn - allow libcurl to reuse HTTP connections (only matters if compiled with libcurl)
[2017.03.23-22.20.23:933][  0]LogInit:  -virtmemkb=NUMBER - sets process virtual memory (address space) limit (overrides VirtualMemoryLimitInKB value from .ini)
[2017.03.23-22.20.23:933][  0]LogInit:  - Physical RAM available (not considering process quota): 24 GB (23993 MB, 24569852 KB, 25159528448 bytes)
[2017.03.23-22.20.23:953][  0]LogUObjectArray: 146 objects as part of root set at end of initial load.
[2017.03.23-22.20.23:953][  0]LogUObjectAllocator: 24096 out of 0 bytes used by permanent object pool.
[2017.03.23-22.20.23:953][  0]LogUObjectArray: CloseDisregardForGC: 0/0 objects in disregard for GC pool
[2017.03.23-22.20.23:953][  0]LogTextLocalizationManager: No translations for ('') exist, falling back to 'en' for localization and internationalization data.
[2017.03.23-22.20.23:976][  0]CrashReportClientLog: CrashReportClientVersion=1.0
[2017.03.23-22.20.23:976][  0]CrashReportClientLog: CrashReportReceiver disabled
[2017.03.23-22.20.23:976][  0]CrashReportClientLog: DataRouterUrl: https://datarouter.ol.epicgames.com/datarouter/api/v1/public/data
[2017.03.23-22.20.23:977][  0]LogQoSReporter:Error: QoS API server is not configured, no QoS metrics will be reported.
[2017.03.23-22.20.23:977][  0]LogQoSReporter: QoSReporter initialized (InstanceId = '0004031B17031117001403D148888486', SystemId = '065e19e87186423fa6bdac6411abf796')
[2017.03.23-22.20.23:977][  0]LogQoSReporter: APIKey = 'CrashReportClient.Release'. APIServer = ''. AppVersion = 'UE4-CL-0'. AppEnvironment = 'Release'
[2017.03.23-22.20.23:977][  0]LogQoSReporter: QoSReporter has been configured without a valid deployment name.
[2017.03.23-22.20.23:977][  0]LogQoSReporter: QoSReporter has been configured without a valid deployment name.
[2017.03.23-22.20.23:977][  0]CrashReportClientLog: Initial state = Unknown UploadState value
[2017.03.23-22.20.23:977][  0]CrashReportClientLog: Initial state = Unknown UploadState value
[2017.03.23-22.20.23:978][  0]LogCrashDebugHelper: DepotName: //UE4/Release-4.15
[2017.03.23-22.20.23:978][  0]LogCrashDebugHelper: BuiltFromCL: 0
[2017.03.23-22.20.23:978][  0]LogCrashDebugHelper: EngineVersion: 4.15.1-0+++UE4+Release-4.15
[2017.03.23-22.20.23:978][  0]LogCrashDebugHelper: BuildVersion: ++UE4+Release-4.15-CL-0
[2017.03.23-22.20.23:978][  0]LogCrashDebugHelper:Warning: CrashDebugHelperConfig invalid
[2017.03.23-22.20.23:978][  0]LogCrashDebugHelper:Warning: PDB Cache disabled
[2017.03.23-22.20.24:952][  0]CrashReportClientLog: Got 5 pending files to upload from 'crashinfo-Primer-pid-14205-923924D9170311170014015518C2BA96'
[2017.03.23-22.20.24:952][  0]CrashReportClientLog: State change from Ready to SendingFiles
[2017.03.23-22.20.24:952][  0]CrashReportClientLog: CompressAndSendData have 5 pending files
[2017.03.23-22.20.24:952][  0]CrashReportClientLog: CompressAndSendData compressing 85 bytes ('/home/jason/Documents/_repos/Prime/prime/Primer/Saved/Crashes/crashinfo-Primer-pid-14205-923924D9170311170014015518C2BA96/CrashReportClient.ini')
[2017.03.23-22.20.24:952][  0]CrashReportClientLog: CompressAndSendData compressing 4 bytes ('/home/jason/Documents/_repos/Prime/prime/Primer/Saved/Crashes/crashinfo-Primer-pid-14205-923924D9170311170014015518C2BA96/minidump.dmp')
[2017.03.23-22.20.24:953][  0]CrashReportClientLog: CompressAndSendData compressing 1955 bytes ('/home/jason/Documents/_repos/Prime/prime/Primer/Saved/Crashes/crashinfo-Primer-pid-14205-923924D9170311170014015518C2BA96/wermeta.xml')
[2017.03.23-22.20.24:953][  0]CrashReportClientLog: CompressAndSendData compressing 50675 bytes ('/home/jason/Documents/_repos/Prime/prime/Primer/Saved/Crashes/crashinfo-Primer-pid-14205-923924D9170311170014015518C2BA96/Primer.log')
[2017.03.23-22.20.24:953][  0]CrashReportClientLog: CompressAndSendData compressing 2311 bytes ('/home/jason/Documents/_repos/Prime/prime/Primer/Saved/Crashes/crashinfo-Primer-pid-14205-923924D9170311170014015518C2BA96/Diagnostics.txt')
[2017.03.23-22.20.25:018][  0]LogInit: Using libcurl 7.48.0-DEV
[2017.03.23-22.20.25:018][  0]LogInit:  - built for x86_64-unknown-linux-gnu
[2017.03.23-22.20.25:018][  0]LogInit:  - supports SSL with OpenSSL/1.0.2h
[2017.03.23-22.20.25:018][  0]LogInit:  - supports HTTP deflate (compression) using libz 1.2.8
[2017.03.23-22.20.25:018][  0]LogInit:  - other features:
[2017.03.23-22.20.25:018][  0]LogInit:      CURL_VERSION_SSL
[2017.03.23-22.20.25:018][  0]LogInit:      CURL_VERSION_LIBZ
[2017.03.23-22.20.25:018][  0]LogInit:      CURL_VERSION_IPV6
[2017.03.23-22.20.25:018][  0]LogInit:      CURL_VERSION_ASYNCHDNS
[2017.03.23-22.20.25:018][  0]LogInit:      CURL_VERSION_LARGEFILE
[2017.03.23-22.20.25:018][  0]LogInit:      CURL_VERSION_TLSAUTH_SRP
[2017.03.23-22.20.25:018][  0]LogInit:  Libcurl: checking if '/etc/pki/tls/certs/ca-bundle.crt' exists
[2017.03.23-22.20.25:018][  0]LogInit:  Libcurl: checking if '/etc/ssl/certs/ca-certificates.crt' exists
[2017.03.23-22.20.25:018][  0]LogInit:  CurlRequestOptions (configurable via config and command line):
[2017.03.23-22.20.25:018][  0]LogInit:  - bVerifyPeer = true  - Libcurl will verify peer certificate
[2017.03.23-22.20.25:018][  0]LogInit:  - bUseHttpProxy = false  - Libcurl will NOT use HTTP proxy
[2017.03.23-22.20.25:018][  0]LogInit:  - bDontReuseConnections = false  - Libcurl will reuse connections
[2017.03.23-22.20.25:018][  0]LogInit:  - CertBundlePath = /etc/ssl/certs/ca-certificates.crt  - Libcurl will set CURLOPT_CAINFO to it
[2017.03.23-22.20.25:018][  0]CrashReportClientLog: Sending HTTP request: https://datarouter.ol.epicgames.com/datarouter/api/v1/public/data?AppID=CrashReporter&AppVersion=4.15.1-0%2B%2B%2BUE4%2BRelease-4.15&AppEnvironment=Release&UploadType=crashreports&UserID=000283f12b03140d003a007b2ae3db35%7C%7C065e19e87186423fa6bdac6411abf796
[2017.03.23-22.20.25:319][  0]CrashReportClientLog: OnProcessRequestComplete(), State=SendingFiles bSucceeded=1
[2017.03.23-22.20.25:319][  0]CrashReportClientLog: State change from SendingFiles to SendingFiles
[2017.03.23-22.20.25:319][  0]CrashReportClientLog: All uploads done
[2017.03.23-22.20.25:319][  0]CrashReportClientLog: State change from SendingFiles to Finished
[2017.03.23-22.20.25:955][  0]LogLinux: FLinuxPlatformMisc::RequestExit(0)
[2017.03.23-22.20.25:955][  0]LogGenericPlatformMisc: FPlatformMisc::RequestExit(0)
[2017.03.23-22.20.25:988][  0]CrashReportClientLog: Final state (Receiver) = Finished
[2017.03.23-22.20.25:988][  0]CrashReportClientLog: Final state (Receiver) = Unknown UploadState value
[2017.03.23-22.20.25:988][  0]LogExit: Preparing to exit.
[2017.03.23-22.20.25:988][  0]LogObj: Freed 0b from 0 cluster array pools.
[2017.03.23-22.20.25:988][  0]LogExit: Object subsystem successfully closed.
[2017.03.23-22.20.25:999][  0]LogModuleManager: Shutting down and abandoning module HTTP (12)
[2017.03.23-22.20.26:011][  0]LogModuleManager: Shutting down and abandoning module SSL (11)
[2017.03.23-22.20.26:012][  0]LogModuleManager: Shutting down and abandoning module CrashDebugHelper (8)
[2017.03.23-22.20.26:012][  0]LogModuleManager: Shutting down and abandoning module QoSReporter (6)
[2017.03.23-22.20.26:012][  0]LogModuleManager: Shutting down and abandoning module Analytics (4)
[2017.03.23-22.20.26:012][  0]LogModuleManager: Shutting down and abandoning module CoreUObject (2)
[2017.03.23-22.20.26:012][  0]LogExit: Exiting.
[2017.03.23-22.20.26:013][  0]Log file closed, 03/23/17 17:20:26
