"../../../Engine/Content/EditorResources/RGBTable16x1_AssetViewer.uasset" 0
"../../../Engine/Content/EditorResources/EmptyActor.uasset" 1
"../../../Engine/Content/EditorResources/S_Trigger.uasset" 2
"../../../Engine/Content/EditorResources/BSPVertex.uasset" 3
"../../../Engine/Content/EditorResources/S_Actor.uasset" 4
"../../../Engine/Content/EditorResources/LightIcons/S_LightError.uasset" 5
"../../../Engine/Content/EditorResources/AudioIcons/S_AudioComponent.uasset" 6
"../../../Engine/Content/EditorResources/AudioIcons/S_AudioComponent_AutoActivate.uasset" 7
"../../../Engine/Content/VREditor/LaserPointer/VR_LaserPower_01.uasset" 8
"../../../Engine/Content/VREditor/LaserPointer/LaserPointerMaterial.uasset" 9
"../../../Engine/Content/VREditor/LaserPointer/LaserPointerMaterialInst.uasset" 10
"../../../Engine/Content/VREditor/LaserPointer/TranslucentLaserPointerMaterialInst.uasset" 11
"../../../Engine/Content/VREditor/LaserPointer/LaserPointerMesh.uasset" 12
"../../../Engine/Content/VREditor/Devices/Generic/GenericHMDMaterial.uasset" 13
"../../../Engine/Content/VREditor/Devices/Generic/GenericHMD.uasset" 14
"../../../Engine/Content/VREditor/Sounds/VR_teleport_Cue.uasset" 15
"../../../Engine/Content/VREditor/Sounds/VR_grab_Cue.uasset" 16
"../../../Engine/Content/VREditor/TransformGizmo/TransformGizmoMaterial.uasset" 17
"../../../Engine/Content/VREditor/TransformGizmo/TranslucentTransformGizmoMaterial.uasset" 18
"../../../Engine/Content/VREditor/TransformGizmo/BoundingBoxCorner.uasset" 19
"../../../Engine/Content/VREditor/TransformGizmo/BoundingBoxEdge.uasset" 20
"../../../Engine/Content/VREditor/TransformGizmo/UniformScaleHandle.uasset" 21
"../../../Engine/Content/VREditor/TransformGizmo/TranslateHandleLong.uasset" 22
"../../../Engine/Content/VREditor/TransformGizmo/TranslationHandle.uasset" 23
"../../../Engine/Content/VREditor/TransformGizmo/PlaneTranslationHandle.uasset" 24
"../../../Engine/Content/VREditor/TransformGizmo/StretchingHandle.uasset" 25
"../../../Engine/Content/VREditor/TransformGizmo/RotationHandleFull.uasset" 26
"../../../Engine/Content/VREditor/TransformGizmo/RotationHandle.uasset" 27
"../../../Engine/Content/VREditor/Fonts/VRText_RobotoLarge.uasset" 28
"../../../Engine/Content/VREditor/Fonts/VRTextMaterial.uasset" 29
"../../../Engine/Content/VREditor/Fonts/TranslucentVRTextMaterial.uasset" 30
"../../../Engine/Content/VREditor/FloatingText/LineMaterial.uasset" 31
"../../../Engine/Content/VREditor/FloatingText/LineSegmentCylinder.uasset" 32
"../../../Engine/Content/VREditor/FloatingText/JointSphere.uasset" 33
"../../../Engine/Content/Functions/Engine_MaterialFunctions01/Gradient/RadialGradient.uasset" 34
"../../../Engine/Content/VREditor/WorldMovementGrid/SimpleGrid.uasset" 35
"../../../Engine/Content/VREditor/WorldMovementGrid/GridMaterial.uasset" 36
"../../../Engine/Content/EditorLandscapeResources/FlattenHeightMat.uasset" 37
"../../../Engine/Content/VREditor/WorldMovementGrid/PlaneMesh.uasset" 38
"../../../Engine/Content/Functions/Engine_MaterialFunctions01/Density/ExponentialDensity.uasset" 39
"../../../Engine/Content/VREditor/WorldMovementGrid/GridPostProcess.uasset" 40
"../../../Engine/Content/VREditor/UI/CloseButtonMesh.uasset" 41
"../../../Engine/Content/VREditor/UI/SelectionBarMesh.uasset" 42
"../../../Engine/Content/EditorMaterials/GizmoMaterial.uasset" 43
"../../../Engine/Content/EditorMaterials/MAT_Groups_Toggle.uasset" 44
"../../../Engine/Content/EditorMaterials/PreviewShadowIndicator.uasset" 45
"../../../Engine/Content/EditorMaterials/PreviewShadowIndicatorMaterial.uasset" 46
"../../../Engine/Content/EditorMaterials/MAT_Groups_Visibility.uasset" 47
"../../../Engine/Content/EditorMaterials/ParticleSystems/PSysThumbnail_OOD.uasset" 48
"../../../Engine/Content/EditorMaterials/ParticleSystems/PSysThumbnail_NoImage.uasset" 49
"../../../Engine/Content/EditorMaterials/MatineeGroups/MAT_Groups_Float.uasset" 50
"../../../Engine/Content/EditorMaterials/MatineeGroups/MAT_Groups_Sound.uasset" 51
"../../../Engine/Content/EditorMaterials/MatineeGroups/MAT_Groups_Move.uasset" 52
"../../../Engine/Content/EditorMaterials/MatineeGroups/MAT_Groups_Anim.uasset" 53
"../../../Engine/Content/EditorMaterials/MatineeGroups/MAT_Groups_Slomo.uasset" 54
"../../../Engine/Content/EditorMaterials/MatineeGroups/MAT_Groups_Director.uasset" 55
"../../../Engine/Content/EditorMaterials/MatineeGroups/MAT_ColorTrack.uasset" 56
"../../../Engine/Content/EditorMaterials/MatineeGroups/MAT_Groups_Fade.uasset" 57
"../../../Engine/Content/EditorMaterials/MatineeGroups/MAT_Groups_Vector.uasset" 58
"../../../Engine/Content/EditorMaterials/MatineeGroups/MAT_Groups_Event.uasset" 59
"../../../Engine/Content/EditorMaterials/MatineeGroups/MAT_Groups_AudioMaster.uasset" 60
"../../../Engine/Content/EditorMaterials/AssetViewer/EpicQuadPanorama_CC+EV1.uasset" 61
"../../../Engine/Content/Maps/Templates/Thumbnails/VR-Basic.uasset" 62
"../../../Engine/Content/Maps/Templates/Thumbnails/Default.uasset" 63
"../../../Engine/Content/Functions/Engine_MaterialFunctions01/Opacity/CameraDepthFade.uasset" 64
"../../../Engine/Content/EngineMaterials/T_Default_Material_Grid_M.uasset" 65
"../../../Engine/Content/EngineMaterials/T_Default_Material_Grid_N.uasset" 66
"../../../Engine/Content/EngineMaterials/DefaultMaterial.uasset" 67
"../../../Engine/Content/BasicShapes/Cylinder.uasset" 68
"../../../Engine/Content/EngineMaterials/WorldGridMaterial.uasset" 69
"../../../Engine/Content/BasicShapes/Plane.uasset" 70
"../../../Engine/Content/BasicShapes/Sphere.uasset" 71
"../../../Engine/Content/BasicShapes/Cone.uasset" 72
"../../../Engine/Content/BasicShapes/Cube.uasset" 73
"../../../Engine/Content/EditorLandscapeResources/DataLayer.uasset" 74
"../../../Engine/Content/EngineFonts/RobotoDistanceField.uasset" 75
"../../../Engine/Content/EngineMaterials/DefaultTextMaterialOpaque.uasset" 76
"../../../Engine/Content/EngineMaterials/DefaultDiffuse.uasset" 77
"../../../Engine/Content/EngineMaterials/DefaultDeferredDecalMaterial.uasset" 78
"../../../Engine/Content/EngineMaterials/RemoveSurfaceMaterial.uasset" 79
"../../../Engine/Content/EngineMaterials/PreintegratedSkinBRDF.uasset" 80
"../../../Engine/Content/EngineMaterials/DefaultWhiteGrid.uasset" 81
"../../../Engine/Content/Functions/Engine_MaterialFunctions02/Utility/BreakOutFloat2Components.uasset" 82
"../../../Engine/Content/EngineMaterials/DefaultPostProcessMaterial.uasset" 83
"../../../Engine/Content/EngineResources/WhiteSquareTexture.uasset" 84
"../../../Engine/Content/EngineMaterials/Widget3DPassThrough.uasset" 85
"../../../Engine/Content/EngineMaterials/Widget3DPassThrough_Masked.uasset" 86
"../../../Engine/Content/EngineMaterials/Widget3DPassThrough_Translucent.uasset" 87
"../../../Engine/Content/EngineMaterials/Widget3DPassThrough_Translucent_OneSided.uasset" 88
"../../../Engine/Content/EngineMaterials/EditorBrushMaterial.uasset" 89
"../../../Engine/Content/EngineMaterials/Widget3DPassThrough_Opaque.uasset" 90
"../../../Engine/Content/EngineMaterials/Widget3DPassThrough_Opaque_OneSided.uasset" 91
"../../../Engine/Content/EngineMaterials/Good64x64TilingNoiseHighFreq.uasset" 92
"../../../Engine/Content/EngineMaterials/MiniFont.uasset" 93
"../../../Engine/Content/EngineMaterials/WeightMapPlaceholderTexture.uasset" 94
"../../../Engine/Content/EngineMaterials/DefaultBokeh.uasset" 95
"../../../Engine/Content/EngineMaterials/Widget3DPassThrough_Masked_OneSided.uasset" 96
"../../../Engine/Content/EngineMaterials/InvalidLightmapSettings.uasset" 97
"../../../Engine/Content/EngineMaterials/M_InvalidLightmapSettings.uasset" 98
"../../../Engine/Content/EngineMaterials/DefaultPhysicalMaterial.uasset" 99
"../../../Engine/Content/EngineMaterials/PhAT_JointLimitMaterial.uasset" 100
"../../../Engine/Content/EngineMaterials/DefaultLightFunctionMaterial.uasset" 101
"../../../Engine/Content/EngineFonts/Faces/RobotoBold.uasset" 102
"../../../Engine/Content/EngineFonts/Faces/RobotoBoldItalic.uasset" 103
"../../../Engine/Content/EngineFonts/Faces/RobotoItalic.uasset" 104
"../../../Engine/Content/EngineFonts/Faces/RobotoLight.uasset" 105
"../../../Engine/Content/EngineFonts/Faces/RobotoRegular.uasset" 106
"../../../Engine/Content/EngineFonts/Roboto.uasset" 107
"../../../Engine/Content/EngineFonts/Faces/RobotoTiny.uasset" 108
"../../../Engine/Content/EngineFonts/RobotoTiny.uasset" 109
"../../../Engine/Content/Functions/Engine_MaterialFunctions01/Shading/ConvertFromDiffSpec.uasset" 110
"../../../Engine/Content/Functions/Engine_MaterialFunctions01/Shading/PowerToRoughness.uasset" 111
"../../../Engine/Content/EngineResources/Black.uasset" 112
"../../../Engine/Content/EngineResources/GradientTexture0.uasset" 113
"../../../Engine/Content/EngineResources/DefaultTexture.uasset" 114
"../../../Engine/Content/EngineResources/DefaultTextureCube.uasset" 115
"../../../Engine/Content/MobileResources/T_MobileMenu2.uasset" 116
"../../../Engine/Content/MobileResources/T_MobileControls_texture.uasset" 117
"../../../Engine/Content/MobileResources/HUD/MobileHUDButton2_on.uasset" 118
"../../../Engine/Content/MobileResources/HUD/AnalogHat.uasset" 119
"../../../Engine/Content/MobileResources/HUD/T_Castle_ThumbstickInner.uasset" 120
"../../../Engine/Content/MobileResources/HUD/MobileHUDButton1_on.uasset" 121
"../../../Engine/Content/MobileResources/HUD/MobileHUDDirectionStick.uasset" 122
"../../../Engine/Content/MobileResources/HUD/T_Castle_ThumbstickOutter.uasset" 123
"../../../Engine/Content/MobileResources/HUD/MobileHUDButton3.uasset" 124
"../../../Engine/Content/MobileResources/HUD/VirtualJoystick_Background.uasset" 125
"../../../Engine/Content/MobileResources/HUD/VirtualJoystick_Thumb.uasset" 126
"../../../Engine/Content/MobileResources/HUD/DefaultVirtualJoysticks.uasset" 127
"../../../Engine/Content/MobileResources/HUD/MobileHUDButton2_off.uasset" 128
"../../../Engine/Content/MobileResources/HUD/MobileHUDDirectionPad.uasset" 129
"../../../Engine/Content/MobileResources/HUD/LeftVirtualJoystickOnly.uasset" 130
"../../../Engine/Content/MobileResources/HUD/MobileHUDDirectionPad2.uasset" 131
"../../../Engine/Content/MobileResources/HUD/MobileHUDButtonFire.uasset" 132
"../../../Engine/Content/MobileResources/HUD/MobileHUDButton1_off.uasset" 133
"../../../Engine/Content/MobileResources/HUD/MobileHUDDirectionPad3.uasset" 134
"../../../Engine/Content/EngineSounds/Master.uasset" 135
"../../../Engine/Content/EngineMeshes/Cylinder.uasset" 136
"../../../Engine/Content/EngineMeshes/Sphere.uasset" 137
"../../../Engine/Content/EngineMeshes/Cube.uasset" 138
"../../../Engine/Content/EditorSounds/Notifications/CompileSuccess.uasset" 139
"../../../Engine/Content/EditorSounds/Notifications/CompileSuccess_Cue.uasset" 140
"../../../Engine/Content/EditorSounds/Notifications/CompileFailed.uasset" 141
"../../../Engine/Content/EditorSounds/Notifications/CompileFailed_Cue.uasset" 142
"../../../Engine/Content/EditorSounds/Notifications/CompileStart_Cue.uasset" 143
"../../../Engine/Content/EditorMaterials/Camera/CineMat.uasset" 144
"../../../Engine/Content/EditorMaterials/Camera/MI_CineMat_Rig.uasset" 145
"../../../Engine/Content/EditorMeshes/Camera/SM_CraneRig_Body.uasset" 146
"../../../Engine/Content/EditorMeshes/Camera/SM_CraneRig_Arm.uasset" 147
"../../../Engine/Content/EditorMeshes/Camera/SM_RailRig_Track.uasset" 148
"../../../Engine/Content/EditorMeshes/Camera/SM_CraneRig_Base.uasset" 149
"../../../Engine/Content/EditorMeshes/Camera/SM_CraneRig_Mount.uasset" 150
"../../../Engine/Content/EditorMeshes/Camera/SM_RailRig_Mount.uasset" 151
"../../../Engine/Content/EngineDebugMaterials/DebugMeshMaterial.uasset" 152
"../../../Engine/Content/EngineDebugMaterials/GeomMaterial.uasset" 153
"../../../Engine/Content/EngineDebugMaterials/HeatmapGradient.uasset" 154
"../../../Engine/Content/EngineDebugMaterials/BoneWeightMaterial.uasset" 155
"../../../Engine/Content/EngineDamageTypes/DmgTypeBP_Environmental.uasset" 156
"../../../Engine/Content/Tutorial/ContentIntroCurve.uasset" 157
"../../../Engine/Content/Tutorial/Basics/TutorialAssets/icon_tab_Levels_40x.uasset" 158
"../../../Engine/Content/Tutorial/SubEditors/TutorialAssets/TutorialMaterial.uasset" 159
"../../../Engine/Content/Tutorial/SubEditors/TutorialAssets/T_SmokeSubUV_8X8.uasset" 160
"../../../Engine/Content/Tutorial/SubEditors/TutorialAssets/T_soft_smoke.uasset" 161
"../../../Engine/Content/Tutorial/SubEditors/TutorialAssets/M_smoke_subUV_blackbody.uasset" 162
"../../../Engine/Content/Tutorial/SubEditors/TutorialAssets/TutorialParticleSystem.uasset" 163
"../../../Engine/Content/Tutorial/SubEditors/TutorialAssets/icon_Editor_Preferences_General_40x.uasset" 164
"../../../Engine/Content/Tutorial/SubEditors/TutorialAssets/icon_ShowSkeletalMeshes_40x.uasset" 165
"../../../Engine/Content/EditorMeshes/EditorCube.uasset" 166
"../../../Engine/Content/Tutorial/SubEditors/TutorialAssets/Tutorial_DM.uasset" 167
"../../../Engine/Content/Tutorial/Foliage/TutorialAssets/Foliage.uasset" 168
"../../../Engine/Content/Tutorial/Paper2D/TutorialAssets/Paper2DSprite_TutorialIcon.uasset" 169
"../../../Engine/Content/Tutorial/Paper2D/TutorialAssets/Paper2DFlipbook_TutorialIcon.uasset" 170
"../../../Engine/Content/Tutorial/BlueprintTutorials/TutorialAssets/BlueprintInterface_64x.uasset" 171
"../../../Engine/Content/Tutorial/BlueprintTutorials/TutorialAssets/Blueprint_64x.uasset" 172
"../../../Engine/Content/Tutorial/BlueprintTutorials/TutorialAssets/Tutorial_BP_Interface.uasset" 173
"../../../Engine/Content/Tutorial/BlueprintTutorials/TutorialAssets/BlueprintMacroLibrary_64x.uasset" 174
"../../../Engine/Content/Tutorial/Landscape/TutorialAssets/Landscape.uasset" 175
"../../../Primer/Content/StarterContent/Textures/T_Shelf_M.uasset" 176
"../../../Primer/Content/StarterContent/Textures/T_Shelf_N.uasset" 177
"../../../Primer/Content/StarterContent/Props/Materials/M_Shelf.uasset" 178
"../../../Primer/Content/StarterContent/Props/SM_Shelf.uasset" 179
"../../../Engine/Content/Functions/Engine_MaterialFunctions02/Utility/BlendAngleCorrectedNormals.uasset" 180
"../../../Primer/Content/StarterContent/Textures/T_Detail_Rocky_N.uasset" 181
"../../../Primer/Content/StarterContent/Textures/T_Rock_Basalt_D.uasset" 182
"../../../Primer/Content/StarterContent/Textures/T_RockMesh_M.uasset" 183
"../../../Primer/Content/StarterContent/Textures/T_RockMesh_N.uasset" 184
"../../../Primer/Content/StarterContent/Props/Materials/M_Rock.uasset" 185
"../../../Primer/Content/StarterContent/Props/SM_Rock.uasset" 186
"../../../Primer/Content/StarterContent/Materials/M_Glass.uasset" 187
"../../../Primer/Content/StarterContent/Textures/T_Door_M.uasset" 188
"../../../Primer/Content/StarterContent/Textures/T_Door_N.uasset" 189
"../../../Primer/Content/StarterContent/Props/Materials/M_Door.uasset" 190
"../../../Primer/Content/StarterContent/Props/SM_Door.uasset" 191
"../../../Primer/Content/StarterContent/Props/Materials/M_MaterialSphere.uasset" 192
"../../../Primer/Content/StarterContent/Props/Materials/M_MaterialSphere_Plain.uasset" 193
"../../../Primer/Content/StarterContent/Props/SM_MatPreviewMesh_02.uasset" 194
"../../../Primer/Content/StarterContent/Materials/M_Basic_Floor.uasset" 195
"../../../Primer/Content/StarterContent/Materials/M_Basic_Wall.uasset" 196
"../../../Primer/Content/StarterContent/Props/SM_Stairs.uasset" 197
"../../../Primer/Content/StarterContent/Textures/T_Bush_D.uasset" 198
"../../../Primer/Content/StarterContent/Textures/T_Bush_N.uasset" 199
"../../../Primer/Content/StarterContent/Props/Materials/M_Bush.uasset" 200
"../../../Primer/Content/StarterContent/Props/SM_Bush.uasset" 201
"../../../Primer/Content/StarterContent/Textures/T_Chair_M.uasset" 202
"../../../Primer/Content/StarterContent/Textures/T_Chair_N.uasset" 203
"../../../Primer/Content/StarterContent/Props/Materials/M_Chair.uasset" 204
"../../../Primer/Content/StarterContent/Props/SM_Couch.uasset" 205
"../../../Engine/Content/EditorMeshes/ColorCalibrator/T_ColorGrid.uasset" 206
"../../../Primer/Content/StarterContent/Materials/M_ColorGrid_LowSpec.uasset" 207
"../../../Primer/Content/StarterContent/Audio/Explosion_Cue.uasset" 208
"../../../Primer/Content/StarterContent/Textures/T_Burst_M.uasset" 209
"../../../Primer/Content/StarterContent/Particles/Materials/M_Burst.uasset" 210
"../../../Primer/Content/StarterContent/Textures/T_Explosion_SubUV.uasset" 211
"../../../Primer/Content/StarterContent/Particles/Materials/M_explosion_subUV.uasset" 212
"../../../Primer/Content/StarterContent/Particles/Materials/m_flare_01.uasset" 213
"../../../Primer/Content/StarterContent/Particles/Materials/M_radial_ramp.uasset" 214
"../../../Primer/Content/StarterContent/Textures/T_Smoke_SubUV.uasset" 215
"../../../Primer/Content/StarterContent/Textures/T_Smoke_Tiled_D.uasset" 216
"../../../Primer/Content/StarterContent/Particles/Materials/M_smoke_subUV.uasset" 217
"../../../Primer/Content/StarterContent/Particles/P_Explosion.uasset" 218
"../../../Primer/Content/StarterContent/Blueprints/Blueprint_Effect_Explosion.uasset" 219
"../../../Primer/Content/StarterContent/Architecture/Wall_400x300.uasset" 220
"../../../Primer/Content/StarterContent/Architecture/Wall_Door_400x400.uasset" 221
"../../../Primer/Content/StarterContent/Architecture/Wall_500x500.uasset" 222
"../../../Primer/Content/StarterContent/Architecture/Pillar_50x500.uasset" 223
"../../../Primer/Content/StarterContent/Architecture/Wall_Window_400x400.uasset" 224
"../../../Primer/Content/StarterContent/Architecture/Wall_400x400.uasset" 225
"../../../Primer/Content/StarterContent/Audio/Light02_Cue.uasset" 226
"../../../Primer/Content/StarterContent/Audio/Light01_Cue.uasset" 227
"../../../Primer/Content/StarterContent/Shapes/Shape_Torus.uasset" 228
"../../../Primer/Content/StarterContent/Shapes/Shape_Trim.uasset" 229
"../../../Primer/Content/StarterContent/Shapes/Shape_NarrowCapsule.uasset" 230
"../../../Primer/Content/StarterContent/Shapes/Shape_Cylinder.uasset" 231
"../../../Primer/Content/StarterContent/Shapes/Shape_Pipe_180.uasset" 232
"../../../Primer/Content/StarterContent/Shapes/Shape_Cone.uasset" 233
"../../../Primer/Content/StarterContent/Shapes/Shape_Wedge_B.uasset" 234
"../../../Primer/Content/StarterContent/Shapes/Shape_Pipe_90.uasset" 235
"../../../Primer/Content/StarterContent/Shapes/Shape_WideCapsule.uasset" 236
"../../../Primer/Content/StarterContent/Shapes/Shape_Trim_90_Out.uasset" 237
"../../../Primer/Content/StarterContent/Shapes/Shape_Plane.uasset" 238
"../../../Primer/Content/StarterContent/Shapes/Shape_Pipe.uasset" 239
"../../../Primer/Content/StarterContent/Shapes/Shape_Trim_90_In.uasset" 240
"../../../Primer/Content/StarterContent/Shapes/Shape_Wedge_A.uasset" 241
"../../../Primer/Content/StarterContent/Shapes/Shape_Tube.uasset" 242
"../../../Primer/Content/StarterContent/Shapes/Shape_TriPyramid.uasset" 243
"../../../Primer/Content/GameFiles/3DAssets/Character_v4/neutral.uasset" 244
"../../../Primer/Content/GameFiles/3DAssets/Character_v4/mouth.uasset" 245
"../../../Primer/Content/GameFiles/3DAssets/Character_v4/char_Skeleton.uasset" 246
"../../../Primer/Content/GameFiles/3DAssets/Character_v4/char_Anim_character_slash1.uasset" 247
"../../../Primer/Content/GameFiles/3DAssets/Character_v4/open.uasset" 248
"../../../Primer/Content/GameFiles/3DAssets/Character_v4/eyes.uasset" 249
"../../../Primer/Content/GameFiles/3DAssets/Character_v4/char_Anim_character_slash2.uasset" 250
"../../../Primer/Content/GameFiles/3DAssets/Character_v4/garb.uasset" 251
"../../../Primer/Content/GameFiles/3DAssets/Character_v4/shirt.uasset" 252
"../../../Primer/Content/GameFiles/3DAssets/Character_v4/boots2.uasset" 253
"../../../Primer/Content/GameFiles/3DAssets/Character_v4/boots.uasset" 254
"../../../Primer/Content/GameFiles/3DAssets/Character_v4/kilt.uasset" 255
"../../../Primer/Content/GameFiles/3DAssets/Character_v4/char_Anim_character_Idle.uasset" 256
"../../../Primer/Content/GameFiles/3DAssets/Character_v4/char_Anim_character_Run.uasset" 257
"../../../Primer/Content/GameFiles/3DAssets/Character_v4/char_Anim_character_RunBackward.uasset" 258
"../../../Primer/Content/GameFiles/3DAssets/Character_v4/char_Anim_character_RunLeft.uasset" 259
"../../../Primer/Content/GameFiles/3DAssets/Character_v4/char_Anim_character_RunRight.uasset" 260
"../../../Primer/Content/GameFiles/3DAssets/Character_v4/3DAssetControl/CharBlend.uasset" 261
"../../../Primer/Content/GameFiles/3DAssets/Character_v4/char_Anim_character_Jump.uasset" 262
"../../../Primer/Content/GameFiles/3DAssets/Character_v4/3DAssetControl/CharJumpBlend.uasset" 263
"../../../Engine/Content/EditorBlueprintResources/StandardMacros.uasset" 264
"../../../Primer/Content/GameFiles/3DAssets/Character_v4/3DAssetControl/CharAnimBP.uasset" 265
"../../../Primer/Content/GameFiles/3DAssets/Character_v3/char_anims_1_Skeleton.uasset" 266
"../../../Primer/Content/GameFiles/3DAssets/Character_v3/char_anims_1_Anim_skeleton_skeletonAction.uasset" 267
"../../../Primer/Content/GameFiles/3DAssets/Character_v3/char_anims_1_Anim_skeleton_Idle.uasset" 268
"../../../Primer/Content/GameFiles/3DAssets/Character_v3/char_anims_1_Anim_skeleton_Run.uasset" 269
"../../../Primer/Content/GameFiles/3DAssets/Character_v3/char_anims_1_Anim_skeleton_RunBackwards.uasset" 270
"../../../Primer/Content/GameFiles/3DAssets/Character_v3/3DAssetControl/CharBlendSpace.uasset" 271
"../../../Primer/Content/GameFiles/3DAssets/Character_v3/3DAssetControl/CharFullAnimBP.uasset" 272
"../../../Primer/Content/GameFiles/3DAssets/Character_v2/Material_001.uasset" 273
"../../../Primer/Content/GameFiles/3DAssets/Character_v2/c1_rig2_r1_Skeleton.uasset" 274
"../../../Primer/Content/GameFiles/3DAssets/Character_v2/c1_rig2_r1_Anim.uasset" 275
"../../../Primer/Content/GameFiles/3DAssets/Character_v2/HeroBlend.uasset" 276
"../../../Primer/Content/GameFiles/3DAssets/Character_v2/BipedalCharacterAnimBP.uasset" 277
"../../../Primer/Content/GameFiles/3DAssets/Character_v5/neutral.uasset" 278
"../../../Primer/Content/GameFiles/3DAssets/Character_v5/mouth.uasset" 279
"../../../Primer/Content/GameFiles/3DAssets/Character_v5/open.uasset" 280
"../../../Primer/Content/GameFiles/3DAssets/Character_v5/eyes.uasset" 281
"../../../Primer/Content/GameFiles/3DAssets/Character_v5/char_w_tex_Skeleton.uasset" 282
"../../../Primer/Content/GameFiles/3DAssets/Character_v5/char_w_tex_Anim_character_Death.uasset" 283
"../../../Primer/Content/GameFiles/3DAssets/Character_v5/boots2.uasset" 284
"../../../Primer/Content/GameFiles/3DAssets/Character_v5/boots.uasset" 285
"../../../Primer/Content/GameFiles/3DAssets/Character_v5/char_w_tex_Anim_character_slash2.uasset" 286
"../../../Primer/Content/GameFiles/3DAssets/Character_v5/char_w_tex_Anim_character_slash1.uasset" 287
"../../../Primer/Content/GameFiles/3DAssets/Character_v5/3DAssetControl/CharV5AttackBlend.uasset" 288
"../../../Engine/Plugins/2D/Paper2D/Content/DefaultSpriteMaterial.uasset" 289
"../../../Engine/Plugins/2D/Paper2D/Content/OpaqueUnlitSpriteMaterial.uasset" 290
"../../../Engine/Plugins/2D/Paper2D/Content/DummySprite.uasset" 291
"../../../Engine/Plugins/2D/Paper2D/Content/DefaultPaperTerrainMaterial.uasset" 292
"../../../Engine/Plugins/2D/Paper2D/Content/MaskedUnlitSpriteMaterial.uasset" 293
"../../../Engine/Plugins/2D/Paper2D/Content/PlaceholderTextures/DummySpriteTexture.uasset" 294
"../../../Primer/Content/StarterContent/Blueprints/Assets/FogBrightnessLUT.uasset" 295
"../../../Primer/Content/StarterContent/Blueprints/Assets/SunlightColorLUT.uasset" 296
"../../../Primer/Content/StarterContent/Blueprints/Assets/M_LightStage_Arrows.uasset" 297
"../../../Engine/Content/MapTemplates/Sky/DaylightAmbientCubemap.uasset" 298
"../../../Primer/Content/StarterContent/Blueprints/Assets/M_LightStage_Skybox_Master.uasset" 299
"../../../Primer/Content/StarterContent/Blueprints/Assets/M_LightStage_Skybox_Black.uasset" 300
"../../../Primer/Content/StarterContent/Blueprints/Assets/M_LightStage_Skybox_HDRI.uasset" 301
"../../../Engine/Content/EditorMaterials/Thumbnails/SkySphereMaterial.uasset" 302
"../../../Primer/Content/StarterContent/Blueprints/Assets/Skybox.uasset" 303
"../../../Primer/Content/StarterContent/Blueprints/Assets/SM_Arrows.uasset" 304
"../../../Primer/Content/StarterContent/HDRI/HDRI_Epic_Courtyard_Daylight.uasset" 305
"../../../Primer/Content/StarterContent/Blueprints/BP_LightStudio.uasset" 306
"../../../Primer/Content/StarterContent/Maps/Advanced_Lighting_BuiltData.uasset" 307
"../../../Primer/Content/StarterContent/Materials/M_AssetPlatform.uasset" 308
"../../../Engine/Content/EditorMeshes/ColorCalibrator/M_ChromeBall.uasset" 309
"../../../Engine/Content/EditorMeshes/ColorCalibrator/M_ClearCoat.uasset" 310
"../../../Engine/Content/EditorMeshes/ColorCalibrator/M_ClearCoatBlack.uasset" 311
"../../../Engine/Content/EditorMeshes/ColorCalibrator/M_ColorGrid.uasset" 312
"../../../Engine/Content/EditorMeshes/ColorCalibrator/M_GreyBall.uasset" 313
"../../../Engine/Content/EditorMeshes/ColorCalibrator/SM_ColorCalibrator.uasset" 314
"../../../Primer/Content/StarterContent/Architecture/SM_AssetPlatform.uasset" 315
"../../../Primer/Content/StarterContent/Maps/Advanced_Lighting.umap" 316
"../../../Engine/Content/EngineSky/C_Sky_Cloud_Color.uasset" 317
"../../../Engine/Content/EngineSky/C_Sky_Horizon_Color.uasset" 318
"../../../Engine/Content/EngineSky/C_Sky_Zenith_Color.uasset" 319
"../../../Engine/Content/EngineSky/T_Sky_Blue.uasset" 320
"../../../Engine/Content/EngineSky/T_Sky_Clouds_M.uasset" 321
"../../../Engine/Content/EngineSky/T_Sky_Stars.uasset" 322
"../../../Engine/Content/EngineSky/M_Sky_Panning_Clouds2.uasset" 323
"../../../Engine/Content/EngineSky/SM_SkySphere.uasset" 324
"../../../Engine/Content/EngineSky/BP_Sky_Sphere.uasset" 325
"../../../Primer/Content/StarterContent/Maps/Minimal_Default_BuiltData.uasset" 326
"../../../Primer/Content/StarterContent/Textures/T_MacroVariation.uasset" 327
"../../../Primer/Content/StarterContent/Materials/M_Metal_Brushed_Nickel.uasset" 328
"../../../Primer/Content/StarterContent/Textures/T_Metal_Aluminum_D.uasset" 329
"../../../Primer/Content/StarterContent/Textures/T_Metal_Gold_N.uasset" 330
"../../../Primer/Content/StarterContent/Materials/M_Metal_Burnished_Steel.uasset" 331
"../../../Primer/Content/StarterContent/Textures/T_Metal_Copper_D.uasset" 332
"../../../Primer/Content/StarterContent/Materials/M_Metal_Copper.uasset" 333
"../../../Primer/Content/StarterContent/Textures/T_Statue_M.uasset" 334
"../../../Primer/Content/StarterContent/Textures/T_Statue_N.uasset" 335
"../../../Primer/Content/StarterContent/Props/Materials/M_StatueGlass.uasset" 336
"../../../Primer/Content/StarterContent/Architecture/Floor_400x400.uasset" 337
"../../../Primer/Content/StarterContent/Audio/Starter_Background_Cue.uasset" 338
"../../../Primer/Content/StarterContent/Props/SM_Chair.uasset" 339
"../../../Primer/Content/StarterContent/Props/Materials/M_Statue.uasset" 340
"../../../Primer/Content/StarterContent/Props/SM_Statue.uasset" 341
"../../../Primer/Content/StarterContent/Textures/T_TableRound_M.uasset" 342
"../../../Primer/Content/StarterContent/Textures/T_TableRound_N.uasset" 343
"../../../Primer/Content/StarterContent/Props/Materials/M_TableRound.uasset" 344
"../../../Primer/Content/StarterContent/Props/SM_TableRound.uasset" 345
"../../../Primer/Content/StarterContent/Maps/Minimal_Default.umap" 346
"../../../Primer/Content/StarterContent/Audio/Fire01_Cue.uasset" 347
"../../../Primer/Content/StarterContent/Textures/T_Fire_SubUV.uasset" 348
"../../../Primer/Content/StarterContent/Textures/T_Fire_Tiled_D.uasset" 349
"../../../Primer/Content/StarterContent/Particles/Materials/M_Fire_SubUV.uasset" 350
"../../../Primer/Content/StarterContent/Textures/T_Water_N.uasset" 351
"../../../Primer/Content/StarterContent/Particles/Materials/M_Heat_Distortion.uasset" 352
"../../../Primer/Content/StarterContent/Particles/Materials/M_Radial_Gradient.uasset" 353
"../../../Primer/Content/StarterContent/Particles/P_Fire.uasset" 354
"../../../Primer/Content/StarterContent/Blueprints/Blueprint_Effect_Fire.uasset" 355
"../../../Primer/Content/StarterContent/Audio/Smoke01_Cue.uasset" 356
"../../../Primer/Content/StarterContent/Particles/P_Smoke.uasset" 357
"../../../Primer/Content/StarterContent/Blueprints/Blueprint_Effect_Smoke.uasset" 358
"../../../Primer/Content/StarterContent/Audio/Fire_Sparks01_Cue.uasset" 359
"../../../Primer/Content/StarterContent/Textures/T_Spark_Core.uasset" 360
"../../../Primer/Content/StarterContent/Particles/Materials/M_Spark.uasset" 361
"../../../Primer/Content/StarterContent/Particles/P_Sparks.uasset" 362
"../../../Primer/Content/StarterContent/Blueprints/Blueprint_Effect_Sparks.uasset" 363
"../../../Primer/Content/StarterContent/Audio/Steam01_Cue.uasset" 364
"../../../Primer/Content/StarterContent/Particles/P_Steam_Lit.uasset" 365
"../../../Primer/Content/StarterContent/Blueprints/Blueprint_Effect_Steam.uasset" 366
"../../../Primer/Content/StarterContent/Textures/T_Lamp_M.uasset" 367
"../../../Primer/Content/StarterContent/Textures/T_Lamp_N.uasset" 368
"../../../Primer/Content/StarterContent/Props/Materials/M_Lamp.uasset" 369
"../../../Primer/Content/StarterContent/Props/SM_Lamp_Ceiling.uasset" 370
"../../../Primer/Content/StarterContent/Blueprints/Blueprint_CeilingLight.uasset" 371
"../../../Primer/Content/StarterContent/Props/SM_Lamp_Wall.uasset" 372
"../../../Primer/Content/StarterContent/Blueprints/Blueprint_WallSconce.uasset" 373
"../../../Primer/Content/StarterContent/Maps/StarterMap_BuiltData.uasset" 374
"../../../Engine/Content/Functions/Engine_MaterialFunctions03/Procedurals/ComputeFilterWidth.uasset" 375
"../../../Engine/Content/EngineMaterials/AntiAliasedTextMaterialTranslucent.uasset" 376
"../../../Primer/Content/StarterContent/Textures/T_Brick_Clay_Beveled_D.uasset" 377
"../../../Primer/Content/StarterContent/Textures/T_Brick_Clay_Beveled_M.uasset" 378
"../../../Primer/Content/StarterContent/Textures/T_Brick_Clay_Beveled_N.uasset" 379
"../../../Primer/Content/StarterContent/Materials/M_Brick_Clay_Beveled.uasset" 380
"../../../Primer/Content/StarterContent/Textures/T_Brick_Clay_New_D.uasset" 381
"../../../Primer/Content/StarterContent/Textures/T_Brick_Clay_New_M.uasset" 382
"../../../Primer/Content/StarterContent/Textures/T_Brick_Clay_New_N.uasset" 383
"../../../Primer/Content/StarterContent/Materials/M_Brick_Clay_New.uasset" 384
"../../../Primer/Content/StarterContent/Textures/T_Brick_Clay_Old_D.uasset" 385
"../../../Primer/Content/StarterContent/Textures/T_Brick_Clay_Old_N.uasset" 386
"../../../Primer/Content/StarterContent/Textures/T_Perlin_Noise_M.uasset" 387
"../../../Primer/Content/StarterContent/Materials/M_Brick_Clay_Old.uasset" 388
"../../../Primer/Content/StarterContent/Textures/T_Brick_Cut_Stone_D.uasset" 389
"../../../Primer/Content/StarterContent/Textures/T_Brick_Cut_Stone_N.uasset" 390
"../../../Primer/Content/StarterContent/Materials/M_Brick_Cut_Stone.uasset" 391
"../../../Primer/Content/StarterContent/Textures/T_Brick_Hewn_Stone_D.uasset" 392
"../../../Primer/Content/StarterContent/Textures/T_Brick_Hewn_Stone_M.uasset" 393
"../../../Primer/Content/StarterContent/Textures/T_Brick_Hewn_Stone_N.uasset" 394
"../../../Primer/Content/StarterContent/Materials/M_Brick_Hewn_Stone.uasset" 395
"../../../Primer/Content/StarterContent/Textures/T_Ceramic_Tile_M.uasset" 396
"../../../Primer/Content/StarterContent/Textures/T_Ceramic_Tile_N.uasset" 397
"../../../Primer/Content/StarterContent/Textures/T_Rock_Marble_Polished_D.uasset" 398
"../../../Primer/Content/StarterContent/Materials/M_Ceramic_Tile_Checker.uasset" 399
"../../../Primer/Content/StarterContent/Textures/T_CobbleStone_Pebble_D.uasset" 400
"../../../Primer/Content/StarterContent/Textures/T_CobbleStone_Pebble_M.uasset" 401
"../../../Primer/Content/StarterContent/Textures/T_CobbleStone_Pebble_N.uasset" 402
"../../../Primer/Content/StarterContent/Materials/M_CobbleStone_Pebble.uasset" 403
"../../../Primer/Content/StarterContent/Textures/T_CobbleStone_Rough_D.uasset" 404
"../../../Primer/Content/StarterContent/Textures/T_CobbleStone_Rough_N.uasset" 405
"../../../Primer/Content/StarterContent/Textures/T_Gradinet_01.uasset" 406
"../../../Primer/Content/StarterContent/Textures/T_Rock_Smooth_Granite_D.uasset" 407
"../../../Primer/Content/StarterContent/Materials/M_CobbleStone_Rough.uasset" 408
"../../../Primer/Content/StarterContent/Textures/T_CobbleStone_Smooth_D.uasset" 409
"../../../Primer/Content/StarterContent/Textures/T_CobbleStone_Smooth_M.uasset" 410
"../../../Primer/Content/StarterContent/Textures/T_CobbleStone_Smooth_N.uasset" 411
"../../../Primer/Content/StarterContent/Materials/M_CobbleStone_Smooth.uasset" 412
"../../../Primer/Content/StarterContent/Textures/T_Concrete_Grime_D.uasset" 413
"../../../Primer/Content/StarterContent/Textures/T_Metal_Rust_N.uasset" 414
"../../../Primer/Content/StarterContent/Materials/M_Concrete_Grime.uasset" 415
"../../../Primer/Content/StarterContent/Textures/T_Concrete_Panels_D.uasset" 416
"../../../Primer/Content/StarterContent/Textures/T_Concrete_Panels_N.uasset" 417
"../../../Primer/Content/StarterContent/Materials/M_Concrete_Panels.uasset" 418
"../../../Primer/Content/StarterContent/Textures/T_Concrete_Poured_D.uasset" 419
"../../../Primer/Content/StarterContent/Textures/T_Concrete_Poured_N.uasset" 420
"../../../Primer/Content/StarterContent/Materials/M_Concrete_Poured.uasset" 421
"../../../Primer/Content/StarterContent/Textures/T_Concrete_Tiles_D.uasset" 422
"../../../Primer/Content/StarterContent/Textures/T_Concrete_Tiles_M.uasset" 423
"../../../Primer/Content/StarterContent/Textures/T_Concrete_Tiles_N.uasset" 424
"../../../Primer/Content/StarterContent/Textures/T_Concrete_Tiles_Variation_M.uasset" 425
"../../../Primer/Content/StarterContent/Materials/M_Concrete_Tiles.uasset" 426
"../../../Primer/Content/StarterContent/Textures/T_Ground_Grass_D.uasset" 427
"../../../Primer/Content/StarterContent/Textures/T_Ground_Grass_N.uasset" 428
"../../../Primer/Content/StarterContent/Materials/M_Ground_Grass.uasset" 429
"../../../Primer/Content/StarterContent/Textures/T_Ground_Gravel_D.uasset" 430
"../../../Primer/Content/StarterContent/Textures/T_Ground_Gravel_N.uasset" 431
"../../../Primer/Content/StarterContent/Materials/M_Ground_Gravel.uasset" 432
"../../../Primer/Content/StarterContent/Textures/T_ground_Moss_D.uasset" 433
"../../../Primer/Content/StarterContent/Textures/T_Ground_Moss_N.uasset" 434
"../../../Primer/Content/StarterContent/Materials/M_Ground_Moss.uasset" 435
"../../../Primer/Content/StarterContent/Materials/M_Metal_Chrome.uasset" 436
"../../../Primer/Content/StarterContent/Textures/T_Metal_Gold_D.uasset" 437
"../../../Primer/Content/StarterContent/Materials/M_Metal_Gold.uasset" 438
"../../../Primer/Content/StarterContent/Textures/T_Metal_Rust_D.uasset" 439
"../../../Primer/Content/StarterContent/Materials/M_Metal_Rust.uasset" 440
"../../../Primer/Content/StarterContent/Textures/T_Metal_Steel_D.uasset" 441
"../../../Primer/Content/StarterContent/Textures/T_Metal_Steel_N.uasset" 442
"../../../Primer/Content/StarterContent/Materials/M_Metal_Steel.uasset" 443
"../../../Primer/Content/StarterContent/Textures/T_Rock_Basalt_N.uasset" 444
"../../../Primer/Content/StarterContent/Materials/M_Rock_Basalt.uasset" 445
"../../../Primer/Content/StarterContent/Materials/M_Rock_Marble_Polished.uasset" 446
"../../../Primer/Content/StarterContent/Textures/T_Rock_Sandstone_D.uasset" 447
"../../../Primer/Content/StarterContent/Textures/T_Rock_Sandstone_N.uasset" 448
"../../../Primer/Content/StarterContent/Materials/M_Rock_Sandstone.uasset" 449
"../../../Primer/Content/StarterContent/Textures/T_Rock_Slate_D.uasset" 450
"../../../Primer/Content/StarterContent/Textures/T_Rock_Slate_N.uasset" 451
"../../../Primer/Content/StarterContent/Materials/M_Rock_Slate.uasset" 452
"../../../Primer/Content/StarterContent/Textures/T_Checker_Noise_M.uasset" 453
"../../../Primer/Content/StarterContent/Textures/T_Single_Tile_N.uasset" 454
"../../../Primer/Content/StarterContent/Textures/T_Tech_Dot_M.uasset" 455
"../../../Primer/Content/StarterContent/Textures/T_Tech_Dot_N.uasset" 456
"../../../Primer/Content/StarterContent/Materials/M_Tech_Checker_Dot.uasset" 457
"../../../Primer/Content/StarterContent/Textures/T_Tech_Hex_Tile_M.uasset" 458
"../../../Primer/Content/StarterContent/Textures/T_Tech_Hex_Tile_N.uasset" 459
"../../../Primer/Content/StarterContent/Materials/M_Tech_Hex_Tile.uasset" 460
"../../../Primer/Content/StarterContent/Materials/M_Tech_Hex_Tile_Pulse.uasset" 461
"../../../Primer/Content/StarterContent/Textures/T_Tech_Panel_M.uasset" 462
"../../../Primer/Content/StarterContent/Textures/T_Tech_Panel_N.uasset" 463
"../../../Primer/Content/StarterContent/Materials/M_Tech_Panel.uasset" 464
"../../../Primer/Content/StarterContent/Materials/M_Water_Lake.uasset" 465
"../../../Primer/Content/StarterContent/Textures/T_Water_M.uasset" 466
"../../../Primer/Content/StarterContent/Materials/M_Water_Ocean.uasset" 467
"../../../Primer/Content/StarterContent/Textures/T_Wood_Floor_Walnut_D.uasset" 468
"../../../Primer/Content/StarterContent/Textures/T_Wood_Floor_Walnut_M.uasset" 469
"../../../Primer/Content/StarterContent/Textures/T_Wood_Floor_Walnut_N.uasset" 470
"../../../Primer/Content/StarterContent/Materials/M_Wood_Floor_Walnut_Polished.uasset" 471
"../../../Engine/Content/Functions/Engine_MaterialFunctions01/Opacity/AlphaOffset.uasset" 472
"../../../Primer/Content/StarterContent/Materials/M_Wood_Floor_Walnut_Worn.uasset" 473
"../../../Primer/Content/StarterContent/Textures/T_Wood_Oak_D.uasset" 474
"../../../Primer/Content/StarterContent/Textures/T_Wood_Oak_N.uasset" 475
"../../../Primer/Content/StarterContent/Materials/M_Wood_Oak.uasset" 476
"../../../Primer/Content/StarterContent/Textures/T_Wood_Pine_D.uasset" 477
"../../../Primer/Content/StarterContent/Textures/T_Wood_Pine_N.uasset" 478
"../../../Primer/Content/StarterContent/Materials/M_Wood_Pine.uasset" 479
"../../../Primer/Content/StarterContent/Textures/T_Wood_Walnut_D.uasset" 480
"../../../Primer/Content/StarterContent/Textures/T_Wood_Walnut_N.uasset" 481
"../../../Primer/Content/StarterContent/Materials/M_Wood_Walnut.uasset" 482
"../../../Primer/Content/StarterContent/Architecture/Wall_400x200.uasset" 483
"../../../Primer/Content/StarterContent/Architecture/Wall_Door_400x300.uasset" 484
"../../../Primer/Content/StarterContent/Architecture/Wall_Window_400x300.uasset" 485
"../../../Primer/Content/StarterContent/Audio/Collapse_Cue.uasset" 486
"../../../Primer/Content/StarterContent/Audio/Starter_Music_Cue.uasset" 487
"../../../Primer/Content/StarterContent/Textures/T_Dust_Particle_D.uasset" 488
"../../../Primer/Content/StarterContent/Particles/Materials/M_Dust_Particle.uasset" 489
"../../../Primer/Content/StarterContent/Particles/P_Ambient_Dust.uasset" 490
"../../../Primer/Content/StarterContent/Props/MaterialSphere.uasset" 491
"../../../Primer/Content/StarterContent/Textures/T_Frame_M.uasset" 492
"../../../Primer/Content/StarterContent/Textures/T_Frame_N.uasset" 493
"../../../Primer/Content/StarterContent/Props/Materials/M_Frame.uasset" 494
"../../../Primer/Content/StarterContent/Props/SM_CornerFrame.uasset" 495
"../../../Primer/Content/StarterContent/Props/SM_DoorFrame.uasset" 496
"../../../Primer/Content/StarterContent/Props/SM_GlassWindow.uasset" 497
"../../../Primer/Content/StarterContent/Props/SM_PillarFrame.uasset" 498
"../../../Primer/Content/StarterContent/Props/SM_PillarFrame300.uasset" 499
"../../../Primer/Content/StarterContent/Props/SM_WindowFrame.uasset" 500
"../../../Primer/Content/StarterContent/Shapes/Shape_Cube.uasset" 501
"../../../Primer/Content/StarterContent/Shapes/Shape_QuadPyramid.uasset" 502
"../../../Primer/Content/StarterContent/Shapes/Shape_Sphere.uasset" 503
"../../../Primer/Content/StarterContent/Maps/StarterMap.umap" 504
"../../../Primer/Content/GameFiles/3DAssets/SpikeMonster/SpikeMonster_Skeleton.uasset" 505
"../../../Primer/Content/GameFiles/3DAssets/SpikeMonster/SpikeMonster_Anim_Armature_Idle.uasset" 506
"../../../Primer/Content/GameFiles/3DAssets/SpikeMonster/SpikeMonster_Anim_Armature_Walk.uasset" 507
"../../../Primer/Content/GameFiles/3DAssets/SpikeMonster/3DAssetControl/SpikeMonsterBlend.uasset" 508
"../../../Primer/Content/GameFiles/3DAssets/SpikeMonster/3DAssetControl/SpikeMonsterAnimBp.uasset" 509
"../../../Primer/Content/GameFiles/3DAssets/SpikeMonster/Material.uasset" 510
"../../../Primer/Content/GameFiles/3DAssets/SpikeMonster/SpikeMonster_PhysicsAsset.uasset" 511
"../../../Primer/Content/GameFiles/3DAssets/SpikeMonster/SpikeMonster.uasset" 512
"../../../Primer/Content/GameFiles/Blueprints/Monsters/MonsterCharacter.uasset" 513
"../../../Engine/Content/EditorBlueprintResources/ActorMacros.uasset" 514
"../../../Primer/Content/GameFiles/3DAssets/Character_v5/char_w_tex_Anim_character_Idle.uasset" 515
"../../../Primer/Content/GameFiles/3DAssets/Character_v5/char_w_tex_Anim_character_RunBackward.uasset" 516
"../../../Primer/Content/GameFiles/3DAssets/Character_v5/char_w_tex_Anim_character_RunLeft.uasset" 517
"../../../Primer/Content/GameFiles/3DAssets/Character_v5/char_w_tex_Anim_character_RunRight.uasset" 518
"../../../Primer/Content/GameFiles/3DAssets/Character_v5/3DAssetControl/CharV5Blend.uasset" 519
"../../../Primer/Content/GameFiles/3DAssets/Character_v5/char_w_tex_Anim_character_Jump.uasset" 520
"../../../Primer/Content/GameFiles/3DAssets/Character_v5/char_w_tex_Anim_character_Run.uasset" 521
"../../../Primer/Content/GameFiles/3DAssets/Character_v5/3DAssetControl/CharV5JumpBlend.uasset" 522
"../../../Primer/Content/GameFiles/3DAssets/Character_v5/3DAssetControl/CharV5AnimBP.uasset" 523
"../../../Primer/Content/GameFiles/Blueprints/Hero/HeroController.uasset" 524
"../../../Primer/Content/GameFiles/3DAssets/Character_v3/boots2.uasset" 525
"../../../Primer/Content/GameFiles/3DAssets/Character_v3/boots.uasset" 526
"../../../Primer/Content/GameFiles/3DAssets/Character_v3/open.uasset" 527
"../../../Primer/Content/GameFiles/3DAssets/Character_v3/eyes.uasset" 528
"../../../Primer/Content/GameFiles/3DAssets/Character_v3/neutral.uasset" 529
"../../../Primer/Content/GameFiles/3DAssets/Character_v3/mouth.uasset" 530
"../../../Primer/Content/GameFiles/3DAssets/Character_v5/extras2.uasset" 531
"../../../Primer/Content/GameFiles/3DAssets/Character_v5/extras.uasset" 532
"../../../Primer/Content/GameFiles/3DAssets/Character_v5/hair2.uasset" 533
"../../../Primer/Content/GameFiles/3DAssets/Character_v5/hair.uasset" 534
"../../../Primer/Content/GameFiles/3DAssets/Character_v5/skin.uasset" 535
"../../../Primer/Content/GameFiles/3DAssets/Character_v5/limbs.uasset" 536
"../../../Primer/Content/GameFiles/3DAssets/Character_v5/kilt2.uasset" 537
"../../../Primer/Content/GameFiles/3DAssets/Character_v5/Material_001.uasset" 538
"../../../Primer/Content/GameFiles/3DAssets/Character_v5/char_w_tex.uasset" 539
"../../../Primer/Content/GameFiles/Blueprints/Hero/HeroCharacter.uasset" 540
"../../../Primer/Content/GameFiles/Blueprints/GameMode/TwinStickMode.uasset" 541
"../../../Primer/Content/GameFiles/Maps/BasicArena_BuiltData.uasset" 542
"../../../Primer/Content/GameFiles/Maps/BasicArena.umap" 543
"../../../Engine/Content/Maps/Entry.umap" 544
